2021-03-06 14:00:16,750 INFO org.apache.hadoop.hdfs.server.namenode.SecondaryNameNode: STARTUP_MSG: 
/************************************************************
STARTUP_MSG: Starting SecondaryNameNode
STARTUP_MSG:   host = 3d7293c86614/172.17.0.2
STARTUP_MSG:   args = []
STARTUP_MSG:   version = 3.2.0
STARTUP_MSG:   classpath = /opt/hadoop/etc/hadoop:/opt/hadoop/share/hadoop/common/lib/accessors-smart-1.2.jar:/opt/hadoop/share/hadoop/common/lib/asm-5.0.4.jar:/opt/hadoop/share/hadoop/common/lib/audience-annotations-0.5.0.jar:/opt/hadoop/share/hadoop/common/lib/avro-1.7.7.jar:/opt/hadoop/share/hadoop/common/lib/commons-beanutils-1.9.3.jar:/opt/hadoop/share/hadoop/common/lib/commons-cli-1.2.jar:/opt/hadoop/share/hadoop/common/lib/commons-codec-1.11.jar:/opt/hadoop/share/hadoop/common/lib/commons-collections-3.2.2.jar:/opt/hadoop/share/hadoop/common/lib/commons-compress-1.4.1.jar:/opt/hadoop/share/hadoop/common/lib/commons-configuration2-2.1.1.jar:/opt/hadoop/share/hadoop/common/lib/commons-io-2.5.jar:/opt/hadoop/share/hadoop/common/lib/commons-lang3-3.7.jar:/opt/hadoop/share/hadoop/common/lib/commons-logging-1.1.3.jar:/opt/hadoop/share/hadoop/common/lib/commons-math3-3.1.1.jar:/opt/hadoop/share/hadoop/common/lib/commons-net-3.6.jar:/opt/hadoop/share/hadoop/common/lib/commons-text-1.4.jar:/opt/hadoop/share/hadoop/common/lib/curator-client-2.12.0.jar:/opt/hadoop/share/hadoop/common/lib/curator-framework-2.12.0.jar:/opt/hadoop/share/hadoop/common/lib/curator-recipes-2.12.0.jar:/opt/hadoop/share/hadoop/common/lib/dnsjava-2.1.7.jar:/opt/hadoop/share/hadoop/common/lib/gson-2.2.4.jar:/opt/hadoop/share/hadoop/common/lib/guava-11.0.2.jar:/opt/hadoop/share/hadoop/common/lib/hadoop-annotations-3.2.0.jar:/opt/hadoop/share/hadoop/common/lib/hadoop-auth-3.2.0.jar:/opt/hadoop/share/hadoop/common/lib/htrace-core4-4.1.0-incubating.jar:/opt/hadoop/share/hadoop/common/lib/httpclient-4.5.2.jar:/opt/hadoop/share/hadoop/common/lib/httpcore-4.4.4.jar:/opt/hadoop/share/hadoop/common/lib/jackson-annotations-2.9.5.jar:/opt/hadoop/share/hadoop/common/lib/jackson-core-2.9.5.jar:/opt/hadoop/share/hadoop/common/lib/jackson-core-asl-1.9.13.jar:/opt/hadoop/share/hadoop/common/lib/jackson-databind-2.9.5.jar:/opt/hadoop/share/hadoop/common/lib/jackson-jaxrs-1.9.13.jar:/opt/hadoop/share/hadoop/common/lib/jackson-mapper-asl-1.9.13.jar:/opt/hadoop/share/hadoop/common/lib/jackson-xc-1.9.13.jar:/opt/hadoop/share/hadoop/common/lib/javax.servlet-api-3.1.0.jar:/opt/hadoop/share/hadoop/common/lib/jaxb-api-2.2.11.jar:/opt/hadoop/share/hadoop/common/lib/jaxb-impl-2.2.3-1.jar:/opt/hadoop/share/hadoop/common/lib/jcip-annotations-1.0-1.jar:/opt/hadoop/share/hadoop/common/lib/jersey-core-1.19.jar:/opt/hadoop/share/hadoop/common/lib/jersey-json-1.19.jar:/opt/hadoop/share/hadoop/common/lib/jersey-server-1.19.jar:/opt/hadoop/share/hadoop/common/lib/jersey-servlet-1.19.jar:/opt/hadoop/share/hadoop/common/lib/jettison-1.1.jar:/opt/hadoop/share/hadoop/common/lib/jetty-http-9.3.24.v20180605.jar:/opt/hadoop/share/hadoop/common/lib/jetty-io-9.3.24.v20180605.jar:/opt/hadoop/share/hadoop/common/lib/jetty-security-9.3.24.v20180605.jar:/opt/hadoop/share/hadoop/common/lib/jetty-server-9.3.24.v20180605.jar:/opt/hadoop/share/hadoop/common/lib/jetty-servlet-9.3.24.v20180605.jar:/opt/hadoop/share/hadoop/common/lib/jetty-util-9.3.24.v20180605.jar:/opt/hadoop/share/hadoop/common/lib/jetty-webapp-9.3.24.v20180605.jar:/opt/hadoop/share/hadoop/common/lib/jetty-xml-9.3.24.v20180605.jar:/opt/hadoop/share/hadoop/common/lib/jsch-0.1.54.jar:/opt/hadoop/share/hadoop/common/lib/json-smart-2.3.jar:/opt/hadoop/share/hadoop/common/lib/jsp-api-2.1.jar:/opt/hadoop/share/hadoop/common/lib/jsr305-3.0.0.jar:/opt/hadoop/share/hadoop/common/lib/jsr311-api-1.1.1.jar:/opt/hadoop/share/hadoop/common/lib/kerb-admin-1.0.1.jar:/opt/hadoop/share/hadoop/common/lib/kerb-client-1.0.1.jar:/opt/hadoop/share/hadoop/common/lib/kerb-common-1.0.1.jar:/opt/hadoop/share/hadoop/common/lib/kerb-core-1.0.1.jar:/opt/hadoop/share/hadoop/common/lib/kerb-crypto-1.0.1.jar:/opt/hadoop/share/hadoop/common/lib/kerb-identity-1.0.1.jar:/opt/hadoop/share/hadoop/common/lib/kerb-server-1.0.1.jar:/opt/hadoop/share/hadoop/common/lib/kerb-simplekdc-1.0.1.jar:/opt/hadoop/share/hadoop/common/lib/kerb-util-1.0.1.jar:/opt/hadoop/share/hadoop/common/lib/kerby-asn1-1.0.1.jar:/opt/hadoop/share/hadoop/common/lib/kerby-config-1.0.1.jar:/opt/hadoop/share/hadoop/common/lib/kerby-pkix-1.0.1.jar:/opt/hadoop/share/hadoop/common/lib/kerby-util-1.0.1.jar:/opt/hadoop/share/hadoop/common/lib/kerby-xdr-1.0.1.jar:/opt/hadoop/share/hadoop/common/lib/log4j-1.2.17.jar:/opt/hadoop/share/hadoop/common/lib/netty-3.10.5.Final.jar:/opt/hadoop/share/hadoop/common/lib/nimbus-jose-jwt-4.41.1.jar:/opt/hadoop/share/hadoop/common/lib/paranamer-2.3.jar:/opt/hadoop/share/hadoop/common/lib/protobuf-java-2.5.0.jar:/opt/hadoop/share/hadoop/common/lib/re2j-1.1.jar:/opt/hadoop/share/hadoop/common/lib/slf4j-api-1.7.25.jar:/opt/hadoop/share/hadoop/common/lib/slf4j-log4j12-1.7.25.jar:/opt/hadoop/share/hadoop/common/lib/snappy-java-1.0.5.jar:/opt/hadoop/share/hadoop/common/lib/stax2-api-3.1.4.jar:/opt/hadoop/share/hadoop/common/lib/token-provider-1.0.1.jar:/opt/hadoop/share/hadoop/common/lib/woodstox-core-5.0.3.jar:/opt/hadoop/share/hadoop/common/lib/xz-1.0.jar:/opt/hadoop/share/hadoop/common/lib/zookeeper-3.4.13.jar:/opt/hadoop/share/hadoop/common/lib/jul-to-slf4j-1.7.25.jar:/opt/hadoop/share/hadoop/common/lib/metrics-core-3.2.4.jar:/opt/hadoop/share/hadoop/common/hadoop-common-3.2.0.jar:/opt/hadoop/share/hadoop/common/hadoop-common-3.2.0-tests.jar:/opt/hadoop/share/hadoop/common/hadoop-nfs-3.2.0.jar:/opt/hadoop/share/hadoop/common/hadoop-kms-3.2.0.jar:/opt/hadoop/share/hadoop/hdfs:/opt/hadoop/share/hadoop/hdfs/lib/commons-daemon-1.0.13.jar:/opt/hadoop/share/hadoop/hdfs/lib/jetty-util-ajax-9.3.24.v20180605.jar:/opt/hadoop/share/hadoop/hdfs/lib/leveldbjni-all-1.8.jar:/opt/hadoop/share/hadoop/hdfs/lib/netty-all-4.0.52.Final.jar:/opt/hadoop/share/hadoop/hdfs/lib/okhttp-2.7.5.jar:/opt/hadoop/share/hadoop/hdfs/lib/okio-1.6.0.jar:/opt/hadoop/share/hadoop/hdfs/lib/hadoop-auth-3.2.0.jar:/opt/hadoop/share/hadoop/hdfs/lib/commons-codec-1.11.jar:/opt/hadoop/share/hadoop/hdfs/lib/log4j-1.2.17.jar:/opt/hadoop/share/hadoop/hdfs/lib/httpclient-4.5.2.jar:/opt/hadoop/share/hadoop/hdfs/lib/httpcore-4.4.4.jar:/opt/hadoop/share/hadoop/hdfs/lib/commons-logging-1.1.3.jar:/opt/hadoop/share/hadoop/hdfs/lib/nimbus-jose-jwt-4.41.1.jar:/opt/hadoop/share/hadoop/hdfs/lib/jcip-annotations-1.0-1.jar:/opt/hadoop/share/hadoop/hdfs/lib/json-smart-2.3.jar:/opt/hadoop/share/hadoop/hdfs/lib/accessors-smart-1.2.jar:/opt/hadoop/share/hadoop/hdfs/lib/asm-5.0.4.jar:/opt/hadoop/share/hadoop/hdfs/lib/zookeeper-3.4.13.jar:/opt/hadoop/share/hadoop/hdfs/lib/audience-annotations-0.5.0.jar:/opt/hadoop/share/hadoop/hdfs/lib/netty-3.10.5.Final.jar:/opt/hadoop/share/hadoop/hdfs/lib/curator-framework-2.12.0.jar:/opt/hadoop/share/hadoop/hdfs/lib/curator-client-2.12.0.jar:/opt/hadoop/share/hadoop/hdfs/lib/guava-11.0.2.jar:/opt/hadoop/share/hadoop/hdfs/lib/jsr305-3.0.0.jar:/opt/hadoop/share/hadoop/hdfs/lib/kerb-simplekdc-1.0.1.jar:/opt/hadoop/share/hadoop/hdfs/lib/kerb-client-1.0.1.jar:/opt/hadoop/share/hadoop/hdfs/lib/kerby-config-1.0.1.jar:/opt/hadoop/share/hadoop/hdfs/lib/kerb-core-1.0.1.jar:/opt/hadoop/share/hadoop/hdfs/lib/kerby-pkix-1.0.1.jar:/opt/hadoop/share/hadoop/hdfs/lib/kerby-asn1-1.0.1.jar:/opt/hadoop/share/hadoop/hdfs/lib/kerby-util-1.0.1.jar:/opt/hadoop/share/hadoop/hdfs/lib/kerb-common-1.0.1.jar:/opt/hadoop/share/hadoop/hdfs/lib/kerb-crypto-1.0.1.jar:/opt/hadoop/share/hadoop/hdfs/lib/commons-io-2.5.jar:/opt/hadoop/share/hadoop/hdfs/lib/kerb-util-1.0.1.jar:/opt/hadoop/share/hadoop/hdfs/lib/token-provider-1.0.1.jar:/opt/hadoop/share/hadoop/hdfs/lib/kerb-admin-1.0.1.jar:/opt/hadoop/share/hadoop/hdfs/lib/kerb-server-1.0.1.jar:/opt/hadoop/share/hadoop/hdfs/lib/kerb-identity-1.0.1.jar:/opt/hadoop/share/hadoop/hdfs/lib/kerby-xdr-1.0.1.jar:/opt/hadoop/share/hadoop/hdfs/lib/jersey-core-1.19.jar:/opt/hadoop/share/hadoop/hdfs/lib/jsr311-api-1.1.1.jar:/opt/hadoop/share/hadoop/hdfs/lib/jersey-server-1.19.jar:/opt/hadoop/share/hadoop/hdfs/lib/javax.servlet-api-3.1.0.jar:/opt/hadoop/share/hadoop/hdfs/lib/json-simple-1.1.1.jar:/opt/hadoop/share/hadoop/hdfs/lib/jetty-server-9.3.24.v20180605.jar:/opt/hadoop/share/hadoop/hdfs/lib/jetty-http-9.3.24.v20180605.jar:/opt/hadoop/share/hadoop/hdfs/lib/jetty-util-9.3.24.v20180605.jar:/opt/hadoop/share/hadoop/hdfs/lib/jetty-io-9.3.24.v20180605.jar:/opt/hadoop/share/hadoop/hdfs/lib/jetty-webapp-9.3.24.v20180605.jar:/opt/hadoop/share/hadoop/hdfs/lib/jetty-xml-9.3.24.v20180605.jar:/opt/hadoop/share/hadoop/hdfs/lib/jetty-servlet-9.3.24.v20180605.jar:/opt/hadoop/share/hadoop/hdfs/lib/jetty-security-9.3.24.v20180605.jar:/opt/hadoop/share/hadoop/hdfs/lib/hadoop-annotations-3.2.0.jar:/opt/hadoop/share/hadoop/hdfs/lib/commons-cli-1.2.jar:/opt/hadoop/share/hadoop/hdfs/lib/commons-math3-3.1.1.jar:/opt/hadoop/share/hadoop/hdfs/lib/commons-net-3.6.jar:/opt/hadoop/share/hadoop/hdfs/lib/commons-collections-3.2.2.jar:/opt/hadoop/share/hadoop/hdfs/lib/jersey-servlet-1.19.jar:/opt/hadoop/share/hadoop/hdfs/lib/jersey-json-1.19.jar:/opt/hadoop/share/hadoop/hdfs/lib/jettison-1.1.jar:/opt/hadoop/share/hadoop/hdfs/lib/jaxb-impl-2.2.3-1.jar:/opt/hadoop/share/hadoop/hdfs/lib/jaxb-api-2.2.11.jar:/opt/hadoop/share/hadoop/hdfs/lib/jackson-core-asl-1.9.13.jar:/opt/hadoop/share/hadoop/hdfs/lib/jackson-mapper-asl-1.9.13.jar:/opt/hadoop/share/hadoop/hdfs/lib/jackson-jaxrs-1.9.13.jar:/opt/hadoop/share/hadoop/hdfs/lib/jackson-xc-1.9.13.jar:/opt/hadoop/share/hadoop/hdfs/lib/commons-beanutils-1.9.3.jar:/opt/hadoop/share/hadoop/hdfs/lib/commons-configuration2-2.1.1.jar:/opt/hadoop/share/hadoop/hdfs/lib/commons-lang3-3.7.jar:/opt/hadoop/share/hadoop/hdfs/lib/commons-text-1.4.jar:/opt/hadoop/share/hadoop/hdfs/lib/avro-1.7.7.jar:/opt/hadoop/share/hadoop/hdfs/lib/paranamer-2.3.jar:/opt/hadoop/share/hadoop/hdfs/lib/snappy-java-1.0.5.jar:/opt/hadoop/share/hadoop/hdfs/lib/commons-compress-1.4.1.jar:/opt/hadoop/share/hadoop/hdfs/lib/xz-1.0.jar:/opt/hadoop/share/hadoop/hdfs/lib/re2j-1.1.jar:/opt/hadoop/share/hadoop/hdfs/lib/protobuf-java-2.5.0.jar:/opt/hadoop/share/hadoop/hdfs/lib/gson-2.2.4.jar:/opt/hadoop/share/hadoop/hdfs/lib/jsch-0.1.54.jar:/opt/hadoop/share/hadoop/hdfs/lib/curator-recipes-2.12.0.jar:/opt/hadoop/share/hadoop/hdfs/lib/htrace-core4-4.1.0-incubating.jar:/opt/hadoop/share/hadoop/hdfs/lib/jackson-databind-2.9.5.jar:/opt/hadoop/share/hadoop/hdfs/lib/jackson-annotations-2.9.5.jar:/opt/hadoop/share/hadoop/hdfs/lib/jackson-core-2.9.5.jar:/opt/hadoop/share/hadoop/hdfs/lib/stax2-api-3.1.4.jar:/opt/hadoop/share/hadoop/hdfs/lib/woodstox-core-5.0.3.jar:/opt/hadoop/share/hadoop/hdfs/lib/dnsjava-2.1.7.jar:/opt/hadoop/share/hadoop/hdfs/hadoop-hdfs-3.2.0.jar:/opt/hadoop/share/hadoop/hdfs/hadoop-hdfs-3.2.0-tests.jar:/opt/hadoop/share/hadoop/hdfs/hadoop-hdfs-nfs-3.2.0.jar:/opt/hadoop/share/hadoop/hdfs/hadoop-hdfs-client-3.2.0.jar:/opt/hadoop/share/hadoop/hdfs/hadoop-hdfs-client-3.2.0-tests.jar:/opt/hadoop/share/hadoop/hdfs/hadoop-hdfs-native-client-3.2.0.jar:/opt/hadoop/share/hadoop/hdfs/hadoop-hdfs-native-client-3.2.0-tests.jar:/opt/hadoop/share/hadoop/hdfs/hadoop-hdfs-rbf-3.2.0.jar:/opt/hadoop/share/hadoop/hdfs/hadoop-hdfs-rbf-3.2.0-tests.jar:/opt/hadoop/share/hadoop/hdfs/hadoop-hdfs-httpfs-3.2.0.jar:/opt/hadoop/share/hadoop/mapreduce/lib/hamcrest-core-1.3.jar:/opt/hadoop/share/hadoop/mapreduce/lib/junit-4.11.jar:/opt/hadoop/share/hadoop/mapreduce/hadoop-mapreduce-client-app-3.2.0.jar:/opt/hadoop/share/hadoop/mapreduce/hadoop-mapreduce-client-common-3.2.0.jar:/opt/hadoop/share/hadoop/mapreduce/hadoop-mapreduce-client-core-3.2.0.jar:/opt/hadoop/share/hadoop/mapreduce/hadoop-mapreduce-client-hs-3.2.0.jar:/opt/hadoop/share/hadoop/mapreduce/hadoop-mapreduce-client-hs-plugins-3.2.0.jar:/opt/hadoop/share/hadoop/mapreduce/hadoop-mapreduce-client-jobclient-3.2.0.jar:/opt/hadoop/share/hadoop/mapreduce/hadoop-mapreduce-client-jobclient-3.2.0-tests.jar:/opt/hadoop/share/hadoop/mapreduce/hadoop-mapreduce-client-nativetask-3.2.0.jar:/opt/hadoop/share/hadoop/mapreduce/hadoop-mapreduce-client-shuffle-3.2.0.jar:/opt/hadoop/share/hadoop/mapreduce/hadoop-mapreduce-client-uploader-3.2.0.jar:/opt/hadoop/share/hadoop/mapreduce/hadoop-mapreduce-examples-3.2.0.jar:/opt/hadoop/share/hadoop/yarn/lib/aopalliance-1.0.jar:/opt/hadoop/share/hadoop/yarn/lib/ehcache-3.3.1.jar:/opt/hadoop/share/hadoop/yarn/lib/fst-2.50.jar:/opt/hadoop/share/hadoop/yarn/lib/geronimo-jcache_1.0_spec-1.0-alpha-1.jar:/opt/hadoop/share/hadoop/yarn/lib/guice-4.0.jar:/opt/hadoop/share/hadoop/yarn/lib/guice-servlet-4.0.jar:/opt/hadoop/share/hadoop/yarn/lib/HikariCP-java7-2.4.12.jar:/opt/hadoop/share/hadoop/yarn/lib/jackson-jaxrs-base-2.9.5.jar:/opt/hadoop/share/hadoop/yarn/lib/jackson-jaxrs-json-provider-2.9.5.jar:/opt/hadoop/share/hadoop/yarn/lib/jackson-module-jaxb-annotations-2.9.5.jar:/opt/hadoop/share/hadoop/yarn/lib/java-util-1.9.0.jar:/opt/hadoop/share/hadoop/yarn/lib/javax.inject-1.jar:/opt/hadoop/share/hadoop/yarn/lib/jersey-client-1.19.jar:/opt/hadoop/share/hadoop/yarn/lib/jersey-guice-1.19.jar:/opt/hadoop/share/hadoop/yarn/lib/json-io-2.5.1.jar:/opt/hadoop/share/hadoop/yarn/lib/metrics-core-3.2.4.jar:/opt/hadoop/share/hadoop/yarn/lib/mssql-jdbc-6.2.1.jre7.jar:/opt/hadoop/share/hadoop/yarn/lib/objenesis-1.0.jar:/opt/hadoop/share/hadoop/yarn/lib/snakeyaml-1.16.jar:/opt/hadoop/share/hadoop/yarn/lib/swagger-annotations-1.5.4.jar:/opt/hadoop/share/hadoop/yarn/hadoop-yarn-api-3.2.0.jar:/opt/hadoop/share/hadoop/yarn/hadoop-yarn-applications-distributedshell-3.2.0.jar:/opt/hadoop/share/hadoop/yarn/hadoop-yarn-applications-unmanaged-am-launcher-3.2.0.jar:/opt/hadoop/share/hadoop/yarn/hadoop-yarn-client-3.2.0.jar:/opt/hadoop/share/hadoop/yarn/hadoop-yarn-common-3.2.0.jar:/opt/hadoop/share/hadoop/yarn/hadoop-yarn-registry-3.2.0.jar:/opt/hadoop/share/hadoop/yarn/hadoop-yarn-server-applicationhistoryservice-3.2.0.jar:/opt/hadoop/share/hadoop/yarn/hadoop-yarn-server-common-3.2.0.jar:/opt/hadoop/share/hadoop/yarn/hadoop-yarn-server-nodemanager-3.2.0.jar:/opt/hadoop/share/hadoop/yarn/hadoop-yarn-server-resourcemanager-3.2.0.jar:/opt/hadoop/share/hadoop/yarn/hadoop-yarn-server-router-3.2.0.jar:/opt/hadoop/share/hadoop/yarn/hadoop-yarn-server-sharedcachemanager-3.2.0.jar:/opt/hadoop/share/hadoop/yarn/hadoop-yarn-server-tests-3.2.0.jar:/opt/hadoop/share/hadoop/yarn/hadoop-yarn-server-timeline-pluginstorage-3.2.0.jar:/opt/hadoop/share/hadoop/yarn/hadoop-yarn-server-web-proxy-3.2.0.jar:/opt/hadoop/share/hadoop/yarn/hadoop-yarn-services-api-3.2.0.jar:/opt/hadoop/share/hadoop/yarn/hadoop-yarn-services-core-3.2.0.jar:/opt/hadoop/share/hadoop/yarn/hadoop-yarn-submarine-3.2.0.jar
STARTUP_MSG:   build = https://github.com/bentleyxia/hadoop.git -r f6c4e006cd1190e27fadbe0a38ce09782f45ca04; compiled by 'xialb' on 2021-03-06T12:48Z
STARTUP_MSG:   java = 1.8.0_282
************************************************************/
2021-03-06 14:00:16,756 INFO org.apache.hadoop.hdfs.server.namenode.SecondaryNameNode: registered UNIX signal handlers for [TERM, HUP, INT]
2021-03-06 14:00:16,948 INFO org.apache.hadoop.metrics2.impl.MetricsConfig: Loaded properties from hadoop-metrics2.properties
2021-03-06 14:00:16,992 INFO org.apache.hadoop.metrics2.impl.MetricsSystemImpl: Scheduled Metric snapshot period at 10 second(s).
2021-03-06 14:00:16,992 INFO org.apache.hadoop.metrics2.impl.MetricsSystemImpl: SecondaryNameNode metrics system started
2021-03-06 14:00:17,188 INFO org.apache.hadoop.hdfs.server.namenode.FSEditLog: Edit logging is async:true
2021-03-06 14:00:17,196 INFO org.apache.hadoop.hdfs.server.common.Storage: Lock on /tmp/hadoop-xialb/dfs/namesecondary/in_use.lock acquired by nodename 355798@3d7293c86614
2021-03-06 14:00:17,202 INFO org.apache.hadoop.hdfs.server.namenode.FSNamesystem: KeyProvider: null
2021-03-06 14:00:17,203 INFO org.apache.hadoop.hdfs.server.namenode.FSNamesystem: fsLock is fair: true
2021-03-06 14:00:17,204 INFO org.apache.hadoop.hdfs.server.namenode.FSNamesystem: Detailed lock hold time metrics enabled: false
2021-03-06 14:00:17,204 INFO org.apache.hadoop.hdfs.server.namenode.FSNamesystem: fsOwner             = xialb (auth:SIMPLE)
2021-03-06 14:00:17,204 INFO org.apache.hadoop.hdfs.server.namenode.FSNamesystem: supergroup          = supergroup
2021-03-06 14:00:17,204 INFO org.apache.hadoop.hdfs.server.namenode.FSNamesystem: isPermissionEnabled = true
2021-03-06 14:00:17,204 INFO org.apache.hadoop.hdfs.server.namenode.FSNamesystem: HA Enabled: false
2021-03-06 14:00:17,224 INFO org.apache.hadoop.hdfs.server.common.Util: dfs.datanode.fileio.profiling.sampling.percentage set to 0. Disabling file IO profiling
2021-03-06 14:00:17,231 INFO org.apache.hadoop.hdfs.server.blockmanagement.DatanodeManager: dfs.block.invalidate.limit: configured=1000, counted=60, effected=1000
2021-03-06 14:00:17,231 INFO org.apache.hadoop.hdfs.server.blockmanagement.DatanodeManager: dfs.namenode.datanode.registration.ip-hostname-check=true
2021-03-06 14:00:17,233 INFO org.apache.hadoop.hdfs.server.blockmanagement.BlockManager: dfs.namenode.startup.delay.block.deletion.sec is set to 000:00:00:00.000
2021-03-06 14:00:17,233 INFO org.apache.hadoop.hdfs.server.blockmanagement.BlockManager: The block deletion will start around 2021 Mar 06 14:00:17
2021-03-06 14:00:17,234 INFO org.apache.hadoop.util.GSet: Computing capacity for map BlocksMap
2021-03-06 14:00:17,234 INFO org.apache.hadoop.util.GSet: VM type       = 64-bit
2021-03-06 14:00:17,235 INFO org.apache.hadoop.util.GSet: 2.0% max memory 6.9 GB = 142.0 MB
2021-03-06 14:00:17,235 INFO org.apache.hadoop.util.GSet: capacity      = 2^24 = 16777216 entries
2021-03-06 14:00:17,253 INFO org.apache.hadoop.hdfs.server.blockmanagement.BlockManager: Storage policy satisfier is disabled
2021-03-06 14:00:17,253 INFO org.apache.hadoop.hdfs.server.blockmanagement.BlockManager: dfs.block.access.token.enable = false
2021-03-06 14:00:17,256 INFO org.apache.hadoop.conf.Configuration.deprecation: No unit for dfs.namenode.safemode.extension(30000) assuming MILLISECONDS
2021-03-06 14:00:17,257 INFO org.apache.hadoop.hdfs.server.blockmanagement.BlockManagerSafeMode: dfs.namenode.safemode.threshold-pct = 0.9990000128746033
2021-03-06 14:00:17,257 INFO org.apache.hadoop.hdfs.server.blockmanagement.BlockManagerSafeMode: dfs.namenode.safemode.min.datanodes = 0
2021-03-06 14:00:17,257 INFO org.apache.hadoop.hdfs.server.blockmanagement.BlockManagerSafeMode: dfs.namenode.safemode.extension = 30000
2021-03-06 14:00:17,257 INFO org.apache.hadoop.hdfs.server.blockmanagement.BlockManager: defaultReplication         = 1
2021-03-06 14:00:17,257 INFO org.apache.hadoop.hdfs.server.blockmanagement.BlockManager: maxReplication             = 512
2021-03-06 14:00:17,257 INFO org.apache.hadoop.hdfs.server.blockmanagement.BlockManager: minReplication             = 1
2021-03-06 14:00:17,257 INFO org.apache.hadoop.hdfs.server.blockmanagement.BlockManager: maxReplicationStreams      = 2
2021-03-06 14:00:17,257 INFO org.apache.hadoop.hdfs.server.blockmanagement.BlockManager: redundancyRecheckInterval  = 3000ms
2021-03-06 14:00:17,257 INFO org.apache.hadoop.hdfs.server.blockmanagement.BlockManager: encryptDataTransfer        = false
2021-03-06 14:00:17,257 INFO org.apache.hadoop.hdfs.server.blockmanagement.BlockManager: maxNumBlocksToLog          = 1000
2021-03-06 14:00:17,277 INFO org.apache.hadoop.hdfs.server.namenode.FSDirectory: GLOBAL serial map: bits=29 maxEntries=536870911
2021-03-06 14:00:17,277 INFO org.apache.hadoop.hdfs.server.namenode.FSDirectory: USER serial map: bits=24 maxEntries=16777215
2021-03-06 14:00:17,278 INFO org.apache.hadoop.hdfs.server.namenode.FSDirectory: GROUP serial map: bits=24 maxEntries=16777215
2021-03-06 14:00:17,278 INFO org.apache.hadoop.hdfs.server.namenode.FSDirectory: XATTR serial map: bits=24 maxEntries=16777215
2021-03-06 14:00:17,323 INFO org.apache.hadoop.util.GSet: Computing capacity for map INodeMap
2021-03-06 14:00:17,323 INFO org.apache.hadoop.util.GSet: VM type       = 64-bit
2021-03-06 14:00:17,324 INFO org.apache.hadoop.util.GSet: 1.0% max memory 6.9 GB = 71.0 MB
2021-03-06 14:00:17,324 INFO org.apache.hadoop.util.GSet: capacity      = 2^23 = 8388608 entries
2021-03-06 14:00:17,327 INFO org.apache.hadoop.hdfs.server.namenode.FSDirectory: ACLs enabled? false
2021-03-06 14:00:17,327 INFO org.apache.hadoop.hdfs.server.namenode.FSDirectory: POSIX ACL inheritance enabled? true
2021-03-06 14:00:17,327 INFO org.apache.hadoop.hdfs.server.namenode.FSDirectory: XAttrs enabled? true
2021-03-06 14:00:17,327 INFO org.apache.hadoop.hdfs.server.namenode.NameNode: Caching file names occurring more than 10 times
2021-03-06 14:00:17,330 INFO org.apache.hadoop.hdfs.server.namenode.snapshot.SnapshotManager: Loaded config captureOpenFiles: false, skipCaptureAccessTimeOnlyChange: false, snapshotDiffAllowSnapRootDescendant: true, maxSnapshotLimit: 65536
2021-03-06 14:00:17,331 INFO org.apache.hadoop.hdfs.server.namenode.snapshot.SnapshotManager: SkipList is disabled
2021-03-06 14:00:17,333 INFO org.apache.hadoop.util.GSet: Computing capacity for map cachedBlocks
2021-03-06 14:00:17,333 INFO org.apache.hadoop.util.GSet: VM type       = 64-bit
2021-03-06 14:00:17,334 INFO org.apache.hadoop.util.GSet: 0.25% max memory 6.9 GB = 17.8 MB
2021-03-06 14:00:17,334 INFO org.apache.hadoop.util.GSet: capacity      = 2^21 = 2097152 entries
2021-03-06 14:00:17,338 INFO org.apache.hadoop.hdfs.server.namenode.top.metrics.TopMetrics: NNTop conf: dfs.namenode.top.window.num.buckets = 10
2021-03-06 14:00:17,338 INFO org.apache.hadoop.hdfs.server.namenode.top.metrics.TopMetrics: NNTop conf: dfs.namenode.top.num.users = 10
2021-03-06 14:00:17,338 INFO org.apache.hadoop.hdfs.server.namenode.top.metrics.TopMetrics: NNTop conf: dfs.namenode.top.windows.minutes = 1,5,25
2021-03-06 14:00:17,343 INFO org.apache.hadoop.hdfs.server.namenode.SecondaryNameNode: Checkpoint Period   :3600 secs (60 min)
2021-03-06 14:00:17,343 INFO org.apache.hadoop.hdfs.server.namenode.SecondaryNameNode: Log Size Trigger    :1000000 txns
2021-03-06 14:00:17,345 INFO org.apache.hadoop.hdfs.DFSUtil: Starting Web-server for secondary at: http://0.0.0.0:9868
2021-03-06 14:00:17,356 INFO org.eclipse.jetty.util.log: Logging initialized @851ms
2021-03-06 14:00:17,397 INFO org.apache.hadoop.security.authentication.server.AuthenticationFilter: Unable to initialize FileSignerSecretProvider, falling back to use random secrets.
2021-03-06 14:00:17,399 INFO org.apache.hadoop.http.HttpRequestLog: Http request log for http.requests.secondary is not defined
2021-03-06 14:00:17,402 INFO org.apache.hadoop.http.HttpServer2: Added global filter 'safety' (class=org.apache.hadoop.http.HttpServer2$QuotingInputFilter)
2021-03-06 14:00:17,403 INFO org.apache.hadoop.http.HttpServer2: Added filter static_user_filter (class=org.apache.hadoop.http.lib.StaticUserWebFilter$StaticUserFilter) to context secondary
2021-03-06 14:00:17,403 INFO org.apache.hadoop.http.HttpServer2: Added filter static_user_filter (class=org.apache.hadoop.http.lib.StaticUserWebFilter$StaticUserFilter) to context static
2021-03-06 14:00:17,403 INFO org.apache.hadoop.http.HttpServer2: Added filter static_user_filter (class=org.apache.hadoop.http.lib.StaticUserWebFilter$StaticUserFilter) to context logs
2021-03-06 14:00:17,414 INFO org.apache.hadoop.http.HttpServer2: Jetty bound to port 9868
2021-03-06 14:00:17,415 INFO org.eclipse.jetty.server.Server: jetty-9.3.24.v20180605, build timestamp: 2018-06-05T17:11:56Z, git hash: 84205aa28f11a4f31f2a3b86d1bba2cc8ab69827
2021-03-06 14:00:17,429 INFO org.eclipse.jetty.server.handler.ContextHandler: Started o.e.j.s.ServletContextHandler@7ae42ce3{/logs,file:///opt/hadoop/logs/,AVAILABLE}
2021-03-06 14:00:17,429 INFO org.eclipse.jetty.server.handler.ContextHandler: Started o.e.j.s.ServletContextHandler@484094a5{/static,file:///opt/hadoop/share/hadoop/hdfs/webapps/static/,AVAILABLE}
2021-03-06 14:00:17,458 INFO org.eclipse.jetty.server.handler.ContextHandler: Started o.e.j.w.WebAppContext@2b4c1d96{/,file:///opt/hadoop/share/hadoop/hdfs/webapps/secondary/,AVAILABLE}{/secondary}
2021-03-06 14:00:17,461 INFO org.eclipse.jetty.server.AbstractConnector: Started ServerConnector@74eb909f{HTTP/1.1,[http/1.1]}{0.0.0.0:9868}
2021-03-06 14:00:17,461 INFO org.eclipse.jetty.server.Server: Started @956ms
2021-03-06 14:00:17,461 INFO org.apache.hadoop.hdfs.server.namenode.SecondaryNameNode: Web server init done
2021-03-06 14:01:17,583 INFO org.apache.hadoop.hdfs.server.namenode.SecondaryNameNode: Image has changed. Downloading updated image from NN.
2021-03-06 14:01:17,585 INFO org.apache.hadoop.hdfs.server.namenode.TransferFsImage: Opening connection to http://localhost:9870/imagetransfer?getimage=1&txid=0&storageInfo=-65:1041693097:1615038969577:CID-8258497d-f43f-449d-b0f3-70fa981ede1d&bootstrapstandby=false
2021-03-06 14:01:17,629 INFO org.apache.hadoop.hdfs.server.common.Util: Combined time for file download and fsync to all disks took 0.00s. The file download took 0.00s at 0.00 KB/s. Synchronous (fsync) write to disk of /tmp/hadoop-xialb/dfs/namesecondary/current/fsimage.ckpt_0000000000000000000 took 0.00s.
2021-03-06 14:01:17,629 INFO org.apache.hadoop.hdfs.server.namenode.TransferFsImage: Downloaded file fsimage.ckpt_0000000000000000000 size 400 bytes.
2021-03-06 14:01:17,632 INFO org.apache.hadoop.hdfs.server.namenode.TransferFsImage: Opening connection to http://localhost:9870/imagetransfer?getedit=1&startTxId=1&endTxId=2&storageInfo=-65:1041693097:1615038969577:CID-8258497d-f43f-449d-b0f3-70fa981ede1d
2021-03-06 14:01:17,634 INFO org.apache.hadoop.hdfs.server.common.Util: Combined time for file download and fsync to all disks took 0.00s. The file download took 0.00s at 0.00 KB/s. Synchronous (fsync) write to disk of /tmp/hadoop-xialb/dfs/namesecondary/current/edits_tmp_0000000000000000001-0000000000000000002_0000000000090341584 took 0.00s.
2021-03-06 14:01:17,634 INFO org.apache.hadoop.hdfs.server.namenode.TransferFsImage: Downloaded file edits_tmp_0000000000000000001-0000000000000000002_0000000000090341584 size 0 bytes.
2021-03-06 14:01:17,691 INFO org.apache.hadoop.hdfs.server.namenode.FSImageFormatPBINode: Loading 1 INodes.
2021-03-06 14:01:17,705 INFO org.apache.hadoop.hdfs.server.namenode.FSImageFormatProtobuf: Loaded FSImage in 0 seconds.
2021-03-06 14:01:17,705 INFO org.apache.hadoop.hdfs.server.namenode.FSImage: Loaded image for txid 0 from /tmp/hadoop-xialb/dfs/namesecondary/current/fsimage_0000000000000000000
2021-03-06 14:01:17,705 INFO org.apache.hadoop.hdfs.server.namenode.NameCache: initialized with 0 entries 0 lookups
2021-03-06 14:01:17,708 INFO org.apache.hadoop.hdfs.server.namenode.Checkpointer: Checkpointer about to load edits from 1 stream(s).
2021-03-06 14:01:17,710 INFO org.apache.hadoop.hdfs.server.namenode.FSImage: Reading /tmp/hadoop-xialb/dfs/namesecondary/current/edits_0000000000000000001-0000000000000000002 expecting start txid #1
2021-03-06 14:01:17,710 INFO org.apache.hadoop.hdfs.server.namenode.FSImage: Start loading edits file /tmp/hadoop-xialb/dfs/namesecondary/current/edits_0000000000000000001-0000000000000000002 maxTxnsToRead = 9223372036854775807
2021-03-06 14:01:17,721 INFO org.apache.hadoop.hdfs.server.namenode.FSImage: Edits file /tmp/hadoop-xialb/dfs/namesecondary/current/edits_0000000000000000001-0000000000000000002 of size 42 edits # 2 loaded in 0 seconds
2021-03-06 14:01:17,723 INFO org.apache.hadoop.hdfs.server.namenode.FSImageFormatProtobuf: Saving image file /tmp/hadoop-xialb/dfs/namesecondary/current/fsimage.ckpt_0000000000000000002 using no compression
2021-03-06 14:01:17,748 INFO org.apache.hadoop.hdfs.server.namenode.FSImageFormatProtobuf: Image file /tmp/hadoop-xialb/dfs/namesecondary/current/fsimage.ckpt_0000000000000000002 of size 400 bytes saved in 0 seconds .
2021-03-06 14:01:17,750 INFO org.apache.hadoop.hdfs.server.namenode.FSImageTransactionalStorageInspector: No version file in /tmp/hadoop-xialb/dfs/namesecondary
2021-03-06 14:01:17,753 INFO org.apache.hadoop.hdfs.server.namenode.FSImageTransactionalStorageInspector: No version file in /tmp/hadoop-xialb/dfs/namesecondary
2021-03-06 14:01:17,767 INFO org.apache.hadoop.hdfs.server.namenode.TransferFsImage: Image Transfer timeout configured to 60000 milliseconds
2021-03-06 14:01:17,768 INFO org.apache.hadoop.hdfs.server.namenode.TransferFsImage: Sending fileName: /tmp/hadoop-xialb/dfs/namesecondary/current/fsimage_0000000000000000002, fileSize: 400. Sent total: 400 bytes. Size of last segment intended to send: -1 bytes.
2021-03-06 14:01:17,777 INFO org.apache.hadoop.hdfs.server.namenode.TransferFsImage: Uploaded image with txid 2 to namenode at http://localhost:9870 in 0.019 seconds
2021-03-06 14:01:17,777 WARN org.apache.hadoop.hdfs.server.namenode.SecondaryNameNode: Checkpoint done. New Image Size: 400
2021-03-06 15:01:18,263 INFO org.apache.hadoop.hdfs.server.namenode.SecondaryNameNode: Image has not changed. Will not download image.
2021-03-06 15:01:18,263 INFO org.apache.hadoop.hdfs.server.namenode.TransferFsImage: Opening connection to http://localhost:9870/imagetransfer?getedit=1&startTxId=3&endTxId=4&storageInfo=-65:1041693097:1615038969577:CID-8258497d-f43f-449d-b0f3-70fa981ede1d
2021-03-06 15:01:18,267 INFO org.apache.hadoop.hdfs.server.common.Util: Combined time for file download and fsync to all disks took 0.00s. The file download took 0.00s at 0.00 KB/s. Synchronous (fsync) write to disk of /tmp/hadoop-xialb/dfs/namesecondary/current/edits_tmp_0000000000000000003-0000000000000000004_0000000000093942215 took 0.00s.
2021-03-06 15:01:18,267 INFO org.apache.hadoop.hdfs.server.namenode.TransferFsImage: Downloaded file edits_tmp_0000000000000000003-0000000000000000004_0000000000093942215 size 0 bytes.
2021-03-06 15:01:18,267 INFO org.apache.hadoop.hdfs.server.namenode.Checkpointer: Checkpointer about to load edits from 1 stream(s).
2021-03-06 15:01:18,267 INFO org.apache.hadoop.hdfs.server.namenode.FSImage: Reading /tmp/hadoop-xialb/dfs/namesecondary/current/edits_0000000000000000003-0000000000000000004 expecting start txid #3
2021-03-06 15:01:18,267 INFO org.apache.hadoop.hdfs.server.namenode.FSImage: Start loading edits file /tmp/hadoop-xialb/dfs/namesecondary/current/edits_0000000000000000003-0000000000000000004 maxTxnsToRead = 9223372036854775807
2021-03-06 15:01:18,267 INFO org.apache.hadoop.hdfs.server.namenode.FSImage: Edits file /tmp/hadoop-xialb/dfs/namesecondary/current/edits_0000000000000000003-0000000000000000004 of size 42 edits # 2 loaded in 0 seconds
2021-03-06 15:01:18,268 INFO org.apache.hadoop.hdfs.server.namenode.FSImageFormatProtobuf: Saving image file /tmp/hadoop-xialb/dfs/namesecondary/current/fsimage.ckpt_0000000000000000004 using no compression
2021-03-06 15:01:18,279 INFO org.apache.hadoop.hdfs.server.namenode.FSImageFormatProtobuf: Image file /tmp/hadoop-xialb/dfs/namesecondary/current/fsimage.ckpt_0000000000000000004 of size 400 bytes saved in 0 seconds .
2021-03-06 15:01:18,281 INFO org.apache.hadoop.hdfs.server.namenode.NNStorageRetentionManager: Going to retain 2 images with txid >= 2
2021-03-06 15:01:18,281 INFO org.apache.hadoop.hdfs.server.namenode.NNStorageRetentionManager: Purging old image FSImageFile(file=/tmp/hadoop-xialb/dfs/namesecondary/current/fsimage_0000000000000000000, cpktTxId=0000000000000000000)
2021-03-06 15:01:18,284 INFO org.apache.hadoop.hdfs.server.namenode.TransferFsImage: Sending fileName: /tmp/hadoop-xialb/dfs/namesecondary/current/fsimage_0000000000000000004, fileSize: 400. Sent total: 400 bytes. Size of last segment intended to send: -1 bytes.
2021-03-06 15:01:18,289 INFO org.apache.hadoop.hdfs.server.namenode.TransferFsImage: Uploaded image with txid 4 to namenode at http://localhost:9870 in 0.005 seconds
2021-03-06 15:01:18,289 WARN org.apache.hadoop.hdfs.server.namenode.SecondaryNameNode: Checkpoint done. New Image Size: 400
2021-03-06 16:01:18,717 INFO org.apache.hadoop.hdfs.server.namenode.SecondaryNameNode: Image has not changed. Will not download image.
2021-03-06 16:01:18,717 INFO org.apache.hadoop.hdfs.server.namenode.TransferFsImage: Opening connection to http://localhost:9870/imagetransfer?getedit=1&startTxId=5&endTxId=6&storageInfo=-65:1041693097:1615038969577:CID-8258497d-f43f-449d-b0f3-70fa981ede1d
2021-03-06 16:01:18,720 INFO org.apache.hadoop.hdfs.server.common.Util: Combined time for file download and fsync to all disks took 0.00s. The file download took 0.00s at 0.00 KB/s. Synchronous (fsync) write to disk of /tmp/hadoop-xialb/dfs/namesecondary/current/edits_tmp_0000000000000000005-0000000000000000006_0000000000097542670 took 0.00s.
2021-03-06 16:01:18,720 INFO org.apache.hadoop.hdfs.server.namenode.TransferFsImage: Downloaded file edits_tmp_0000000000000000005-0000000000000000006_0000000000097542670 size 0 bytes.
2021-03-06 16:01:18,720 INFO org.apache.hadoop.hdfs.server.namenode.Checkpointer: Checkpointer about to load edits from 1 stream(s).
2021-03-06 16:01:18,720 INFO org.apache.hadoop.hdfs.server.namenode.FSImage: Reading /tmp/hadoop-xialb/dfs/namesecondary/current/edits_0000000000000000005-0000000000000000006 expecting start txid #5
2021-03-06 16:01:18,720 INFO org.apache.hadoop.hdfs.server.namenode.FSImage: Start loading edits file /tmp/hadoop-xialb/dfs/namesecondary/current/edits_0000000000000000005-0000000000000000006 maxTxnsToRead = 9223372036854775807
2021-03-06 16:01:18,720 INFO org.apache.hadoop.hdfs.server.namenode.FSImage: Edits file /tmp/hadoop-xialb/dfs/namesecondary/current/edits_0000000000000000005-0000000000000000006 of size 42 edits # 2 loaded in 0 seconds
2021-03-06 16:01:18,721 INFO org.apache.hadoop.hdfs.server.namenode.FSImageFormatProtobuf: Saving image file /tmp/hadoop-xialb/dfs/namesecondary/current/fsimage.ckpt_0000000000000000006 using no compression
2021-03-06 16:01:18,732 INFO org.apache.hadoop.hdfs.server.namenode.FSImageFormatProtobuf: Image file /tmp/hadoop-xialb/dfs/namesecondary/current/fsimage.ckpt_0000000000000000006 of size 400 bytes saved in 0 seconds .
2021-03-06 16:01:18,734 INFO org.apache.hadoop.hdfs.server.namenode.NNStorageRetentionManager: Going to retain 2 images with txid >= 4
2021-03-06 16:01:18,734 INFO org.apache.hadoop.hdfs.server.namenode.NNStorageRetentionManager: Purging old image FSImageFile(file=/tmp/hadoop-xialb/dfs/namesecondary/current/fsimage_0000000000000000002, cpktTxId=0000000000000000002)
2021-03-06 16:01:18,736 INFO org.apache.hadoop.hdfs.server.namenode.TransferFsImage: Sending fileName: /tmp/hadoop-xialb/dfs/namesecondary/current/fsimage_0000000000000000006, fileSize: 400. Sent total: 400 bytes. Size of last segment intended to send: -1 bytes.
2021-03-06 16:01:18,741 INFO org.apache.hadoop.hdfs.server.namenode.TransferFsImage: Uploaded image with txid 6 to namenode at http://localhost:9870 in 0.005 seconds
2021-03-06 16:01:18,741 WARN org.apache.hadoop.hdfs.server.namenode.SecondaryNameNode: Checkpoint done. New Image Size: 400
2021-03-06 17:01:19,158 INFO org.apache.hadoop.hdfs.server.namenode.SecondaryNameNode: Image has not changed. Will not download image.
2021-03-06 17:01:19,159 INFO org.apache.hadoop.hdfs.server.namenode.TransferFsImage: Opening connection to http://localhost:9870/imagetransfer?getedit=1&startTxId=7&endTxId=8&storageInfo=-65:1041693097:1615038969577:CID-8258497d-f43f-449d-b0f3-70fa981ede1d
2021-03-06 17:01:19,161 INFO org.apache.hadoop.hdfs.server.common.Util: Combined time for file download and fsync to all disks took 0.00s. The file download took 0.00s at 0.00 KB/s. Synchronous (fsync) write to disk of /tmp/hadoop-xialb/dfs/namesecondary/current/edits_tmp_0000000000000000007-0000000000000000008_0000000000101143111 took 0.00s.
2021-03-06 17:01:19,161 INFO org.apache.hadoop.hdfs.server.namenode.TransferFsImage: Downloaded file edits_tmp_0000000000000000007-0000000000000000008_0000000000101143111 size 0 bytes.
2021-03-06 17:01:19,161 INFO org.apache.hadoop.hdfs.server.namenode.Checkpointer: Checkpointer about to load edits from 1 stream(s).
2021-03-06 17:01:19,161 INFO org.apache.hadoop.hdfs.server.namenode.FSImage: Reading /tmp/hadoop-xialb/dfs/namesecondary/current/edits_0000000000000000007-0000000000000000008 expecting start txid #7
2021-03-06 17:01:19,161 INFO org.apache.hadoop.hdfs.server.namenode.FSImage: Start loading edits file /tmp/hadoop-xialb/dfs/namesecondary/current/edits_0000000000000000007-0000000000000000008 maxTxnsToRead = 9223372036854775807
2021-03-06 17:01:19,161 INFO org.apache.hadoop.hdfs.server.namenode.FSImage: Edits file /tmp/hadoop-xialb/dfs/namesecondary/current/edits_0000000000000000007-0000000000000000008 of size 42 edits # 2 loaded in 0 seconds
2021-03-06 17:01:19,162 INFO org.apache.hadoop.hdfs.server.namenode.FSImageFormatProtobuf: Saving image file /tmp/hadoop-xialb/dfs/namesecondary/current/fsimage.ckpt_0000000000000000008 using no compression
2021-03-06 17:01:19,171 INFO org.apache.hadoop.hdfs.server.namenode.FSImageFormatProtobuf: Image file /tmp/hadoop-xialb/dfs/namesecondary/current/fsimage.ckpt_0000000000000000008 of size 400 bytes saved in 0 seconds .
2021-03-06 17:01:19,173 INFO org.apache.hadoop.hdfs.server.namenode.NNStorageRetentionManager: Going to retain 2 images with txid >= 6
2021-03-06 17:01:19,173 INFO org.apache.hadoop.hdfs.server.namenode.NNStorageRetentionManager: Purging old image FSImageFile(file=/tmp/hadoop-xialb/dfs/namesecondary/current/fsimage_0000000000000000004, cpktTxId=0000000000000000004)
2021-03-06 17:01:19,175 INFO org.apache.hadoop.hdfs.server.namenode.TransferFsImage: Sending fileName: /tmp/hadoop-xialb/dfs/namesecondary/current/fsimage_0000000000000000008, fileSize: 400. Sent total: 400 bytes. Size of last segment intended to send: -1 bytes.
2021-03-06 17:01:19,178 INFO org.apache.hadoop.hdfs.server.namenode.TransferFsImage: Uploaded image with txid 8 to namenode at http://localhost:9870 in 0.004 seconds
2021-03-06 17:01:19,179 WARN org.apache.hadoop.hdfs.server.namenode.SecondaryNameNode: Checkpoint done. New Image Size: 400
2021-03-06 18:01:19,564 INFO org.apache.hadoop.hdfs.server.namenode.SecondaryNameNode: Image has not changed. Will not download image.
2021-03-06 18:01:19,564 INFO org.apache.hadoop.hdfs.server.namenode.TransferFsImage: Opening connection to http://localhost:9870/imagetransfer?getedit=1&startTxId=9&endTxId=10&storageInfo=-65:1041693097:1615038969577:CID-8258497d-f43f-449d-b0f3-70fa981ede1d
2021-03-06 18:01:19,567 INFO org.apache.hadoop.hdfs.server.common.Util: Combined time for file download and fsync to all disks took 0.00s. The file download took 0.00s at 0.00 KB/s. Synchronous (fsync) write to disk of /tmp/hadoop-xialb/dfs/namesecondary/current/edits_tmp_0000000000000000009-0000000000000000010_0000000000104743517 took 0.00s.
2021-03-06 18:01:19,567 INFO org.apache.hadoop.hdfs.server.namenode.TransferFsImage: Downloaded file edits_tmp_0000000000000000009-0000000000000000010_0000000000104743517 size 0 bytes.
2021-03-06 18:01:19,567 INFO org.apache.hadoop.hdfs.server.namenode.Checkpointer: Checkpointer about to load edits from 1 stream(s).
2021-03-06 18:01:19,567 INFO org.apache.hadoop.hdfs.server.namenode.FSImage: Reading /tmp/hadoop-xialb/dfs/namesecondary/current/edits_0000000000000000009-0000000000000000010 expecting start txid #9
2021-03-06 18:01:19,567 INFO org.apache.hadoop.hdfs.server.namenode.FSImage: Start loading edits file /tmp/hadoop-xialb/dfs/namesecondary/current/edits_0000000000000000009-0000000000000000010 maxTxnsToRead = 9223372036854775807
2021-03-06 18:01:19,567 INFO org.apache.hadoop.hdfs.server.namenode.FSImage: Edits file /tmp/hadoop-xialb/dfs/namesecondary/current/edits_0000000000000000009-0000000000000000010 of size 42 edits # 2 loaded in 0 seconds
2021-03-06 18:01:19,567 INFO org.apache.hadoop.hdfs.server.namenode.FSImageFormatProtobuf: Saving image file /tmp/hadoop-xialb/dfs/namesecondary/current/fsimage.ckpt_0000000000000000010 using no compression
2021-03-06 18:01:19,576 INFO org.apache.hadoop.hdfs.server.namenode.FSImageFormatProtobuf: Image file /tmp/hadoop-xialb/dfs/namesecondary/current/fsimage.ckpt_0000000000000000010 of size 400 bytes saved in 0 seconds .
2021-03-06 18:01:19,578 INFO org.apache.hadoop.hdfs.server.namenode.NNStorageRetentionManager: Going to retain 2 images with txid >= 8
2021-03-06 18:01:19,578 INFO org.apache.hadoop.hdfs.server.namenode.NNStorageRetentionManager: Purging old image FSImageFile(file=/tmp/hadoop-xialb/dfs/namesecondary/current/fsimage_0000000000000000006, cpktTxId=0000000000000000006)
2021-03-06 18:01:19,580 INFO org.apache.hadoop.hdfs.server.namenode.TransferFsImage: Sending fileName: /tmp/hadoop-xialb/dfs/namesecondary/current/fsimage_0000000000000000010, fileSize: 400. Sent total: 400 bytes. Size of last segment intended to send: -1 bytes.
2021-03-06 18:01:19,584 INFO org.apache.hadoop.hdfs.server.namenode.TransferFsImage: Uploaded image with txid 10 to namenode at http://localhost:9870 in 0.004 seconds
2021-03-06 18:01:19,584 WARN org.apache.hadoop.hdfs.server.namenode.SecondaryNameNode: Checkpoint done. New Image Size: 400
2021-03-06 19:01:19,930 INFO org.apache.hadoop.hdfs.server.namenode.SecondaryNameNode: Image has not changed. Will not download image.
2021-03-06 19:01:19,930 INFO org.apache.hadoop.hdfs.server.namenode.TransferFsImage: Opening connection to http://localhost:9870/imagetransfer?getedit=1&startTxId=11&endTxId=12&storageInfo=-65:1041693097:1615038969577:CID-8258497d-f43f-449d-b0f3-70fa981ede1d
2021-03-06 19:01:19,933 INFO org.apache.hadoop.hdfs.server.common.Util: Combined time for file download and fsync to all disks took 0.00s. The file download took 0.00s at 0.00 KB/s. Synchronous (fsync) write to disk of /tmp/hadoop-xialb/dfs/namesecondary/current/edits_tmp_0000000000000000011-0000000000000000012_0000000000108343883 took 0.00s.
2021-03-06 19:01:19,933 INFO org.apache.hadoop.hdfs.server.namenode.TransferFsImage: Downloaded file edits_tmp_0000000000000000011-0000000000000000012_0000000000108343883 size 0 bytes.
2021-03-06 19:01:19,933 INFO org.apache.hadoop.hdfs.server.namenode.Checkpointer: Checkpointer about to load edits from 1 stream(s).
2021-03-06 19:01:19,933 INFO org.apache.hadoop.hdfs.server.namenode.FSImage: Reading /tmp/hadoop-xialb/dfs/namesecondary/current/edits_0000000000000000011-0000000000000000012 expecting start txid #11
2021-03-06 19:01:19,933 INFO org.apache.hadoop.hdfs.server.namenode.FSImage: Start loading edits file /tmp/hadoop-xialb/dfs/namesecondary/current/edits_0000000000000000011-0000000000000000012 maxTxnsToRead = 9223372036854775807
2021-03-06 19:01:19,933 INFO org.apache.hadoop.hdfs.server.namenode.FSImage: Edits file /tmp/hadoop-xialb/dfs/namesecondary/current/edits_0000000000000000011-0000000000000000012 of size 42 edits # 2 loaded in 0 seconds
2021-03-06 19:01:19,934 INFO org.apache.hadoop.hdfs.server.namenode.FSImageFormatProtobuf: Saving image file /tmp/hadoop-xialb/dfs/namesecondary/current/fsimage.ckpt_0000000000000000012 using no compression
2021-03-06 19:01:19,943 INFO org.apache.hadoop.hdfs.server.namenode.FSImageFormatProtobuf: Image file /tmp/hadoop-xialb/dfs/namesecondary/current/fsimage.ckpt_0000000000000000012 of size 400 bytes saved in 0 seconds .
2021-03-06 19:01:19,944 INFO org.apache.hadoop.hdfs.server.namenode.NNStorageRetentionManager: Going to retain 2 images with txid >= 10
2021-03-06 19:01:19,944 INFO org.apache.hadoop.hdfs.server.namenode.NNStorageRetentionManager: Purging old image FSImageFile(file=/tmp/hadoop-xialb/dfs/namesecondary/current/fsimage_0000000000000000008, cpktTxId=0000000000000000008)
2021-03-06 19:01:19,946 INFO org.apache.hadoop.hdfs.server.namenode.TransferFsImage: Sending fileName: /tmp/hadoop-xialb/dfs/namesecondary/current/fsimage_0000000000000000012, fileSize: 400. Sent total: 400 bytes. Size of last segment intended to send: -1 bytes.
2021-03-06 19:01:19,949 INFO org.apache.hadoop.hdfs.server.namenode.TransferFsImage: Uploaded image with txid 12 to namenode at http://localhost:9870 in 0.004 seconds
2021-03-06 19:01:19,949 WARN org.apache.hadoop.hdfs.server.namenode.SecondaryNameNode: Checkpoint done. New Image Size: 400
2021-03-06 20:01:20,301 INFO org.apache.hadoop.hdfs.server.namenode.SecondaryNameNode: Image has not changed. Will not download image.
2021-03-06 20:01:20,301 INFO org.apache.hadoop.hdfs.server.namenode.TransferFsImage: Opening connection to http://localhost:9870/imagetransfer?getedit=1&startTxId=13&endTxId=14&storageInfo=-65:1041693097:1615038969577:CID-8258497d-f43f-449d-b0f3-70fa981ede1d
2021-03-06 20:01:20,304 INFO org.apache.hadoop.hdfs.server.common.Util: Combined time for file download and fsync to all disks took 0.00s. The file download took 0.00s at 0.00 KB/s. Synchronous (fsync) write to disk of /tmp/hadoop-xialb/dfs/namesecondary/current/edits_tmp_0000000000000000013-0000000000000000014_0000000000111944254 took 0.00s.
2021-03-06 20:01:20,304 INFO org.apache.hadoop.hdfs.server.namenode.TransferFsImage: Downloaded file edits_tmp_0000000000000000013-0000000000000000014_0000000000111944254 size 0 bytes.
2021-03-06 20:01:20,304 INFO org.apache.hadoop.hdfs.server.namenode.Checkpointer: Checkpointer about to load edits from 1 stream(s).
2021-03-06 20:01:20,304 INFO org.apache.hadoop.hdfs.server.namenode.FSImage: Reading /tmp/hadoop-xialb/dfs/namesecondary/current/edits_0000000000000000013-0000000000000000014 expecting start txid #13
2021-03-06 20:01:20,304 INFO org.apache.hadoop.hdfs.server.namenode.FSImage: Start loading edits file /tmp/hadoop-xialb/dfs/namesecondary/current/edits_0000000000000000013-0000000000000000014 maxTxnsToRead = 9223372036854775807
2021-03-06 20:01:20,304 INFO org.apache.hadoop.hdfs.server.namenode.FSImage: Edits file /tmp/hadoop-xialb/dfs/namesecondary/current/edits_0000000000000000013-0000000000000000014 of size 42 edits # 2 loaded in 0 seconds
2021-03-06 20:01:20,304 INFO org.apache.hadoop.hdfs.server.namenode.FSImageFormatProtobuf: Saving image file /tmp/hadoop-xialb/dfs/namesecondary/current/fsimage.ckpt_0000000000000000014 using no compression
2021-03-06 20:01:20,313 INFO org.apache.hadoop.hdfs.server.namenode.FSImageFormatProtobuf: Image file /tmp/hadoop-xialb/dfs/namesecondary/current/fsimage.ckpt_0000000000000000014 of size 400 bytes saved in 0 seconds .
2021-03-06 20:01:20,315 INFO org.apache.hadoop.hdfs.server.namenode.NNStorageRetentionManager: Going to retain 2 images with txid >= 12
2021-03-06 20:01:20,315 INFO org.apache.hadoop.hdfs.server.namenode.NNStorageRetentionManager: Purging old image FSImageFile(file=/tmp/hadoop-xialb/dfs/namesecondary/current/fsimage_0000000000000000010, cpktTxId=0000000000000000010)
2021-03-06 20:01:20,317 INFO org.apache.hadoop.hdfs.server.namenode.TransferFsImage: Sending fileName: /tmp/hadoop-xialb/dfs/namesecondary/current/fsimage_0000000000000000014, fileSize: 400. Sent total: 400 bytes. Size of last segment intended to send: -1 bytes.
2021-03-06 20:01:20,320 INFO org.apache.hadoop.hdfs.server.namenode.TransferFsImage: Uploaded image with txid 14 to namenode at http://localhost:9870 in 0.003 seconds
2021-03-06 20:01:20,320 WARN org.apache.hadoop.hdfs.server.namenode.SecondaryNameNode: Checkpoint done. New Image Size: 400
2021-03-06 21:01:20,683 INFO org.apache.hadoop.hdfs.server.namenode.SecondaryNameNode: Image has not changed. Will not download image.
2021-03-06 21:01:20,684 INFO org.apache.hadoop.hdfs.server.namenode.TransferFsImage: Opening connection to http://localhost:9870/imagetransfer?getedit=1&startTxId=15&endTxId=16&storageInfo=-65:1041693097:1615038969577:CID-8258497d-f43f-449d-b0f3-70fa981ede1d
2021-03-06 21:01:20,687 INFO org.apache.hadoop.hdfs.server.common.Util: Combined time for file download and fsync to all disks took 0.00s. The file download took 0.00s at 0.00 KB/s. Synchronous (fsync) write to disk of /tmp/hadoop-xialb/dfs/namesecondary/current/edits_tmp_0000000000000000015-0000000000000000016_0000000000115544636 took 0.00s.
2021-03-06 21:01:20,687 INFO org.apache.hadoop.hdfs.server.namenode.TransferFsImage: Downloaded file edits_tmp_0000000000000000015-0000000000000000016_0000000000115544636 size 0 bytes.
2021-03-06 21:01:20,688 INFO org.apache.hadoop.hdfs.server.namenode.Checkpointer: Checkpointer about to load edits from 1 stream(s).
2021-03-06 21:01:20,688 INFO org.apache.hadoop.hdfs.server.namenode.FSImage: Reading /tmp/hadoop-xialb/dfs/namesecondary/current/edits_0000000000000000015-0000000000000000016 expecting start txid #15
2021-03-06 21:01:20,688 INFO org.apache.hadoop.hdfs.server.namenode.FSImage: Start loading edits file /tmp/hadoop-xialb/dfs/namesecondary/current/edits_0000000000000000015-0000000000000000016 maxTxnsToRead = 9223372036854775807
2021-03-06 21:01:20,688 INFO org.apache.hadoop.hdfs.server.namenode.FSImage: Edits file /tmp/hadoop-xialb/dfs/namesecondary/current/edits_0000000000000000015-0000000000000000016 of size 42 edits # 2 loaded in 0 seconds
2021-03-06 21:01:20,688 INFO org.apache.hadoop.hdfs.server.namenode.FSImageFormatProtobuf: Saving image file /tmp/hadoop-xialb/dfs/namesecondary/current/fsimage.ckpt_0000000000000000016 using no compression
2021-03-06 21:01:20,697 INFO org.apache.hadoop.hdfs.server.namenode.FSImageFormatProtobuf: Image file /tmp/hadoop-xialb/dfs/namesecondary/current/fsimage.ckpt_0000000000000000016 of size 400 bytes saved in 0 seconds .
2021-03-06 21:01:20,698 INFO org.apache.hadoop.hdfs.server.namenode.NNStorageRetentionManager: Going to retain 2 images with txid >= 14
2021-03-06 21:01:20,699 INFO org.apache.hadoop.hdfs.server.namenode.NNStorageRetentionManager: Purging old image FSImageFile(file=/tmp/hadoop-xialb/dfs/namesecondary/current/fsimage_0000000000000000012, cpktTxId=0000000000000000012)
2021-03-06 21:01:20,701 INFO org.apache.hadoop.hdfs.server.namenode.TransferFsImage: Sending fileName: /tmp/hadoop-xialb/dfs/namesecondary/current/fsimage_0000000000000000016, fileSize: 400. Sent total: 400 bytes. Size of last segment intended to send: -1 bytes.
2021-03-06 21:01:20,704 INFO org.apache.hadoop.hdfs.server.namenode.TransferFsImage: Uploaded image with txid 16 to namenode at http://localhost:9870 in 0.004 seconds
2021-03-06 21:01:20,704 WARN org.apache.hadoop.hdfs.server.namenode.SecondaryNameNode: Checkpoint done. New Image Size: 400
2021-03-06 22:01:21,061 INFO org.apache.hadoop.hdfs.server.namenode.SecondaryNameNode: Image has not changed. Will not download image.
2021-03-06 22:01:21,061 INFO org.apache.hadoop.hdfs.server.namenode.TransferFsImage: Opening connection to http://localhost:9870/imagetransfer?getedit=1&startTxId=17&endTxId=18&storageInfo=-65:1041693097:1615038969577:CID-8258497d-f43f-449d-b0f3-70fa981ede1d
2021-03-06 22:01:21,063 INFO org.apache.hadoop.hdfs.server.common.Util: Combined time for file download and fsync to all disks took 0.00s. The file download took 0.00s at 0.00 KB/s. Synchronous (fsync) write to disk of /tmp/hadoop-xialb/dfs/namesecondary/current/edits_tmp_0000000000000000017-0000000000000000018_0000000000119145014 took 0.00s.
2021-03-06 22:01:21,064 INFO org.apache.hadoop.hdfs.server.namenode.TransferFsImage: Downloaded file edits_tmp_0000000000000000017-0000000000000000018_0000000000119145014 size 0 bytes.
2021-03-06 22:01:21,064 INFO org.apache.hadoop.hdfs.server.namenode.Checkpointer: Checkpointer about to load edits from 1 stream(s).
2021-03-06 22:01:21,064 INFO org.apache.hadoop.hdfs.server.namenode.FSImage: Reading /tmp/hadoop-xialb/dfs/namesecondary/current/edits_0000000000000000017-0000000000000000018 expecting start txid #17
2021-03-06 22:01:21,064 INFO org.apache.hadoop.hdfs.server.namenode.FSImage: Start loading edits file /tmp/hadoop-xialb/dfs/namesecondary/current/edits_0000000000000000017-0000000000000000018 maxTxnsToRead = 9223372036854775807
2021-03-06 22:01:21,064 INFO org.apache.hadoop.hdfs.server.namenode.FSImage: Edits file /tmp/hadoop-xialb/dfs/namesecondary/current/edits_0000000000000000017-0000000000000000018 of size 42 edits # 2 loaded in 0 seconds
2021-03-06 22:01:21,064 INFO org.apache.hadoop.hdfs.server.namenode.FSImageFormatProtobuf: Saving image file /tmp/hadoop-xialb/dfs/namesecondary/current/fsimage.ckpt_0000000000000000018 using no compression
2021-03-06 22:01:21,073 INFO org.apache.hadoop.hdfs.server.namenode.FSImageFormatProtobuf: Image file /tmp/hadoop-xialb/dfs/namesecondary/current/fsimage.ckpt_0000000000000000018 of size 400 bytes saved in 0 seconds .
2021-03-06 22:01:21,074 INFO org.apache.hadoop.hdfs.server.namenode.NNStorageRetentionManager: Going to retain 2 images with txid >= 16
2021-03-06 22:01:21,074 INFO org.apache.hadoop.hdfs.server.namenode.NNStorageRetentionManager: Purging old image FSImageFile(file=/tmp/hadoop-xialb/dfs/namesecondary/current/fsimage_0000000000000000014, cpktTxId=0000000000000000014)
2021-03-06 22:01:21,076 INFO org.apache.hadoop.hdfs.server.namenode.TransferFsImage: Sending fileName: /tmp/hadoop-xialb/dfs/namesecondary/current/fsimage_0000000000000000018, fileSize: 400. Sent total: 400 bytes. Size of last segment intended to send: -1 bytes.
2021-03-06 22:01:21,080 INFO org.apache.hadoop.hdfs.server.namenode.TransferFsImage: Uploaded image with txid 18 to namenode at http://localhost:9870 in 0.004 seconds
2021-03-06 22:01:21,080 WARN org.apache.hadoop.hdfs.server.namenode.SecondaryNameNode: Checkpoint done. New Image Size: 400
2021-03-06 23:01:21,486 INFO org.apache.hadoop.hdfs.server.namenode.SecondaryNameNode: Image has not changed. Will not download image.
2021-03-06 23:01:21,487 INFO org.apache.hadoop.hdfs.server.namenode.TransferFsImage: Opening connection to http://localhost:9870/imagetransfer?getedit=1&startTxId=19&endTxId=20&storageInfo=-65:1041693097:1615038969577:CID-8258497d-f43f-449d-b0f3-70fa981ede1d
2021-03-06 23:01:21,489 INFO org.apache.hadoop.hdfs.server.common.Util: Combined time for file download and fsync to all disks took 0.00s. The file download took 0.00s at 0.00 KB/s. Synchronous (fsync) write to disk of /tmp/hadoop-xialb/dfs/namesecondary/current/edits_tmp_0000000000000000019-0000000000000000020_0000000000122745439 took 0.00s.
2021-03-06 23:01:21,489 INFO org.apache.hadoop.hdfs.server.namenode.TransferFsImage: Downloaded file edits_tmp_0000000000000000019-0000000000000000020_0000000000122745439 size 0 bytes.
2021-03-06 23:01:21,489 INFO org.apache.hadoop.hdfs.server.namenode.Checkpointer: Checkpointer about to load edits from 1 stream(s).
2021-03-06 23:01:21,489 INFO org.apache.hadoop.hdfs.server.namenode.FSImage: Reading /tmp/hadoop-xialb/dfs/namesecondary/current/edits_0000000000000000019-0000000000000000020 expecting start txid #19
2021-03-06 23:01:21,489 INFO org.apache.hadoop.hdfs.server.namenode.FSImage: Start loading edits file /tmp/hadoop-xialb/dfs/namesecondary/current/edits_0000000000000000019-0000000000000000020 maxTxnsToRead = 9223372036854775807
2021-03-06 23:01:21,489 INFO org.apache.hadoop.hdfs.server.namenode.FSImage: Edits file /tmp/hadoop-xialb/dfs/namesecondary/current/edits_0000000000000000019-0000000000000000020 of size 42 edits # 2 loaded in 0 seconds
2021-03-06 23:01:21,490 INFO org.apache.hadoop.hdfs.server.namenode.FSImageFormatProtobuf: Saving image file /tmp/hadoop-xialb/dfs/namesecondary/current/fsimage.ckpt_0000000000000000020 using no compression
2021-03-06 23:01:21,501 INFO org.apache.hadoop.hdfs.server.namenode.FSImageFormatProtobuf: Image file /tmp/hadoop-xialb/dfs/namesecondary/current/fsimage.ckpt_0000000000000000020 of size 400 bytes saved in 0 seconds .
2021-03-06 23:01:21,502 INFO org.apache.hadoop.hdfs.server.namenode.NNStorageRetentionManager: Going to retain 2 images with txid >= 18
2021-03-06 23:01:21,502 INFO org.apache.hadoop.hdfs.server.namenode.NNStorageRetentionManager: Purging old image FSImageFile(file=/tmp/hadoop-xialb/dfs/namesecondary/current/fsimage_0000000000000000016, cpktTxId=0000000000000000016)
2021-03-06 23:01:21,505 INFO org.apache.hadoop.hdfs.server.namenode.TransferFsImage: Sending fileName: /tmp/hadoop-xialb/dfs/namesecondary/current/fsimage_0000000000000000020, fileSize: 400. Sent total: 400 bytes. Size of last segment intended to send: -1 bytes.
2021-03-06 23:01:21,509 INFO org.apache.hadoop.hdfs.server.namenode.TransferFsImage: Uploaded image with txid 20 to namenode at http://localhost:9870 in 0.004 seconds
2021-03-06 23:01:21,509 WARN org.apache.hadoop.hdfs.server.namenode.SecondaryNameNode: Checkpoint done. New Image Size: 400
2021-03-07 00:01:21,886 INFO org.apache.hadoop.hdfs.server.namenode.SecondaryNameNode: Image has not changed. Will not download image.
2021-03-07 00:01:21,886 INFO org.apache.hadoop.hdfs.server.namenode.TransferFsImage: Opening connection to http://localhost:9870/imagetransfer?getedit=1&startTxId=21&endTxId=22&storageInfo=-65:1041693097:1615038969577:CID-8258497d-f43f-449d-b0f3-70fa981ede1d
2021-03-07 00:01:21,889 INFO org.apache.hadoop.hdfs.server.common.Util: Combined time for file download and fsync to all disks took 0.00s. The file download took 0.00s at 0.00 KB/s. Synchronous (fsync) write to disk of /tmp/hadoop-xialb/dfs/namesecondary/current/edits_tmp_0000000000000000021-0000000000000000022_0000000000126345839 took 0.00s.
2021-03-07 00:01:21,889 INFO org.apache.hadoop.hdfs.server.namenode.TransferFsImage: Downloaded file edits_tmp_0000000000000000021-0000000000000000022_0000000000126345839 size 0 bytes.
2021-03-07 00:01:21,889 INFO org.apache.hadoop.hdfs.server.namenode.Checkpointer: Checkpointer about to load edits from 1 stream(s).
2021-03-07 00:01:21,889 INFO org.apache.hadoop.hdfs.server.namenode.FSImage: Reading /tmp/hadoop-xialb/dfs/namesecondary/current/edits_0000000000000000021-0000000000000000022 expecting start txid #21
2021-03-07 00:01:21,889 INFO org.apache.hadoop.hdfs.server.namenode.FSImage: Start loading edits file /tmp/hadoop-xialb/dfs/namesecondary/current/edits_0000000000000000021-0000000000000000022 maxTxnsToRead = 9223372036854775807
2021-03-07 00:01:21,889 INFO org.apache.hadoop.hdfs.server.namenode.FSImage: Edits file /tmp/hadoop-xialb/dfs/namesecondary/current/edits_0000000000000000021-0000000000000000022 of size 42 edits # 2 loaded in 0 seconds
2021-03-07 00:01:21,889 INFO org.apache.hadoop.hdfs.server.namenode.FSImageFormatProtobuf: Saving image file /tmp/hadoop-xialb/dfs/namesecondary/current/fsimage.ckpt_0000000000000000022 using no compression
2021-03-07 00:01:21,898 INFO org.apache.hadoop.hdfs.server.namenode.FSImageFormatProtobuf: Image file /tmp/hadoop-xialb/dfs/namesecondary/current/fsimage.ckpt_0000000000000000022 of size 400 bytes saved in 0 seconds .
2021-03-07 00:01:21,899 INFO org.apache.hadoop.hdfs.server.namenode.NNStorageRetentionManager: Going to retain 2 images with txid >= 20
2021-03-07 00:01:21,899 INFO org.apache.hadoop.hdfs.server.namenode.NNStorageRetentionManager: Purging old image FSImageFile(file=/tmp/hadoop-xialb/dfs/namesecondary/current/fsimage_0000000000000000018, cpktTxId=0000000000000000018)
2021-03-07 00:01:21,902 INFO org.apache.hadoop.hdfs.server.namenode.TransferFsImage: Sending fileName: /tmp/hadoop-xialb/dfs/namesecondary/current/fsimage_0000000000000000022, fileSize: 400. Sent total: 400 bytes. Size of last segment intended to send: -1 bytes.
2021-03-07 00:01:21,906 INFO org.apache.hadoop.hdfs.server.namenode.TransferFsImage: Uploaded image with txid 22 to namenode at http://localhost:9870 in 0.004 seconds
2021-03-07 00:01:21,906 WARN org.apache.hadoop.hdfs.server.namenode.SecondaryNameNode: Checkpoint done. New Image Size: 400
2021-03-07 01:01:22,252 INFO org.apache.hadoop.hdfs.server.namenode.SecondaryNameNode: Image has not changed. Will not download image.
2021-03-07 01:01:22,252 INFO org.apache.hadoop.hdfs.server.namenode.TransferFsImage: Opening connection to http://localhost:9870/imagetransfer?getedit=1&startTxId=23&endTxId=24&storageInfo=-65:1041693097:1615038969577:CID-8258497d-f43f-449d-b0f3-70fa981ede1d
2021-03-07 01:01:22,254 INFO org.apache.hadoop.hdfs.server.common.Util: Combined time for file download and fsync to all disks took 0.00s. The file download took 0.00s at 0.00 KB/s. Synchronous (fsync) write to disk of /tmp/hadoop-xialb/dfs/namesecondary/current/edits_tmp_0000000000000000023-0000000000000000024_0000000000129946204 took 0.00s.
2021-03-07 01:01:22,254 INFO org.apache.hadoop.hdfs.server.namenode.TransferFsImage: Downloaded file edits_tmp_0000000000000000023-0000000000000000024_0000000000129946204 size 0 bytes.
2021-03-07 01:01:22,254 INFO org.apache.hadoop.hdfs.server.namenode.Checkpointer: Checkpointer about to load edits from 1 stream(s).
2021-03-07 01:01:22,254 INFO org.apache.hadoop.hdfs.server.namenode.FSImage: Reading /tmp/hadoop-xialb/dfs/namesecondary/current/edits_0000000000000000023-0000000000000000024 expecting start txid #23
2021-03-07 01:01:22,254 INFO org.apache.hadoop.hdfs.server.namenode.FSImage: Start loading edits file /tmp/hadoop-xialb/dfs/namesecondary/current/edits_0000000000000000023-0000000000000000024 maxTxnsToRead = 9223372036854775807
2021-03-07 01:01:22,254 INFO org.apache.hadoop.hdfs.server.namenode.FSImage: Edits file /tmp/hadoop-xialb/dfs/namesecondary/current/edits_0000000000000000023-0000000000000000024 of size 42 edits # 2 loaded in 0 seconds
2021-03-07 01:01:22,255 INFO org.apache.hadoop.hdfs.server.namenode.FSImageFormatProtobuf: Saving image file /tmp/hadoop-xialb/dfs/namesecondary/current/fsimage.ckpt_0000000000000000024 using no compression
2021-03-07 01:01:22,264 INFO org.apache.hadoop.hdfs.server.namenode.FSImageFormatProtobuf: Image file /tmp/hadoop-xialb/dfs/namesecondary/current/fsimage.ckpt_0000000000000000024 of size 400 bytes saved in 0 seconds .
2021-03-07 01:01:22,265 INFO org.apache.hadoop.hdfs.server.namenode.NNStorageRetentionManager: Going to retain 2 images with txid >= 22
2021-03-07 01:01:22,265 INFO org.apache.hadoop.hdfs.server.namenode.NNStorageRetentionManager: Purging old image FSImageFile(file=/tmp/hadoop-xialb/dfs/namesecondary/current/fsimage_0000000000000000020, cpktTxId=0000000000000000020)
2021-03-07 01:01:22,267 INFO org.apache.hadoop.hdfs.server.namenode.TransferFsImage: Sending fileName: /tmp/hadoop-xialb/dfs/namesecondary/current/fsimage_0000000000000000024, fileSize: 400. Sent total: 400 bytes. Size of last segment intended to send: -1 bytes.
2021-03-07 01:01:22,271 INFO org.apache.hadoop.hdfs.server.namenode.TransferFsImage: Uploaded image with txid 24 to namenode at http://localhost:9870 in 0.004 seconds
2021-03-07 01:01:22,271 WARN org.apache.hadoop.hdfs.server.namenode.SecondaryNameNode: Checkpoint done. New Image Size: 400
2021-03-07 02:01:22,631 INFO org.apache.hadoop.hdfs.server.namenode.SecondaryNameNode: Image has not changed. Will not download image.
2021-03-07 02:01:22,632 INFO org.apache.hadoop.hdfs.server.namenode.TransferFsImage: Opening connection to http://localhost:9870/imagetransfer?getedit=1&startTxId=25&endTxId=26&storageInfo=-65:1041693097:1615038969577:CID-8258497d-f43f-449d-b0f3-70fa981ede1d
2021-03-07 02:01:22,638 INFO org.apache.hadoop.hdfs.server.common.Util: Combined time for file download and fsync to all disks took 0.00s. The file download took 0.00s at 0.00 KB/s. Synchronous (fsync) write to disk of /tmp/hadoop-xialb/dfs/namesecondary/current/edits_tmp_0000000000000000025-0000000000000000026_0000000000133546584 took 0.00s.
2021-03-07 02:01:22,639 INFO org.apache.hadoop.hdfs.server.namenode.TransferFsImage: Downloaded file edits_tmp_0000000000000000025-0000000000000000026_0000000000133546584 size 0 bytes.
2021-03-07 02:01:22,639 INFO org.apache.hadoop.hdfs.server.namenode.Checkpointer: Checkpointer about to load edits from 1 stream(s).
2021-03-07 02:01:22,639 INFO org.apache.hadoop.hdfs.server.namenode.FSImage: Reading /tmp/hadoop-xialb/dfs/namesecondary/current/edits_0000000000000000025-0000000000000000026 expecting start txid #25
2021-03-07 02:01:22,639 INFO org.apache.hadoop.hdfs.server.namenode.FSImage: Start loading edits file /tmp/hadoop-xialb/dfs/namesecondary/current/edits_0000000000000000025-0000000000000000026 maxTxnsToRead = 9223372036854775807
2021-03-07 02:01:22,640 INFO org.apache.hadoop.hdfs.server.namenode.FSImage: Edits file /tmp/hadoop-xialb/dfs/namesecondary/current/edits_0000000000000000025-0000000000000000026 of size 42 edits # 2 loaded in 0 seconds
2021-03-07 02:01:22,641 INFO org.apache.hadoop.hdfs.server.namenode.FSImageFormatProtobuf: Saving image file /tmp/hadoop-xialb/dfs/namesecondary/current/fsimage.ckpt_0000000000000000026 using no compression
2021-03-07 02:01:22,650 INFO org.apache.hadoop.hdfs.server.namenode.FSImageFormatProtobuf: Image file /tmp/hadoop-xialb/dfs/namesecondary/current/fsimage.ckpt_0000000000000000026 of size 400 bytes saved in 0 seconds .
2021-03-07 02:01:22,651 INFO org.apache.hadoop.hdfs.server.namenode.NNStorageRetentionManager: Going to retain 2 images with txid >= 24
2021-03-07 02:01:22,651 INFO org.apache.hadoop.hdfs.server.namenode.NNStorageRetentionManager: Purging old image FSImageFile(file=/tmp/hadoop-xialb/dfs/namesecondary/current/fsimage_0000000000000000022, cpktTxId=0000000000000000022)
2021-03-07 02:01:22,653 INFO org.apache.hadoop.hdfs.server.namenode.TransferFsImage: Sending fileName: /tmp/hadoop-xialb/dfs/namesecondary/current/fsimage_0000000000000000026, fileSize: 400. Sent total: 400 bytes. Size of last segment intended to send: -1 bytes.
2021-03-07 02:01:22,657 INFO org.apache.hadoop.hdfs.server.namenode.TransferFsImage: Uploaded image with txid 26 to namenode at http://localhost:9870 in 0.004 seconds
2021-03-07 02:01:22,657 WARN org.apache.hadoop.hdfs.server.namenode.SecondaryNameNode: Checkpoint done. New Image Size: 400
2021-03-07 03:01:22,904 INFO org.apache.hadoop.hdfs.server.namenode.SecondaryNameNode: Image has not changed. Will not download image.
2021-03-07 03:01:22,904 INFO org.apache.hadoop.hdfs.server.namenode.TransferFsImage: Opening connection to http://localhost:9870/imagetransfer?getedit=1&startTxId=27&endTxId=28&storageInfo=-65:1041693097:1615038969577:CID-8258497d-f43f-449d-b0f3-70fa981ede1d
2021-03-07 03:01:22,909 INFO org.apache.hadoop.hdfs.server.common.Util: Combined time for file download and fsync to all disks took 0.00s. The file download took 0.00s at 0.00 KB/s. Synchronous (fsync) write to disk of /tmp/hadoop-xialb/dfs/namesecondary/current/edits_tmp_0000000000000000027-0000000000000000028_0000000000137146856 took 0.00s.
2021-03-07 03:01:22,909 INFO org.apache.hadoop.hdfs.server.namenode.TransferFsImage: Downloaded file edits_tmp_0000000000000000027-0000000000000000028_0000000000137146856 size 0 bytes.
2021-03-07 03:01:22,910 INFO org.apache.hadoop.hdfs.server.namenode.Checkpointer: Checkpointer about to load edits from 1 stream(s).
2021-03-07 03:01:22,910 INFO org.apache.hadoop.hdfs.server.namenode.FSImage: Reading /tmp/hadoop-xialb/dfs/namesecondary/current/edits_0000000000000000027-0000000000000000028 expecting start txid #27
2021-03-07 03:01:22,910 INFO org.apache.hadoop.hdfs.server.namenode.FSImage: Start loading edits file /tmp/hadoop-xialb/dfs/namesecondary/current/edits_0000000000000000027-0000000000000000028 maxTxnsToRead = 9223372036854775807
2021-03-07 03:01:22,910 INFO org.apache.hadoop.hdfs.server.namenode.FSImage: Edits file /tmp/hadoop-xialb/dfs/namesecondary/current/edits_0000000000000000027-0000000000000000028 of size 42 edits # 2 loaded in 0 seconds
2021-03-07 03:01:22,919 INFO org.apache.hadoop.hdfs.server.namenode.FSImageFormatProtobuf: Saving image file /tmp/hadoop-xialb/dfs/namesecondary/current/fsimage.ckpt_0000000000000000028 using no compression
2021-03-07 03:01:22,937 INFO org.apache.hadoop.hdfs.server.namenode.FSImageFormatProtobuf: Image file /tmp/hadoop-xialb/dfs/namesecondary/current/fsimage.ckpt_0000000000000000028 of size 400 bytes saved in 0 seconds .
2021-03-07 03:01:22,938 INFO org.apache.hadoop.hdfs.server.namenode.NNStorageRetentionManager: Going to retain 2 images with txid >= 26
2021-03-07 03:01:22,938 INFO org.apache.hadoop.hdfs.server.namenode.NNStorageRetentionManager: Purging old image FSImageFile(file=/tmp/hadoop-xialb/dfs/namesecondary/current/fsimage_0000000000000000024, cpktTxId=0000000000000000024)
2021-03-07 03:01:22,944 INFO org.apache.hadoop.hdfs.server.namenode.TransferFsImage: Sending fileName: /tmp/hadoop-xialb/dfs/namesecondary/current/fsimage_0000000000000000028, fileSize: 400. Sent total: 400 bytes. Size of last segment intended to send: -1 bytes.
2021-03-07 03:01:22,949 INFO org.apache.hadoop.hdfs.server.namenode.TransferFsImage: Uploaded image with txid 28 to namenode at http://localhost:9870 in 0.007 seconds
2021-03-07 03:01:22,949 WARN org.apache.hadoop.hdfs.server.namenode.SecondaryNameNode: Checkpoint done. New Image Size: 400
2021-03-07 04:01:23,127 INFO org.apache.hadoop.hdfs.server.namenode.SecondaryNameNode: Image has not changed. Will not download image.
2021-03-07 04:01:23,128 INFO org.apache.hadoop.hdfs.server.namenode.TransferFsImage: Opening connection to http://localhost:9870/imagetransfer?getedit=1&startTxId=29&endTxId=30&storageInfo=-65:1041693097:1615038969577:CID-8258497d-f43f-449d-b0f3-70fa981ede1d
2021-03-07 04:01:23,132 INFO org.apache.hadoop.hdfs.server.common.Util: Combined time for file download and fsync to all disks took 0.00s. The file download took 0.00s at 0.00 KB/s. Synchronous (fsync) write to disk of /tmp/hadoop-xialb/dfs/namesecondary/current/edits_tmp_0000000000000000029-0000000000000000030_0000000000140747080 took 0.00s.
2021-03-07 04:01:23,132 INFO org.apache.hadoop.hdfs.server.namenode.TransferFsImage: Downloaded file edits_tmp_0000000000000000029-0000000000000000030_0000000000140747080 size 0 bytes.
2021-03-07 04:01:23,132 INFO org.apache.hadoop.hdfs.server.namenode.Checkpointer: Checkpointer about to load edits from 1 stream(s).
2021-03-07 04:01:23,132 INFO org.apache.hadoop.hdfs.server.namenode.FSImage: Reading /tmp/hadoop-xialb/dfs/namesecondary/current/edits_0000000000000000029-0000000000000000030 expecting start txid #29
2021-03-07 04:01:23,132 INFO org.apache.hadoop.hdfs.server.namenode.FSImage: Start loading edits file /tmp/hadoop-xialb/dfs/namesecondary/current/edits_0000000000000000029-0000000000000000030 maxTxnsToRead = 9223372036854775807
2021-03-07 04:01:23,133 INFO org.apache.hadoop.hdfs.server.namenode.FSImage: Edits file /tmp/hadoop-xialb/dfs/namesecondary/current/edits_0000000000000000029-0000000000000000030 of size 42 edits # 2 loaded in 0 seconds
2021-03-07 04:01:23,133 INFO org.apache.hadoop.hdfs.server.namenode.FSImageFormatProtobuf: Saving image file /tmp/hadoop-xialb/dfs/namesecondary/current/fsimage.ckpt_0000000000000000030 using no compression
2021-03-07 04:01:23,147 INFO org.apache.hadoop.hdfs.server.namenode.FSImageFormatProtobuf: Image file /tmp/hadoop-xialb/dfs/namesecondary/current/fsimage.ckpt_0000000000000000030 of size 400 bytes saved in 0 seconds .
2021-03-07 04:01:23,148 INFO org.apache.hadoop.hdfs.server.namenode.NNStorageRetentionManager: Going to retain 2 images with txid >= 28
2021-03-07 04:01:23,148 INFO org.apache.hadoop.hdfs.server.namenode.NNStorageRetentionManager: Purging old image FSImageFile(file=/tmp/hadoop-xialb/dfs/namesecondary/current/fsimage_0000000000000000026, cpktTxId=0000000000000000026)
2021-03-07 04:01:23,151 INFO org.apache.hadoop.hdfs.server.namenode.TransferFsImage: Sending fileName: /tmp/hadoop-xialb/dfs/namesecondary/current/fsimage_0000000000000000030, fileSize: 400. Sent total: 400 bytes. Size of last segment intended to send: -1 bytes.
2021-03-07 04:01:23,155 INFO org.apache.hadoop.hdfs.server.namenode.TransferFsImage: Uploaded image with txid 30 to namenode at http://localhost:9870 in 0.004 seconds
2021-03-07 04:01:23,155 WARN org.apache.hadoop.hdfs.server.namenode.SecondaryNameNode: Checkpoint done. New Image Size: 400
2021-03-07 05:01:23,517 INFO org.apache.hadoop.hdfs.server.namenode.SecondaryNameNode: Image has not changed. Will not download image.
2021-03-07 05:01:23,517 INFO org.apache.hadoop.hdfs.server.namenode.TransferFsImage: Opening connection to http://localhost:9870/imagetransfer?getedit=1&startTxId=31&endTxId=32&storageInfo=-65:1041693097:1615038969577:CID-8258497d-f43f-449d-b0f3-70fa981ede1d
2021-03-07 05:01:23,520 INFO org.apache.hadoop.hdfs.server.common.Util: Combined time for file download and fsync to all disks took 0.00s. The file download took 0.00s at 0.00 KB/s. Synchronous (fsync) write to disk of /tmp/hadoop-xialb/dfs/namesecondary/current/edits_tmp_0000000000000000031-0000000000000000032_0000000000144347469 took 0.00s.
2021-03-07 05:01:23,520 INFO org.apache.hadoop.hdfs.server.namenode.TransferFsImage: Downloaded file edits_tmp_0000000000000000031-0000000000000000032_0000000000144347469 size 0 bytes.
2021-03-07 05:01:23,520 INFO org.apache.hadoop.hdfs.server.namenode.Checkpointer: Checkpointer about to load edits from 1 stream(s).
2021-03-07 05:01:23,520 INFO org.apache.hadoop.hdfs.server.namenode.FSImage: Reading /tmp/hadoop-xialb/dfs/namesecondary/current/edits_0000000000000000031-0000000000000000032 expecting start txid #31
2021-03-07 05:01:23,520 INFO org.apache.hadoop.hdfs.server.namenode.FSImage: Start loading edits file /tmp/hadoop-xialb/dfs/namesecondary/current/edits_0000000000000000031-0000000000000000032 maxTxnsToRead = 9223372036854775807
2021-03-07 05:01:23,520 INFO org.apache.hadoop.hdfs.server.namenode.FSImage: Edits file /tmp/hadoop-xialb/dfs/namesecondary/current/edits_0000000000000000031-0000000000000000032 of size 42 edits # 2 loaded in 0 seconds
2021-03-07 05:01:23,520 INFO org.apache.hadoop.hdfs.server.namenode.FSImageFormatProtobuf: Saving image file /tmp/hadoop-xialb/dfs/namesecondary/current/fsimage.ckpt_0000000000000000032 using no compression
2021-03-07 05:01:23,529 INFO org.apache.hadoop.hdfs.server.namenode.FSImageFormatProtobuf: Image file /tmp/hadoop-xialb/dfs/namesecondary/current/fsimage.ckpt_0000000000000000032 of size 400 bytes saved in 0 seconds .
2021-03-07 05:01:23,530 INFO org.apache.hadoop.hdfs.server.namenode.NNStorageRetentionManager: Going to retain 2 images with txid >= 30
2021-03-07 05:01:23,530 INFO org.apache.hadoop.hdfs.server.namenode.NNStorageRetentionManager: Purging old image FSImageFile(file=/tmp/hadoop-xialb/dfs/namesecondary/current/fsimage_0000000000000000028, cpktTxId=0000000000000000028)
2021-03-07 05:01:23,532 INFO org.apache.hadoop.hdfs.server.namenode.TransferFsImage: Sending fileName: /tmp/hadoop-xialb/dfs/namesecondary/current/fsimage_0000000000000000032, fileSize: 400. Sent total: 400 bytes. Size of last segment intended to send: -1 bytes.
2021-03-07 05:01:23,536 INFO org.apache.hadoop.hdfs.server.namenode.TransferFsImage: Uploaded image with txid 32 to namenode at http://localhost:9870 in 0.004 seconds
2021-03-07 05:01:23,536 WARN org.apache.hadoop.hdfs.server.namenode.SecondaryNameNode: Checkpoint done. New Image Size: 400
2021-03-07 06:01:23,904 INFO org.apache.hadoop.hdfs.server.namenode.SecondaryNameNode: Image has not changed. Will not download image.
2021-03-07 06:01:23,904 INFO org.apache.hadoop.hdfs.server.namenode.TransferFsImage: Opening connection to http://localhost:9870/imagetransfer?getedit=1&startTxId=33&endTxId=34&storageInfo=-65:1041693097:1615038969577:CID-8258497d-f43f-449d-b0f3-70fa981ede1d
2021-03-07 06:01:23,907 INFO org.apache.hadoop.hdfs.server.common.Util: Combined time for file download and fsync to all disks took 0.00s. The file download took 0.00s at 0.00 KB/s. Synchronous (fsync) write to disk of /tmp/hadoop-xialb/dfs/namesecondary/current/edits_tmp_0000000000000000033-0000000000000000034_0000000000147947857 took 0.00s.
2021-03-07 06:01:23,907 INFO org.apache.hadoop.hdfs.server.namenode.TransferFsImage: Downloaded file edits_tmp_0000000000000000033-0000000000000000034_0000000000147947857 size 0 bytes.
2021-03-07 06:01:23,907 INFO org.apache.hadoop.hdfs.server.namenode.Checkpointer: Checkpointer about to load edits from 1 stream(s).
2021-03-07 06:01:23,907 INFO org.apache.hadoop.hdfs.server.namenode.FSImage: Reading /tmp/hadoop-xialb/dfs/namesecondary/current/edits_0000000000000000033-0000000000000000034 expecting start txid #33
2021-03-07 06:01:23,907 INFO org.apache.hadoop.hdfs.server.namenode.FSImage: Start loading edits file /tmp/hadoop-xialb/dfs/namesecondary/current/edits_0000000000000000033-0000000000000000034 maxTxnsToRead = 9223372036854775807
2021-03-07 06:01:23,907 INFO org.apache.hadoop.hdfs.server.namenode.FSImage: Edits file /tmp/hadoop-xialb/dfs/namesecondary/current/edits_0000000000000000033-0000000000000000034 of size 42 edits # 2 loaded in 0 seconds
2021-03-07 06:01:23,908 INFO org.apache.hadoop.hdfs.server.namenode.FSImageFormatProtobuf: Saving image file /tmp/hadoop-xialb/dfs/namesecondary/current/fsimage.ckpt_0000000000000000034 using no compression
2021-03-07 06:01:23,918 INFO org.apache.hadoop.hdfs.server.namenode.FSImageFormatProtobuf: Image file /tmp/hadoop-xialb/dfs/namesecondary/current/fsimage.ckpt_0000000000000000034 of size 400 bytes saved in 0 seconds .
2021-03-07 06:01:23,919 INFO org.apache.hadoop.hdfs.server.namenode.NNStorageRetentionManager: Going to retain 2 images with txid >= 32
2021-03-07 06:01:23,919 INFO org.apache.hadoop.hdfs.server.namenode.NNStorageRetentionManager: Purging old image FSImageFile(file=/tmp/hadoop-xialb/dfs/namesecondary/current/fsimage_0000000000000000030, cpktTxId=0000000000000000030)
2021-03-07 06:01:23,922 INFO org.apache.hadoop.hdfs.server.namenode.TransferFsImage: Sending fileName: /tmp/hadoop-xialb/dfs/namesecondary/current/fsimage_0000000000000000034, fileSize: 400. Sent total: 400 bytes. Size of last segment intended to send: -1 bytes.
2021-03-07 06:01:23,925 INFO org.apache.hadoop.hdfs.server.namenode.TransferFsImage: Uploaded image with txid 34 to namenode at http://localhost:9870 in 0.004 seconds
2021-03-07 06:01:23,925 WARN org.apache.hadoop.hdfs.server.namenode.SecondaryNameNode: Checkpoint done. New Image Size: 400
2021-03-07 07:01:24,291 INFO org.apache.hadoop.hdfs.server.namenode.SecondaryNameNode: Image has not changed. Will not download image.
2021-03-07 07:01:24,291 INFO org.apache.hadoop.hdfs.server.namenode.TransferFsImage: Opening connection to http://localhost:9870/imagetransfer?getedit=1&startTxId=35&endTxId=36&storageInfo=-65:1041693097:1615038969577:CID-8258497d-f43f-449d-b0f3-70fa981ede1d
2021-03-07 07:01:24,294 INFO org.apache.hadoop.hdfs.server.common.Util: Combined time for file download and fsync to all disks took 0.00s. The file download took 0.00s at 0.00 KB/s. Synchronous (fsync) write to disk of /tmp/hadoop-xialb/dfs/namesecondary/current/edits_tmp_0000000000000000035-0000000000000000036_0000000000151548244 took 0.00s.
2021-03-07 07:01:24,294 INFO org.apache.hadoop.hdfs.server.namenode.TransferFsImage: Downloaded file edits_tmp_0000000000000000035-0000000000000000036_0000000000151548244 size 0 bytes.
2021-03-07 07:01:24,294 INFO org.apache.hadoop.hdfs.server.namenode.Checkpointer: Checkpointer about to load edits from 1 stream(s).
2021-03-07 07:01:24,294 INFO org.apache.hadoop.hdfs.server.namenode.FSImage: Reading /tmp/hadoop-xialb/dfs/namesecondary/current/edits_0000000000000000035-0000000000000000036 expecting start txid #35
2021-03-07 07:01:24,294 INFO org.apache.hadoop.hdfs.server.namenode.FSImage: Start loading edits file /tmp/hadoop-xialb/dfs/namesecondary/current/edits_0000000000000000035-0000000000000000036 maxTxnsToRead = 9223372036854775807
2021-03-07 07:01:24,294 INFO org.apache.hadoop.hdfs.server.namenode.FSImage: Edits file /tmp/hadoop-xialb/dfs/namesecondary/current/edits_0000000000000000035-0000000000000000036 of size 42 edits # 2 loaded in 0 seconds
2021-03-07 07:01:24,295 INFO org.apache.hadoop.hdfs.server.namenode.FSImageFormatProtobuf: Saving image file /tmp/hadoop-xialb/dfs/namesecondary/current/fsimage.ckpt_0000000000000000036 using no compression
2021-03-07 07:01:24,305 INFO org.apache.hadoop.hdfs.server.namenode.FSImageFormatProtobuf: Image file /tmp/hadoop-xialb/dfs/namesecondary/current/fsimage.ckpt_0000000000000000036 of size 400 bytes saved in 0 seconds .
2021-03-07 07:01:24,306 INFO org.apache.hadoop.hdfs.server.namenode.NNStorageRetentionManager: Going to retain 2 images with txid >= 34
2021-03-07 07:01:24,306 INFO org.apache.hadoop.hdfs.server.namenode.NNStorageRetentionManager: Purging old image FSImageFile(file=/tmp/hadoop-xialb/dfs/namesecondary/current/fsimage_0000000000000000032, cpktTxId=0000000000000000032)
2021-03-07 07:01:24,308 INFO org.apache.hadoop.hdfs.server.namenode.TransferFsImage: Sending fileName: /tmp/hadoop-xialb/dfs/namesecondary/current/fsimage_0000000000000000036, fileSize: 400. Sent total: 400 bytes. Size of last segment intended to send: -1 bytes.
2021-03-07 07:01:24,312 INFO org.apache.hadoop.hdfs.server.namenode.TransferFsImage: Uploaded image with txid 36 to namenode at http://localhost:9870 in 0.004 seconds
2021-03-07 07:01:24,312 WARN org.apache.hadoop.hdfs.server.namenode.SecondaryNameNode: Checkpoint done. New Image Size: 400
2021-03-07 08:01:24,647 INFO org.apache.hadoop.hdfs.server.namenode.SecondaryNameNode: Image has not changed. Will not download image.
2021-03-07 08:01:24,647 INFO org.apache.hadoop.hdfs.server.namenode.TransferFsImage: Opening connection to http://localhost:9870/imagetransfer?getedit=1&startTxId=37&endTxId=38&storageInfo=-65:1041693097:1615038969577:CID-8258497d-f43f-449d-b0f3-70fa981ede1d
2021-03-07 08:01:24,650 INFO org.apache.hadoop.hdfs.server.common.Util: Combined time for file download and fsync to all disks took 0.00s. The file download took 0.00s at 0.00 KB/s. Synchronous (fsync) write to disk of /tmp/hadoop-xialb/dfs/namesecondary/current/edits_tmp_0000000000000000037-0000000000000000038_0000000000155148600 took 0.00s.
2021-03-07 08:01:24,650 INFO org.apache.hadoop.hdfs.server.namenode.TransferFsImage: Downloaded file edits_tmp_0000000000000000037-0000000000000000038_0000000000155148600 size 0 bytes.
2021-03-07 08:01:24,650 INFO org.apache.hadoop.hdfs.server.namenode.Checkpointer: Checkpointer about to load edits from 1 stream(s).
2021-03-07 08:01:24,650 INFO org.apache.hadoop.hdfs.server.namenode.FSImage: Reading /tmp/hadoop-xialb/dfs/namesecondary/current/edits_0000000000000000037-0000000000000000038 expecting start txid #37
2021-03-07 08:01:24,650 INFO org.apache.hadoop.hdfs.server.namenode.FSImage: Start loading edits file /tmp/hadoop-xialb/dfs/namesecondary/current/edits_0000000000000000037-0000000000000000038 maxTxnsToRead = 9223372036854775807
2021-03-07 08:01:24,650 INFO org.apache.hadoop.hdfs.server.namenode.FSImage: Edits file /tmp/hadoop-xialb/dfs/namesecondary/current/edits_0000000000000000037-0000000000000000038 of size 42 edits # 2 loaded in 0 seconds
2021-03-07 08:01:24,651 INFO org.apache.hadoop.hdfs.server.namenode.FSImageFormatProtobuf: Saving image file /tmp/hadoop-xialb/dfs/namesecondary/current/fsimage.ckpt_0000000000000000038 using no compression
2021-03-07 08:01:24,661 INFO org.apache.hadoop.hdfs.server.namenode.FSImageFormatProtobuf: Image file /tmp/hadoop-xialb/dfs/namesecondary/current/fsimage.ckpt_0000000000000000038 of size 400 bytes saved in 0 seconds .
2021-03-07 08:01:24,662 INFO org.apache.hadoop.hdfs.server.namenode.NNStorageRetentionManager: Going to retain 2 images with txid >= 36
2021-03-07 08:01:24,662 INFO org.apache.hadoop.hdfs.server.namenode.NNStorageRetentionManager: Purging old image FSImageFile(file=/tmp/hadoop-xialb/dfs/namesecondary/current/fsimage_0000000000000000034, cpktTxId=0000000000000000034)
2021-03-07 08:01:24,664 INFO org.apache.hadoop.hdfs.server.namenode.TransferFsImage: Sending fileName: /tmp/hadoop-xialb/dfs/namesecondary/current/fsimage_0000000000000000038, fileSize: 400. Sent total: 400 bytes. Size of last segment intended to send: -1 bytes.
2021-03-07 08:01:24,668 INFO org.apache.hadoop.hdfs.server.namenode.TransferFsImage: Uploaded image with txid 38 to namenode at http://localhost:9870 in 0.004 seconds
2021-03-07 08:01:24,668 WARN org.apache.hadoop.hdfs.server.namenode.SecondaryNameNode: Checkpoint done. New Image Size: 400
2021-03-07 09:01:25,096 INFO org.apache.hadoop.hdfs.server.namenode.SecondaryNameNode: Image has not changed. Will not download image.
2021-03-07 09:01:25,096 INFO org.apache.hadoop.hdfs.server.namenode.TransferFsImage: Opening connection to http://localhost:9870/imagetransfer?getedit=1&startTxId=39&endTxId=40&storageInfo=-65:1041693097:1615038969577:CID-8258497d-f43f-449d-b0f3-70fa981ede1d
2021-03-07 09:01:25,104 INFO org.apache.hadoop.hdfs.server.common.Util: Combined time for file download and fsync to all disks took 0.00s. The file download took 0.00s at 0.00 KB/s. Synchronous (fsync) write to disk of /tmp/hadoop-xialb/dfs/namesecondary/current/edits_tmp_0000000000000000039-0000000000000000040_0000000000158749049 took 0.00s.
2021-03-07 09:01:25,104 INFO org.apache.hadoop.hdfs.server.namenode.TransferFsImage: Downloaded file edits_tmp_0000000000000000039-0000000000000000040_0000000000158749049 size 0 bytes.
2021-03-07 09:01:25,105 INFO org.apache.hadoop.hdfs.server.namenode.Checkpointer: Checkpointer about to load edits from 1 stream(s).
2021-03-07 09:01:25,105 INFO org.apache.hadoop.hdfs.server.namenode.FSImage: Reading /tmp/hadoop-xialb/dfs/namesecondary/current/edits_0000000000000000039-0000000000000000040 expecting start txid #39
2021-03-07 09:01:25,105 INFO org.apache.hadoop.hdfs.server.namenode.FSImage: Start loading edits file /tmp/hadoop-xialb/dfs/namesecondary/current/edits_0000000000000000039-0000000000000000040 maxTxnsToRead = 9223372036854775807
2021-03-07 09:01:25,106 INFO org.apache.hadoop.hdfs.server.namenode.FSImage: Edits file /tmp/hadoop-xialb/dfs/namesecondary/current/edits_0000000000000000039-0000000000000000040 of size 42 edits # 2 loaded in 0 seconds
2021-03-07 09:01:25,108 INFO org.apache.hadoop.hdfs.server.namenode.FSImageFormatProtobuf: Saving image file /tmp/hadoop-xialb/dfs/namesecondary/current/fsimage.ckpt_0000000000000000040 using no compression
2021-03-07 09:01:25,118 INFO org.apache.hadoop.hdfs.server.namenode.FSImageFormatProtobuf: Image file /tmp/hadoop-xialb/dfs/namesecondary/current/fsimage.ckpt_0000000000000000040 of size 400 bytes saved in 0 seconds .
2021-03-07 09:01:25,119 INFO org.apache.hadoop.hdfs.server.namenode.NNStorageRetentionManager: Going to retain 2 images with txid >= 38
2021-03-07 09:01:25,119 INFO org.apache.hadoop.hdfs.server.namenode.NNStorageRetentionManager: Purging old image FSImageFile(file=/tmp/hadoop-xialb/dfs/namesecondary/current/fsimage_0000000000000000036, cpktTxId=0000000000000000036)
2021-03-07 09:01:25,122 INFO org.apache.hadoop.hdfs.server.namenode.TransferFsImage: Sending fileName: /tmp/hadoop-xialb/dfs/namesecondary/current/fsimage_0000000000000000040, fileSize: 400. Sent total: 400 bytes. Size of last segment intended to send: -1 bytes.
2021-03-07 09:01:25,126 INFO org.apache.hadoop.hdfs.server.namenode.TransferFsImage: Uploaded image with txid 40 to namenode at http://localhost:9870 in 0.004 seconds
2021-03-07 09:01:25,126 WARN org.apache.hadoop.hdfs.server.namenode.SecondaryNameNode: Checkpoint done. New Image Size: 400
2021-03-07 10:01:25,493 INFO org.apache.hadoop.hdfs.server.namenode.SecondaryNameNode: Image has not changed. Will not download image.
2021-03-07 10:01:25,493 INFO org.apache.hadoop.hdfs.server.namenode.TransferFsImage: Opening connection to http://localhost:9870/imagetransfer?getedit=1&startTxId=41&endTxId=42&storageInfo=-65:1041693097:1615038969577:CID-8258497d-f43f-449d-b0f3-70fa981ede1d
2021-03-07 10:01:25,496 INFO org.apache.hadoop.hdfs.server.common.Util: Combined time for file download and fsync to all disks took 0.00s. The file download took 0.00s at 0.00 KB/s. Synchronous (fsync) write to disk of /tmp/hadoop-xialb/dfs/namesecondary/current/edits_tmp_0000000000000000041-0000000000000000042_0000000000162349446 took 0.00s.
2021-03-07 10:01:25,496 INFO org.apache.hadoop.hdfs.server.namenode.TransferFsImage: Downloaded file edits_tmp_0000000000000000041-0000000000000000042_0000000000162349446 size 0 bytes.
2021-03-07 10:01:25,496 INFO org.apache.hadoop.hdfs.server.namenode.Checkpointer: Checkpointer about to load edits from 1 stream(s).
2021-03-07 10:01:25,496 INFO org.apache.hadoop.hdfs.server.namenode.FSImage: Reading /tmp/hadoop-xialb/dfs/namesecondary/current/edits_0000000000000000041-0000000000000000042 expecting start txid #41
2021-03-07 10:01:25,496 INFO org.apache.hadoop.hdfs.server.namenode.FSImage: Start loading edits file /tmp/hadoop-xialb/dfs/namesecondary/current/edits_0000000000000000041-0000000000000000042 maxTxnsToRead = 9223372036854775807
2021-03-07 10:01:25,496 INFO org.apache.hadoop.hdfs.server.namenode.FSImage: Edits file /tmp/hadoop-xialb/dfs/namesecondary/current/edits_0000000000000000041-0000000000000000042 of size 42 edits # 2 loaded in 0 seconds
2021-03-07 10:01:25,497 INFO org.apache.hadoop.hdfs.server.namenode.FSImageFormatProtobuf: Saving image file /tmp/hadoop-xialb/dfs/namesecondary/current/fsimage.ckpt_0000000000000000042 using no compression
2021-03-07 10:01:25,506 INFO org.apache.hadoop.hdfs.server.namenode.FSImageFormatProtobuf: Image file /tmp/hadoop-xialb/dfs/namesecondary/current/fsimage.ckpt_0000000000000000042 of size 400 bytes saved in 0 seconds .
2021-03-07 10:01:25,508 INFO org.apache.hadoop.hdfs.server.namenode.NNStorageRetentionManager: Going to retain 2 images with txid >= 40
2021-03-07 10:01:25,508 INFO org.apache.hadoop.hdfs.server.namenode.NNStorageRetentionManager: Purging old image FSImageFile(file=/tmp/hadoop-xialb/dfs/namesecondary/current/fsimage_0000000000000000038, cpktTxId=0000000000000000038)
2021-03-07 10:01:25,510 INFO org.apache.hadoop.hdfs.server.namenode.TransferFsImage: Sending fileName: /tmp/hadoop-xialb/dfs/namesecondary/current/fsimage_0000000000000000042, fileSize: 400. Sent total: 400 bytes. Size of last segment intended to send: -1 bytes.
2021-03-07 10:01:25,514 INFO org.apache.hadoop.hdfs.server.namenode.TransferFsImage: Uploaded image with txid 42 to namenode at http://localhost:9870 in 0.004 seconds
2021-03-07 10:01:25,514 WARN org.apache.hadoop.hdfs.server.namenode.SecondaryNameNode: Checkpoint done. New Image Size: 400
2021-03-07 11:01:25,825 INFO org.apache.hadoop.hdfs.server.namenode.SecondaryNameNode: Image has not changed. Will not download image.
2021-03-07 11:01:25,825 INFO org.apache.hadoop.hdfs.server.namenode.TransferFsImage: Opening connection to http://localhost:9870/imagetransfer?getedit=1&startTxId=43&endTxId=44&storageInfo=-65:1041693097:1615038969577:CID-8258497d-f43f-449d-b0f3-70fa981ede1d
2021-03-07 11:01:25,828 INFO org.apache.hadoop.hdfs.server.common.Util: Combined time for file download and fsync to all disks took 0.00s. The file download took 0.00s at 0.00 KB/s. Synchronous (fsync) write to disk of /tmp/hadoop-xialb/dfs/namesecondary/current/edits_tmp_0000000000000000043-0000000000000000044_0000000000165949777 took 0.00s.
2021-03-07 11:01:25,828 INFO org.apache.hadoop.hdfs.server.namenode.TransferFsImage: Downloaded file edits_tmp_0000000000000000043-0000000000000000044_0000000000165949777 size 0 bytes.
2021-03-07 11:01:25,828 INFO org.apache.hadoop.hdfs.server.namenode.Checkpointer: Checkpointer about to load edits from 1 stream(s).
2021-03-07 11:01:25,828 INFO org.apache.hadoop.hdfs.server.namenode.FSImage: Reading /tmp/hadoop-xialb/dfs/namesecondary/current/edits_0000000000000000043-0000000000000000044 expecting start txid #43
2021-03-07 11:01:25,828 INFO org.apache.hadoop.hdfs.server.namenode.FSImage: Start loading edits file /tmp/hadoop-xialb/dfs/namesecondary/current/edits_0000000000000000043-0000000000000000044 maxTxnsToRead = 9223372036854775807
2021-03-07 11:01:25,828 INFO org.apache.hadoop.hdfs.server.namenode.FSImage: Edits file /tmp/hadoop-xialb/dfs/namesecondary/current/edits_0000000000000000043-0000000000000000044 of size 42 edits # 2 loaded in 0 seconds
2021-03-07 11:01:25,828 INFO org.apache.hadoop.hdfs.server.namenode.FSImageFormatProtobuf: Saving image file /tmp/hadoop-xialb/dfs/namesecondary/current/fsimage.ckpt_0000000000000000044 using no compression
2021-03-07 11:01:25,838 INFO org.apache.hadoop.hdfs.server.namenode.FSImageFormatProtobuf: Image file /tmp/hadoop-xialb/dfs/namesecondary/current/fsimage.ckpt_0000000000000000044 of size 400 bytes saved in 0 seconds .
2021-03-07 11:01:25,839 INFO org.apache.hadoop.hdfs.server.namenode.NNStorageRetentionManager: Going to retain 2 images with txid >= 42
2021-03-07 11:01:25,839 INFO org.apache.hadoop.hdfs.server.namenode.NNStorageRetentionManager: Purging old image FSImageFile(file=/tmp/hadoop-xialb/dfs/namesecondary/current/fsimage_0000000000000000040, cpktTxId=0000000000000000040)
2021-03-07 11:01:25,841 INFO org.apache.hadoop.hdfs.server.namenode.TransferFsImage: Sending fileName: /tmp/hadoop-xialb/dfs/namesecondary/current/fsimage_0000000000000000044, fileSize: 400. Sent total: 400 bytes. Size of last segment intended to send: -1 bytes.
2021-03-07 11:01:25,845 INFO org.apache.hadoop.hdfs.server.namenode.TransferFsImage: Uploaded image with txid 44 to namenode at http://localhost:9870 in 0.005 seconds
2021-03-07 11:01:25,845 WARN org.apache.hadoop.hdfs.server.namenode.SecondaryNameNode: Checkpoint done. New Image Size: 400
