2021-03-06 14:00:12,148 INFO org.apache.hadoop.hdfs.server.namenode.NameNode: STARTUP_MSG: 
/************************************************************
STARTUP_MSG: Starting NameNode
STARTUP_MSG:   host = 3d7293c86614/172.17.0.2
STARTUP_MSG:   args = []
STARTUP_MSG:   version = 3.2.0
STARTUP_MSG:   classpath = /opt/hadoop/etc/hadoop:/opt/hadoop/share/hadoop/common/lib/accessors-smart-1.2.jar:/opt/hadoop/share/hadoop/common/lib/asm-5.0.4.jar:/opt/hadoop/share/hadoop/common/lib/audience-annotations-0.5.0.jar:/opt/hadoop/share/hadoop/common/lib/avro-1.7.7.jar:/opt/hadoop/share/hadoop/common/lib/commons-beanutils-1.9.3.jar:/opt/hadoop/share/hadoop/common/lib/commons-cli-1.2.jar:/opt/hadoop/share/hadoop/common/lib/commons-codec-1.11.jar:/opt/hadoop/share/hadoop/common/lib/commons-collections-3.2.2.jar:/opt/hadoop/share/hadoop/common/lib/commons-compress-1.4.1.jar:/opt/hadoop/share/hadoop/common/lib/commons-configuration2-2.1.1.jar:/opt/hadoop/share/hadoop/common/lib/commons-io-2.5.jar:/opt/hadoop/share/hadoop/common/lib/commons-lang3-3.7.jar:/opt/hadoop/share/hadoop/common/lib/commons-logging-1.1.3.jar:/opt/hadoop/share/hadoop/common/lib/commons-math3-3.1.1.jar:/opt/hadoop/share/hadoop/common/lib/commons-net-3.6.jar:/opt/hadoop/share/hadoop/common/lib/commons-text-1.4.jar:/opt/hadoop/share/hadoop/common/lib/curator-client-2.12.0.jar:/opt/hadoop/share/hadoop/common/lib/curator-framework-2.12.0.jar:/opt/hadoop/share/hadoop/common/lib/curator-recipes-2.12.0.jar:/opt/hadoop/share/hadoop/common/lib/dnsjava-2.1.7.jar:/opt/hadoop/share/hadoop/common/lib/gson-2.2.4.jar:/opt/hadoop/share/hadoop/common/lib/guava-11.0.2.jar:/opt/hadoop/share/hadoop/common/lib/hadoop-annotations-3.2.0.jar:/opt/hadoop/share/hadoop/common/lib/hadoop-auth-3.2.0.jar:/opt/hadoop/share/hadoop/common/lib/htrace-core4-4.1.0-incubating.jar:/opt/hadoop/share/hadoop/common/lib/httpclient-4.5.2.jar:/opt/hadoop/share/hadoop/common/lib/httpcore-4.4.4.jar:/opt/hadoop/share/hadoop/common/lib/jackson-annotations-2.9.5.jar:/opt/hadoop/share/hadoop/common/lib/jackson-core-2.9.5.jar:/opt/hadoop/share/hadoop/common/lib/jackson-core-asl-1.9.13.jar:/opt/hadoop/share/hadoop/common/lib/jackson-databind-2.9.5.jar:/opt/hadoop/share/hadoop/common/lib/jackson-jaxrs-1.9.13.jar:/opt/hadoop/share/hadoop/common/lib/jackson-mapper-asl-1.9.13.jar:/opt/hadoop/share/hadoop/common/lib/jackson-xc-1.9.13.jar:/opt/hadoop/share/hadoop/common/lib/javax.servlet-api-3.1.0.jar:/opt/hadoop/share/hadoop/common/lib/jaxb-api-2.2.11.jar:/opt/hadoop/share/hadoop/common/lib/jaxb-impl-2.2.3-1.jar:/opt/hadoop/share/hadoop/common/lib/jcip-annotations-1.0-1.jar:/opt/hadoop/share/hadoop/common/lib/jersey-core-1.19.jar:/opt/hadoop/share/hadoop/common/lib/jersey-json-1.19.jar:/opt/hadoop/share/hadoop/common/lib/jersey-server-1.19.jar:/opt/hadoop/share/hadoop/common/lib/jersey-servlet-1.19.jar:/opt/hadoop/share/hadoop/common/lib/jettison-1.1.jar:/opt/hadoop/share/hadoop/common/lib/jetty-http-9.3.24.v20180605.jar:/opt/hadoop/share/hadoop/common/lib/jetty-io-9.3.24.v20180605.jar:/opt/hadoop/share/hadoop/common/lib/jetty-security-9.3.24.v20180605.jar:/opt/hadoop/share/hadoop/common/lib/jetty-server-9.3.24.v20180605.jar:/opt/hadoop/share/hadoop/common/lib/jetty-servlet-9.3.24.v20180605.jar:/opt/hadoop/share/hadoop/common/lib/jetty-util-9.3.24.v20180605.jar:/opt/hadoop/share/hadoop/common/lib/jetty-webapp-9.3.24.v20180605.jar:/opt/hadoop/share/hadoop/common/lib/jetty-xml-9.3.24.v20180605.jar:/opt/hadoop/share/hadoop/common/lib/jsch-0.1.54.jar:/opt/hadoop/share/hadoop/common/lib/json-smart-2.3.jar:/opt/hadoop/share/hadoop/common/lib/jsp-api-2.1.jar:/opt/hadoop/share/hadoop/common/lib/jsr305-3.0.0.jar:/opt/hadoop/share/hadoop/common/lib/jsr311-api-1.1.1.jar:/opt/hadoop/share/hadoop/common/lib/kerb-admin-1.0.1.jar:/opt/hadoop/share/hadoop/common/lib/kerb-client-1.0.1.jar:/opt/hadoop/share/hadoop/common/lib/kerb-common-1.0.1.jar:/opt/hadoop/share/hadoop/common/lib/kerb-core-1.0.1.jar:/opt/hadoop/share/hadoop/common/lib/kerb-crypto-1.0.1.jar:/opt/hadoop/share/hadoop/common/lib/kerb-identity-1.0.1.jar:/opt/hadoop/share/hadoop/common/lib/kerb-server-1.0.1.jar:/opt/hadoop/share/hadoop/common/lib/kerb-simplekdc-1.0.1.jar:/opt/hadoop/share/hadoop/common/lib/kerb-util-1.0.1.jar:/opt/hadoop/share/hadoop/common/lib/kerby-asn1-1.0.1.jar:/opt/hadoop/share/hadoop/common/lib/kerby-config-1.0.1.jar:/opt/hadoop/share/hadoop/common/lib/kerby-pkix-1.0.1.jar:/opt/hadoop/share/hadoop/common/lib/kerby-util-1.0.1.jar:/opt/hadoop/share/hadoop/common/lib/kerby-xdr-1.0.1.jar:/opt/hadoop/share/hadoop/common/lib/log4j-1.2.17.jar:/opt/hadoop/share/hadoop/common/lib/netty-3.10.5.Final.jar:/opt/hadoop/share/hadoop/common/lib/nimbus-jose-jwt-4.41.1.jar:/opt/hadoop/share/hadoop/common/lib/paranamer-2.3.jar:/opt/hadoop/share/hadoop/common/lib/protobuf-java-2.5.0.jar:/opt/hadoop/share/hadoop/common/lib/re2j-1.1.jar:/opt/hadoop/share/hadoop/common/lib/slf4j-api-1.7.25.jar:/opt/hadoop/share/hadoop/common/lib/slf4j-log4j12-1.7.25.jar:/opt/hadoop/share/hadoop/common/lib/snappy-java-1.0.5.jar:/opt/hadoop/share/hadoop/common/lib/stax2-api-3.1.4.jar:/opt/hadoop/share/hadoop/common/lib/token-provider-1.0.1.jar:/opt/hadoop/share/hadoop/common/lib/woodstox-core-5.0.3.jar:/opt/hadoop/share/hadoop/common/lib/xz-1.0.jar:/opt/hadoop/share/hadoop/common/lib/zookeeper-3.4.13.jar:/opt/hadoop/share/hadoop/common/lib/jul-to-slf4j-1.7.25.jar:/opt/hadoop/share/hadoop/common/lib/metrics-core-3.2.4.jar:/opt/hadoop/share/hadoop/common/hadoop-common-3.2.0.jar:/opt/hadoop/share/hadoop/common/hadoop-common-3.2.0-tests.jar:/opt/hadoop/share/hadoop/common/hadoop-nfs-3.2.0.jar:/opt/hadoop/share/hadoop/common/hadoop-kms-3.2.0.jar:/opt/hadoop/share/hadoop/hdfs:/opt/hadoop/share/hadoop/hdfs/lib/commons-daemon-1.0.13.jar:/opt/hadoop/share/hadoop/hdfs/lib/jetty-util-ajax-9.3.24.v20180605.jar:/opt/hadoop/share/hadoop/hdfs/lib/leveldbjni-all-1.8.jar:/opt/hadoop/share/hadoop/hdfs/lib/netty-all-4.0.52.Final.jar:/opt/hadoop/share/hadoop/hdfs/lib/okhttp-2.7.5.jar:/opt/hadoop/share/hadoop/hdfs/lib/okio-1.6.0.jar:/opt/hadoop/share/hadoop/hdfs/lib/hadoop-auth-3.2.0.jar:/opt/hadoop/share/hadoop/hdfs/lib/commons-codec-1.11.jar:/opt/hadoop/share/hadoop/hdfs/lib/log4j-1.2.17.jar:/opt/hadoop/share/hadoop/hdfs/lib/httpclient-4.5.2.jar:/opt/hadoop/share/hadoop/hdfs/lib/httpcore-4.4.4.jar:/opt/hadoop/share/hadoop/hdfs/lib/commons-logging-1.1.3.jar:/opt/hadoop/share/hadoop/hdfs/lib/nimbus-jose-jwt-4.41.1.jar:/opt/hadoop/share/hadoop/hdfs/lib/jcip-annotations-1.0-1.jar:/opt/hadoop/share/hadoop/hdfs/lib/json-smart-2.3.jar:/opt/hadoop/share/hadoop/hdfs/lib/accessors-smart-1.2.jar:/opt/hadoop/share/hadoop/hdfs/lib/asm-5.0.4.jar:/opt/hadoop/share/hadoop/hdfs/lib/zookeeper-3.4.13.jar:/opt/hadoop/share/hadoop/hdfs/lib/audience-annotations-0.5.0.jar:/opt/hadoop/share/hadoop/hdfs/lib/netty-3.10.5.Final.jar:/opt/hadoop/share/hadoop/hdfs/lib/curator-framework-2.12.0.jar:/opt/hadoop/share/hadoop/hdfs/lib/curator-client-2.12.0.jar:/opt/hadoop/share/hadoop/hdfs/lib/guava-11.0.2.jar:/opt/hadoop/share/hadoop/hdfs/lib/jsr305-3.0.0.jar:/opt/hadoop/share/hadoop/hdfs/lib/kerb-simplekdc-1.0.1.jar:/opt/hadoop/share/hadoop/hdfs/lib/kerb-client-1.0.1.jar:/opt/hadoop/share/hadoop/hdfs/lib/kerby-config-1.0.1.jar:/opt/hadoop/share/hadoop/hdfs/lib/kerb-core-1.0.1.jar:/opt/hadoop/share/hadoop/hdfs/lib/kerby-pkix-1.0.1.jar:/opt/hadoop/share/hadoop/hdfs/lib/kerby-asn1-1.0.1.jar:/opt/hadoop/share/hadoop/hdfs/lib/kerby-util-1.0.1.jar:/opt/hadoop/share/hadoop/hdfs/lib/kerb-common-1.0.1.jar:/opt/hadoop/share/hadoop/hdfs/lib/kerb-crypto-1.0.1.jar:/opt/hadoop/share/hadoop/hdfs/lib/commons-io-2.5.jar:/opt/hadoop/share/hadoop/hdfs/lib/kerb-util-1.0.1.jar:/opt/hadoop/share/hadoop/hdfs/lib/token-provider-1.0.1.jar:/opt/hadoop/share/hadoop/hdfs/lib/kerb-admin-1.0.1.jar:/opt/hadoop/share/hadoop/hdfs/lib/kerb-server-1.0.1.jar:/opt/hadoop/share/hadoop/hdfs/lib/kerb-identity-1.0.1.jar:/opt/hadoop/share/hadoop/hdfs/lib/kerby-xdr-1.0.1.jar:/opt/hadoop/share/hadoop/hdfs/lib/jersey-core-1.19.jar:/opt/hadoop/share/hadoop/hdfs/lib/jsr311-api-1.1.1.jar:/opt/hadoop/share/hadoop/hdfs/lib/jersey-server-1.19.jar:/opt/hadoop/share/hadoop/hdfs/lib/javax.servlet-api-3.1.0.jar:/opt/hadoop/share/hadoop/hdfs/lib/json-simple-1.1.1.jar:/opt/hadoop/share/hadoop/hdfs/lib/jetty-server-9.3.24.v20180605.jar:/opt/hadoop/share/hadoop/hdfs/lib/jetty-http-9.3.24.v20180605.jar:/opt/hadoop/share/hadoop/hdfs/lib/jetty-util-9.3.24.v20180605.jar:/opt/hadoop/share/hadoop/hdfs/lib/jetty-io-9.3.24.v20180605.jar:/opt/hadoop/share/hadoop/hdfs/lib/jetty-webapp-9.3.24.v20180605.jar:/opt/hadoop/share/hadoop/hdfs/lib/jetty-xml-9.3.24.v20180605.jar:/opt/hadoop/share/hadoop/hdfs/lib/jetty-servlet-9.3.24.v20180605.jar:/opt/hadoop/share/hadoop/hdfs/lib/jetty-security-9.3.24.v20180605.jar:/opt/hadoop/share/hadoop/hdfs/lib/hadoop-annotations-3.2.0.jar:/opt/hadoop/share/hadoop/hdfs/lib/commons-cli-1.2.jar:/opt/hadoop/share/hadoop/hdfs/lib/commons-math3-3.1.1.jar:/opt/hadoop/share/hadoop/hdfs/lib/commons-net-3.6.jar:/opt/hadoop/share/hadoop/hdfs/lib/commons-collections-3.2.2.jar:/opt/hadoop/share/hadoop/hdfs/lib/jersey-servlet-1.19.jar:/opt/hadoop/share/hadoop/hdfs/lib/jersey-json-1.19.jar:/opt/hadoop/share/hadoop/hdfs/lib/jettison-1.1.jar:/opt/hadoop/share/hadoop/hdfs/lib/jaxb-impl-2.2.3-1.jar:/opt/hadoop/share/hadoop/hdfs/lib/jaxb-api-2.2.11.jar:/opt/hadoop/share/hadoop/hdfs/lib/jackson-core-asl-1.9.13.jar:/opt/hadoop/share/hadoop/hdfs/lib/jackson-mapper-asl-1.9.13.jar:/opt/hadoop/share/hadoop/hdfs/lib/jackson-jaxrs-1.9.13.jar:/opt/hadoop/share/hadoop/hdfs/lib/jackson-xc-1.9.13.jar:/opt/hadoop/share/hadoop/hdfs/lib/commons-beanutils-1.9.3.jar:/opt/hadoop/share/hadoop/hdfs/lib/commons-configuration2-2.1.1.jar:/opt/hadoop/share/hadoop/hdfs/lib/commons-lang3-3.7.jar:/opt/hadoop/share/hadoop/hdfs/lib/commons-text-1.4.jar:/opt/hadoop/share/hadoop/hdfs/lib/avro-1.7.7.jar:/opt/hadoop/share/hadoop/hdfs/lib/paranamer-2.3.jar:/opt/hadoop/share/hadoop/hdfs/lib/snappy-java-1.0.5.jar:/opt/hadoop/share/hadoop/hdfs/lib/commons-compress-1.4.1.jar:/opt/hadoop/share/hadoop/hdfs/lib/xz-1.0.jar:/opt/hadoop/share/hadoop/hdfs/lib/re2j-1.1.jar:/opt/hadoop/share/hadoop/hdfs/lib/protobuf-java-2.5.0.jar:/opt/hadoop/share/hadoop/hdfs/lib/gson-2.2.4.jar:/opt/hadoop/share/hadoop/hdfs/lib/jsch-0.1.54.jar:/opt/hadoop/share/hadoop/hdfs/lib/curator-recipes-2.12.0.jar:/opt/hadoop/share/hadoop/hdfs/lib/htrace-core4-4.1.0-incubating.jar:/opt/hadoop/share/hadoop/hdfs/lib/jackson-databind-2.9.5.jar:/opt/hadoop/share/hadoop/hdfs/lib/jackson-annotations-2.9.5.jar:/opt/hadoop/share/hadoop/hdfs/lib/jackson-core-2.9.5.jar:/opt/hadoop/share/hadoop/hdfs/lib/stax2-api-3.1.4.jar:/opt/hadoop/share/hadoop/hdfs/lib/woodstox-core-5.0.3.jar:/opt/hadoop/share/hadoop/hdfs/lib/dnsjava-2.1.7.jar:/opt/hadoop/share/hadoop/hdfs/hadoop-hdfs-3.2.0.jar:/opt/hadoop/share/hadoop/hdfs/hadoop-hdfs-3.2.0-tests.jar:/opt/hadoop/share/hadoop/hdfs/hadoop-hdfs-nfs-3.2.0.jar:/opt/hadoop/share/hadoop/hdfs/hadoop-hdfs-client-3.2.0.jar:/opt/hadoop/share/hadoop/hdfs/hadoop-hdfs-client-3.2.0-tests.jar:/opt/hadoop/share/hadoop/hdfs/hadoop-hdfs-native-client-3.2.0.jar:/opt/hadoop/share/hadoop/hdfs/hadoop-hdfs-native-client-3.2.0-tests.jar:/opt/hadoop/share/hadoop/hdfs/hadoop-hdfs-rbf-3.2.0.jar:/opt/hadoop/share/hadoop/hdfs/hadoop-hdfs-rbf-3.2.0-tests.jar:/opt/hadoop/share/hadoop/hdfs/hadoop-hdfs-httpfs-3.2.0.jar:/opt/hadoop/share/hadoop/mapreduce/lib/hamcrest-core-1.3.jar:/opt/hadoop/share/hadoop/mapreduce/lib/junit-4.11.jar:/opt/hadoop/share/hadoop/mapreduce/hadoop-mapreduce-client-app-3.2.0.jar:/opt/hadoop/share/hadoop/mapreduce/hadoop-mapreduce-client-common-3.2.0.jar:/opt/hadoop/share/hadoop/mapreduce/hadoop-mapreduce-client-core-3.2.0.jar:/opt/hadoop/share/hadoop/mapreduce/hadoop-mapreduce-client-hs-3.2.0.jar:/opt/hadoop/share/hadoop/mapreduce/hadoop-mapreduce-client-hs-plugins-3.2.0.jar:/opt/hadoop/share/hadoop/mapreduce/hadoop-mapreduce-client-jobclient-3.2.0.jar:/opt/hadoop/share/hadoop/mapreduce/hadoop-mapreduce-client-jobclient-3.2.0-tests.jar:/opt/hadoop/share/hadoop/mapreduce/hadoop-mapreduce-client-nativetask-3.2.0.jar:/opt/hadoop/share/hadoop/mapreduce/hadoop-mapreduce-client-shuffle-3.2.0.jar:/opt/hadoop/share/hadoop/mapreduce/hadoop-mapreduce-client-uploader-3.2.0.jar:/opt/hadoop/share/hadoop/mapreduce/hadoop-mapreduce-examples-3.2.0.jar:/opt/hadoop/share/hadoop/yarn/lib/aopalliance-1.0.jar:/opt/hadoop/share/hadoop/yarn/lib/ehcache-3.3.1.jar:/opt/hadoop/share/hadoop/yarn/lib/fst-2.50.jar:/opt/hadoop/share/hadoop/yarn/lib/geronimo-jcache_1.0_spec-1.0-alpha-1.jar:/opt/hadoop/share/hadoop/yarn/lib/guice-4.0.jar:/opt/hadoop/share/hadoop/yarn/lib/guice-servlet-4.0.jar:/opt/hadoop/share/hadoop/yarn/lib/HikariCP-java7-2.4.12.jar:/opt/hadoop/share/hadoop/yarn/lib/jackson-jaxrs-base-2.9.5.jar:/opt/hadoop/share/hadoop/yarn/lib/jackson-jaxrs-json-provider-2.9.5.jar:/opt/hadoop/share/hadoop/yarn/lib/jackson-module-jaxb-annotations-2.9.5.jar:/opt/hadoop/share/hadoop/yarn/lib/java-util-1.9.0.jar:/opt/hadoop/share/hadoop/yarn/lib/javax.inject-1.jar:/opt/hadoop/share/hadoop/yarn/lib/jersey-client-1.19.jar:/opt/hadoop/share/hadoop/yarn/lib/jersey-guice-1.19.jar:/opt/hadoop/share/hadoop/yarn/lib/json-io-2.5.1.jar:/opt/hadoop/share/hadoop/yarn/lib/metrics-core-3.2.4.jar:/opt/hadoop/share/hadoop/yarn/lib/mssql-jdbc-6.2.1.jre7.jar:/opt/hadoop/share/hadoop/yarn/lib/objenesis-1.0.jar:/opt/hadoop/share/hadoop/yarn/lib/snakeyaml-1.16.jar:/opt/hadoop/share/hadoop/yarn/lib/swagger-annotations-1.5.4.jar:/opt/hadoop/share/hadoop/yarn/hadoop-yarn-api-3.2.0.jar:/opt/hadoop/share/hadoop/yarn/hadoop-yarn-applications-distributedshell-3.2.0.jar:/opt/hadoop/share/hadoop/yarn/hadoop-yarn-applications-unmanaged-am-launcher-3.2.0.jar:/opt/hadoop/share/hadoop/yarn/hadoop-yarn-client-3.2.0.jar:/opt/hadoop/share/hadoop/yarn/hadoop-yarn-common-3.2.0.jar:/opt/hadoop/share/hadoop/yarn/hadoop-yarn-registry-3.2.0.jar:/opt/hadoop/share/hadoop/yarn/hadoop-yarn-server-applicationhistoryservice-3.2.0.jar:/opt/hadoop/share/hadoop/yarn/hadoop-yarn-server-common-3.2.0.jar:/opt/hadoop/share/hadoop/yarn/hadoop-yarn-server-nodemanager-3.2.0.jar:/opt/hadoop/share/hadoop/yarn/hadoop-yarn-server-resourcemanager-3.2.0.jar:/opt/hadoop/share/hadoop/yarn/hadoop-yarn-server-router-3.2.0.jar:/opt/hadoop/share/hadoop/yarn/hadoop-yarn-server-sharedcachemanager-3.2.0.jar:/opt/hadoop/share/hadoop/yarn/hadoop-yarn-server-tests-3.2.0.jar:/opt/hadoop/share/hadoop/yarn/hadoop-yarn-server-timeline-pluginstorage-3.2.0.jar:/opt/hadoop/share/hadoop/yarn/hadoop-yarn-server-web-proxy-3.2.0.jar:/opt/hadoop/share/hadoop/yarn/hadoop-yarn-services-api-3.2.0.jar:/opt/hadoop/share/hadoop/yarn/hadoop-yarn-services-core-3.2.0.jar:/opt/hadoop/share/hadoop/yarn/hadoop-yarn-submarine-3.2.0.jar
STARTUP_MSG:   build = https://github.com/bentleyxia/hadoop.git -r f6c4e006cd1190e27fadbe0a38ce09782f45ca04; compiled by 'xialb' on 2021-03-06T12:48Z
STARTUP_MSG:   java = 1.8.0_282
************************************************************/
2021-03-06 14:00:12,153 INFO org.apache.hadoop.hdfs.server.namenode.NameNode: registered UNIX signal handlers for [TERM, HUP, INT]
2021-03-06 14:00:12,198 INFO org.apache.hadoop.hdfs.server.namenode.NameNode: createNameNode []
2021-03-06 14:00:12,256 INFO org.apache.hadoop.metrics2.impl.MetricsConfig: Loaded properties from hadoop-metrics2.properties
2021-03-06 14:00:12,331 INFO org.apache.hadoop.metrics2.impl.MetricsSystemImpl: Scheduled Metric snapshot period at 10 second(s).
2021-03-06 14:00:12,331 INFO org.apache.hadoop.metrics2.impl.MetricsSystemImpl: NameNode metrics system started
2021-03-06 14:00:12,346 INFO org.apache.hadoop.hdfs.server.namenode.NameNodeUtils: fs.defaultFS is hdfs://localhost:9000
2021-03-06 14:00:12,346 INFO org.apache.hadoop.hdfs.server.namenode.NameNode: Clients should use localhost:9000 to access this namenode/service.
2021-03-06 14:00:12,418 INFO org.apache.hadoop.util.JvmPauseMonitor: Starting JVM pause monitor
2021-03-06 14:00:12,432 INFO org.apache.hadoop.hdfs.DFSUtil: Starting Web-server for hdfs at: http://0.0.0.0:9870
2021-03-06 14:00:12,439 INFO org.eclipse.jetty.util.log: Logging initialized @550ms
2021-03-06 14:00:12,486 INFO org.apache.hadoop.security.authentication.server.AuthenticationFilter: Unable to initialize FileSignerSecretProvider, falling back to use random secrets.
2021-03-06 14:00:12,493 INFO org.apache.hadoop.http.HttpRequestLog: Http request log for http.requests.namenode is not defined
2021-03-06 14:00:12,499 INFO org.apache.hadoop.http.HttpServer2: Added global filter 'safety' (class=org.apache.hadoop.http.HttpServer2$QuotingInputFilter)
2021-03-06 14:00:12,500 INFO org.apache.hadoop.http.HttpServer2: Added filter static_user_filter (class=org.apache.hadoop.http.lib.StaticUserWebFilter$StaticUserFilter) to context hdfs
2021-03-06 14:00:12,500 INFO org.apache.hadoop.http.HttpServer2: Added filter static_user_filter (class=org.apache.hadoop.http.lib.StaticUserWebFilter$StaticUserFilter) to context static
2021-03-06 14:00:12,500 INFO org.apache.hadoop.http.HttpServer2: Added filter static_user_filter (class=org.apache.hadoop.http.lib.StaticUserWebFilter$StaticUserFilter) to context logs
2021-03-06 14:00:12,512 INFO org.apache.hadoop.http.HttpServer2: Added filter 'org.apache.hadoop.hdfs.web.AuthFilter' (class=org.apache.hadoop.hdfs.web.AuthFilter)
2021-03-06 14:00:12,512 INFO org.apache.hadoop.http.HttpServer2: addJerseyResourcePackage: packageName=org.apache.hadoop.hdfs.server.namenode.web.resources;org.apache.hadoop.hdfs.web.resources, pathSpec=/webhdfs/v1/*
2021-03-06 14:00:12,519 INFO org.apache.hadoop.http.HttpServer2: Jetty bound to port 9870
2021-03-06 14:00:12,520 INFO org.eclipse.jetty.server.Server: jetty-9.3.24.v20180605, build timestamp: 2018-06-05T17:11:56Z, git hash: 84205aa28f11a4f31f2a3b86d1bba2cc8ab69827
2021-03-06 14:00:12,535 INFO org.eclipse.jetty.server.handler.ContextHandler: Started o.e.j.s.ServletContextHandler@7526515b{/logs,file:///opt/hadoop/logs/,AVAILABLE}
2021-03-06 14:00:12,535 INFO org.eclipse.jetty.server.handler.ContextHandler: Started o.e.j.s.ServletContextHandler@54c5a2ff{/static,file:///opt/hadoop/share/hadoop/hdfs/webapps/static/,AVAILABLE}
2021-03-06 14:00:12,568 INFO org.eclipse.jetty.server.handler.ContextHandler: Started o.e.j.w.WebAppContext@14bdbc74{/,file:///opt/hadoop/share/hadoop/hdfs/webapps/hdfs/,AVAILABLE}{/hdfs}
2021-03-06 14:00:12,571 INFO org.eclipse.jetty.server.AbstractConnector: Started ServerConnector@23941fb4{HTTP/1.1,[http/1.1]}{0.0.0.0:9870}
2021-03-06 14:00:12,571 INFO org.eclipse.jetty.server.Server: Started @683ms
2021-03-06 14:00:12,691 WARN org.apache.hadoop.hdfs.server.namenode.FSNamesystem: Only one image storage directory (dfs.namenode.name.dir) configured. Beware of data loss due to lack of redundant storage directories!
2021-03-06 14:00:12,691 WARN org.apache.hadoop.hdfs.server.namenode.FSNamesystem: Only one namespace edits storage directory (dfs.namenode.edits.dir) configured. Beware of data loss due to lack of redundant storage directories!
2021-03-06 14:00:12,713 INFO org.apache.hadoop.hdfs.server.namenode.FSEditLog: Edit logging is async:true
2021-03-06 14:00:12,718 INFO org.apache.hadoop.hdfs.server.namenode.FSNamesystem: KeyProvider: null
2021-03-06 14:00:12,719 INFO org.apache.hadoop.hdfs.server.namenode.FSNamesystem: fsLock is fair: true
2021-03-06 14:00:12,720 INFO org.apache.hadoop.hdfs.server.namenode.FSNamesystem: Detailed lock hold time metrics enabled: false
2021-03-06 14:00:12,722 INFO org.apache.hadoop.hdfs.server.namenode.FSNamesystem: fsOwner             = xialb (auth:SIMPLE)
2021-03-06 14:00:12,722 INFO org.apache.hadoop.hdfs.server.namenode.FSNamesystem: supergroup          = supergroup
2021-03-06 14:00:12,722 INFO org.apache.hadoop.hdfs.server.namenode.FSNamesystem: isPermissionEnabled = true
2021-03-06 14:00:12,722 INFO org.apache.hadoop.hdfs.server.namenode.FSNamesystem: HA Enabled: false
2021-03-06 14:00:12,741 INFO org.apache.hadoop.hdfs.server.common.Util: dfs.datanode.fileio.profiling.sampling.percentage set to 0. Disabling file IO profiling
2021-03-06 14:00:12,745 INFO org.apache.hadoop.hdfs.server.blockmanagement.DatanodeManager: dfs.block.invalidate.limit: configured=1000, counted=60, effected=1000
2021-03-06 14:00:12,745 INFO org.apache.hadoop.hdfs.server.blockmanagement.DatanodeManager: dfs.namenode.datanode.registration.ip-hostname-check=true
2021-03-06 14:00:12,747 INFO org.apache.hadoop.hdfs.server.blockmanagement.BlockManager: dfs.namenode.startup.delay.block.deletion.sec is set to 000:00:00:00.000
2021-03-06 14:00:12,747 INFO org.apache.hadoop.hdfs.server.blockmanagement.BlockManager: The block deletion will start around 2021 Mar 06 14:00:12
2021-03-06 14:00:12,748 INFO org.apache.hadoop.util.GSet: Computing capacity for map BlocksMap
2021-03-06 14:00:12,748 INFO org.apache.hadoop.util.GSet: VM type       = 64-bit
2021-03-06 14:00:12,749 INFO org.apache.hadoop.util.GSet: 2.0% max memory 6.9 GB = 142.0 MB
2021-03-06 14:00:12,749 INFO org.apache.hadoop.util.GSet: capacity      = 2^24 = 16777216 entries
2021-03-06 14:00:12,759 INFO org.apache.hadoop.hdfs.server.blockmanagement.BlockManager: Storage policy satisfier is disabled
2021-03-06 14:00:12,759 INFO org.apache.hadoop.hdfs.server.blockmanagement.BlockManager: dfs.block.access.token.enable = false
2021-03-06 14:00:12,763 INFO org.apache.hadoop.conf.Configuration.deprecation: No unit for dfs.namenode.safemode.extension(30000) assuming MILLISECONDS
2021-03-06 14:00:12,763 INFO org.apache.hadoop.hdfs.server.blockmanagement.BlockManagerSafeMode: dfs.namenode.safemode.threshold-pct = 0.9990000128746033
2021-03-06 14:00:12,763 INFO org.apache.hadoop.hdfs.server.blockmanagement.BlockManagerSafeMode: dfs.namenode.safemode.min.datanodes = 0
2021-03-06 14:00:12,763 INFO org.apache.hadoop.hdfs.server.blockmanagement.BlockManagerSafeMode: dfs.namenode.safemode.extension = 30000
2021-03-06 14:00:12,763 INFO org.apache.hadoop.hdfs.server.blockmanagement.BlockManager: defaultReplication         = 1
2021-03-06 14:00:12,763 INFO org.apache.hadoop.hdfs.server.blockmanagement.BlockManager: maxReplication             = 512
2021-03-06 14:00:12,763 INFO org.apache.hadoop.hdfs.server.blockmanagement.BlockManager: minReplication             = 1
2021-03-06 14:00:12,763 INFO org.apache.hadoop.hdfs.server.blockmanagement.BlockManager: maxReplicationStreams      = 2
2021-03-06 14:00:12,763 INFO org.apache.hadoop.hdfs.server.blockmanagement.BlockManager: redundancyRecheckInterval  = 3000ms
2021-03-06 14:00:12,763 INFO org.apache.hadoop.hdfs.server.blockmanagement.BlockManager: encryptDataTransfer        = false
2021-03-06 14:00:12,763 INFO org.apache.hadoop.hdfs.server.blockmanagement.BlockManager: maxNumBlocksToLog          = 1000
2021-03-06 14:00:12,776 INFO org.apache.hadoop.hdfs.server.namenode.FSDirectory: GLOBAL serial map: bits=29 maxEntries=536870911
2021-03-06 14:00:12,776 INFO org.apache.hadoop.hdfs.server.namenode.FSDirectory: USER serial map: bits=24 maxEntries=16777215
2021-03-06 14:00:12,776 INFO org.apache.hadoop.hdfs.server.namenode.FSDirectory: GROUP serial map: bits=24 maxEntries=16777215
2021-03-06 14:00:12,776 INFO org.apache.hadoop.hdfs.server.namenode.FSDirectory: XATTR serial map: bits=24 maxEntries=16777215
2021-03-06 14:00:12,782 INFO org.apache.hadoop.util.GSet: Computing capacity for map INodeMap
2021-03-06 14:00:12,782 INFO org.apache.hadoop.util.GSet: VM type       = 64-bit
2021-03-06 14:00:12,782 INFO org.apache.hadoop.util.GSet: 1.0% max memory 6.9 GB = 71.0 MB
2021-03-06 14:00:12,782 INFO org.apache.hadoop.util.GSet: capacity      = 2^23 = 8388608 entries
2021-03-06 14:00:12,825 INFO org.apache.hadoop.hdfs.server.namenode.FSDirectory: ACLs enabled? false
2021-03-06 14:00:12,825 INFO org.apache.hadoop.hdfs.server.namenode.FSDirectory: POSIX ACL inheritance enabled? true
2021-03-06 14:00:12,825 INFO org.apache.hadoop.hdfs.server.namenode.FSDirectory: XAttrs enabled? true
2021-03-06 14:00:12,825 INFO org.apache.hadoop.hdfs.server.namenode.NameNode: Caching file names occurring more than 10 times
2021-03-06 14:00:12,828 INFO org.apache.hadoop.hdfs.server.namenode.snapshot.SnapshotManager: Loaded config captureOpenFiles: false, skipCaptureAccessTimeOnlyChange: false, snapshotDiffAllowSnapRootDescendant: true, maxSnapshotLimit: 65536
2021-03-06 14:00:12,829 INFO org.apache.hadoop.hdfs.server.namenode.snapshot.SnapshotManager: SkipList is disabled
2021-03-06 14:00:12,832 INFO org.apache.hadoop.util.GSet: Computing capacity for map cachedBlocks
2021-03-06 14:00:12,832 INFO org.apache.hadoop.util.GSet: VM type       = 64-bit
2021-03-06 14:00:12,832 INFO org.apache.hadoop.util.GSet: 0.25% max memory 6.9 GB = 17.8 MB
2021-03-06 14:00:12,832 INFO org.apache.hadoop.util.GSet: capacity      = 2^21 = 2097152 entries
2021-03-06 14:00:12,836 INFO org.apache.hadoop.hdfs.server.namenode.top.metrics.TopMetrics: NNTop conf: dfs.namenode.top.window.num.buckets = 10
2021-03-06 14:00:12,836 INFO org.apache.hadoop.hdfs.server.namenode.top.metrics.TopMetrics: NNTop conf: dfs.namenode.top.num.users = 10
2021-03-06 14:00:12,836 INFO org.apache.hadoop.hdfs.server.namenode.top.metrics.TopMetrics: NNTop conf: dfs.namenode.top.windows.minutes = 1,5,25
2021-03-06 14:00:12,837 INFO org.apache.hadoop.hdfs.server.namenode.FSNamesystem: Retry cache on namenode is enabled
2021-03-06 14:00:12,837 INFO org.apache.hadoop.hdfs.server.namenode.FSNamesystem: Retry cache will use 0.03 of total heap and retry cache entry expiry time is 600000 millis
2021-03-06 14:00:12,838 INFO org.apache.hadoop.util.GSet: Computing capacity for map NameNodeRetryCache
2021-03-06 14:00:12,838 INFO org.apache.hadoop.util.GSet: VM type       = 64-bit
2021-03-06 14:00:12,838 INFO org.apache.hadoop.util.GSet: 0.029999999329447746% max memory 6.9 GB = 2.1 MB
2021-03-06 14:00:12,838 INFO org.apache.hadoop.util.GSet: capacity      = 2^18 = 262144 entries
2021-03-06 14:00:12,846 INFO org.apache.hadoop.hdfs.server.common.Storage: Lock on /tmp/hadoop-xialb/dfs/name/in_use.lock acquired by nodename 355439@3d7293c86614
2021-03-06 14:00:12,858 INFO org.apache.hadoop.hdfs.server.namenode.FileJournalManager: Recovering unfinalized segments in /tmp/hadoop-xialb/dfs/name/current
2021-03-06 14:00:12,858 INFO org.apache.hadoop.hdfs.server.namenode.FSImage: No edit log streams selected.
2021-03-06 14:00:12,858 INFO org.apache.hadoop.hdfs.server.namenode.FSImage: Planning to load image: FSImageFile(file=/tmp/hadoop-xialb/dfs/name/current/fsimage_0000000000000000000, cpktTxId=0000000000000000000)
2021-03-06 14:00:12,890 INFO org.apache.hadoop.hdfs.server.namenode.FSImageFormatPBINode: Loading 1 INodes.
2021-03-06 14:00:12,904 INFO org.apache.hadoop.hdfs.server.namenode.FSImageFormatProtobuf: Loaded FSImage in 0 seconds.
2021-03-06 14:00:12,904 INFO org.apache.hadoop.hdfs.server.namenode.FSImage: Loaded image for txid 0 from /tmp/hadoop-xialb/dfs/name/current/fsimage_0000000000000000000
2021-03-06 14:00:12,906 INFO org.apache.hadoop.hdfs.server.namenode.FSNamesystem: Need to save fs image? false (staleImage=false, haEnabled=false, isRollingUpgrade=false)
2021-03-06 14:00:12,906 INFO org.apache.hadoop.hdfs.server.namenode.FSEditLog: Starting log segment at 1
2021-03-06 14:00:12,981 INFO org.apache.hadoop.hdfs.server.namenode.NameCache: initialized with 0 entries 0 lookups
2021-03-06 14:00:12,981 INFO org.apache.hadoop.hdfs.server.namenode.FSNamesystem: Finished loading FSImage in 141 msecs
2021-03-06 14:00:13,068 INFO org.apache.hadoop.hdfs.server.namenode.NameNode: RPC server is binding to localhost:9000
2021-03-06 14:00:13,073 INFO org.apache.hadoop.ipc.CallQueueManager: Using callQueue: class java.util.concurrent.LinkedBlockingQueue, queueCapacity: 1000, scheduler: class org.apache.hadoop.ipc.DefaultRpcScheduler, ipcBackoff: false.
2021-03-06 14:00:13,079 INFO org.apache.hadoop.ipc.Server: Starting Socket Reader #1 for port 9000
2021-03-06 14:00:13,196 INFO org.apache.hadoop.hdfs.server.namenode.FSNamesystem: Registered FSNamesystemState, ReplicatedBlocksState and ECBlockGroupsState MBeans.
2021-03-06 14:00:13,200 INFO org.apache.hadoop.hdfs.server.namenode.LeaseManager: Number of blocks under construction: 0
2021-03-06 14:00:13,205 INFO org.apache.hadoop.hdfs.server.blockmanagement.BlockManager: initializing replication queues
2021-03-06 14:00:13,205 INFO org.apache.hadoop.hdfs.StateChange: STATE* Leaving safe mode after 0 secs
2021-03-06 14:00:13,206 INFO org.apache.hadoop.hdfs.StateChange: STATE* Network topology has 0 racks and 0 datanodes
2021-03-06 14:00:13,206 INFO org.apache.hadoop.hdfs.StateChange: STATE* UnderReplicatedBlocks has 0 blocks
2021-03-06 14:00:13,217 INFO org.apache.hadoop.hdfs.server.blockmanagement.BlockManager: Total number of blocks            = 0
2021-03-06 14:00:13,217 INFO org.apache.hadoop.hdfs.server.blockmanagement.BlockManager: Number of invalid blocks          = 0
2021-03-06 14:00:13,217 INFO org.apache.hadoop.hdfs.server.blockmanagement.BlockManager: Number of under-replicated blocks = 0
2021-03-06 14:00:13,217 INFO org.apache.hadoop.hdfs.server.blockmanagement.BlockManager: Number of  over-replicated blocks = 0
2021-03-06 14:00:13,217 INFO org.apache.hadoop.hdfs.server.blockmanagement.BlockManager: Number of blocks being written    = 0
2021-03-06 14:00:13,217 INFO org.apache.hadoop.hdfs.StateChange: STATE* Replication Queue initialization scan for invalid, over- and under-replicated blocks completed in 11 msec
2021-03-06 14:00:13,221 INFO org.apache.hadoop.ipc.Server: IPC Server Responder: starting
2021-03-06 14:00:13,221 INFO org.apache.hadoop.ipc.Server: IPC Server listener on 9000: starting
2021-03-06 14:00:13,222 INFO org.apache.hadoop.hdfs.server.namenode.NameNode: NameNode RPC up at: localhost/127.0.0.1:9000
2021-03-06 14:00:13,223 INFO org.apache.hadoop.hdfs.server.namenode.FSNamesystem: Starting services required for active state
2021-03-06 14:00:13,223 INFO org.apache.hadoop.hdfs.server.namenode.FSDirectory: Initializing quota with 4 thread(s)
2021-03-06 14:00:13,226 INFO org.apache.hadoop.hdfs.server.namenode.FSDirectory: Quota initialization completed in 3 milliseconds
name space=1
storage space=0
storage types=RAM_DISK=0, SSD=0, DISK=0, ARCHIVE=0, PROVIDED=0
2021-03-06 14:00:13,228 INFO org.apache.hadoop.hdfs.server.blockmanagement.CacheReplicationMonitor: Starting CacheReplicationMonitor with interval 30000 milliseconds
2021-03-06 14:00:15,333 INFO org.apache.hadoop.hdfs.StateChange: BLOCK* registerDatanode: from DatanodeRegistration(127.0.0.1:9866, datanodeUuid=c52cfeeb-2a92-4eaf-88d5-f77cef032d44, infoPort=9864, infoSecurePort=0, ipcPort=9867, storageInfo=lv=-57;cid=CID-8258497d-f43f-449d-b0f3-70fa981ede1d;nsid=1041693097;c=1615038969577) storage c52cfeeb-2a92-4eaf-88d5-f77cef032d44
2021-03-06 14:00:15,334 INFO org.apache.hadoop.net.NetworkTopology: Adding a new node: /default-rack/127.0.0.1:9866
2021-03-06 14:00:15,334 INFO org.apache.hadoop.hdfs.server.blockmanagement.BlockReportLeaseManager: Registered DN c52cfeeb-2a92-4eaf-88d5-f77cef032d44 (127.0.0.1:9866).
2021-03-06 14:00:15,373 INFO org.apache.hadoop.hdfs.server.blockmanagement.DatanodeDescriptor: Adding new storage ID DS-a46fdaf7-52db-4c9a-80c3-8ea8cc69fbc0 for DN 127.0.0.1:9866
2021-03-06 14:00:15,395 INFO BlockStateChange: BLOCK* processReport 0xdbc302fa005f8ed: Processing first storage report for DS-a46fdaf7-52db-4c9a-80c3-8ea8cc69fbc0 from datanode c52cfeeb-2a92-4eaf-88d5-f77cef032d44
2021-03-06 14:00:15,396 INFO BlockStateChange: BLOCK* processReport 0xdbc302fa005f8ed: from storage DS-a46fdaf7-52db-4c9a-80c3-8ea8cc69fbc0 node DatanodeRegistration(127.0.0.1:9866, datanodeUuid=c52cfeeb-2a92-4eaf-88d5-f77cef032d44, infoPort=9864, infoSecurePort=0, ipcPort=9867, storageInfo=lv=-57;cid=CID-8258497d-f43f-449d-b0f3-70fa981ede1d;nsid=1041693097;c=1615038969577), blocks: 0, hasStaleStorage: false, processing time: 1 msecs, invalidatedBlocks: 0
2021-03-06 14:01:17,505 INFO org.apache.hadoop.hdfs.server.namenode.FSNamesystem: Roll Edit Log from 127.0.0.1
2021-03-06 14:01:17,505 INFO org.apache.hadoop.hdfs.server.namenode.FSEditLog: Rolling edit logs
2021-03-06 14:01:17,505 INFO org.apache.hadoop.hdfs.server.namenode.FSEditLog: Ending log segment 1, 1
2021-03-06 14:01:17,505 INFO org.apache.hadoop.hdfs.server.namenode.FSEditLog: Number of transactions: 2 Total time for transactions(ms): 0 Number of transactions batched in Syncs: 0 Number of syncs: 2 SyncTimes(ms): 3 
2021-03-06 14:01:17,517 INFO org.apache.hadoop.hdfs.server.namenode.FSEditLog: Number of transactions: 2 Total time for transactions(ms): 0 Number of transactions batched in Syncs: 0 Number of syncs: 3 SyncTimes(ms): 15 
2021-03-06 14:01:17,518 INFO org.apache.hadoop.hdfs.server.namenode.FileJournalManager: Finalizing edits file /tmp/hadoop-xialb/dfs/name/current/edits_inprogress_0000000000000000001 -> /tmp/hadoop-xialb/dfs/name/current/edits_0000000000000000001-0000000000000000002
2021-03-06 14:01:17,528 INFO org.apache.hadoop.hdfs.server.namenode.FSEditLog: Starting log segment at 3
2021-03-06 14:01:17,625 INFO org.apache.hadoop.hdfs.server.namenode.TransferFsImage: Sending fileName: /tmp/hadoop-xialb/dfs/name/current/fsimage_0000000000000000000, fileSize: 400. Sent total: 400 bytes. Size of last segment intended to send: -1 bytes.
2021-03-06 14:01:17,633 INFO org.apache.hadoop.hdfs.server.namenode.TransferFsImage: Sending fileName: /tmp/hadoop-xialb/dfs/name/current/edits_0000000000000000001-0000000000000000002, fileSize: 42. Sent total: 42 bytes. Size of last segment intended to send: -1 bytes.
2021-03-06 14:01:17,772 INFO org.apache.hadoop.hdfs.server.common.Util: Combined time for file download and fsync to all disks took 0.00s. The file download took 0.00s at 0.00 KB/s. Synchronous (fsync) write to disk of /tmp/hadoop-xialb/dfs/name/current/fsimage.ckpt_0000000000000000002 took 0.00s.
2021-03-06 14:01:17,772 INFO org.apache.hadoop.hdfs.server.namenode.TransferFsImage: Downloaded file fsimage.ckpt_0000000000000000002 size 400 bytes.
2021-03-06 14:01:17,774 INFO org.apache.hadoop.hdfs.server.namenode.NNStorageRetentionManager: Going to retain 2 images with txid >= 0
2021-03-06 15:01:18,213 INFO org.apache.hadoop.hdfs.server.namenode.FSNamesystem: Roll Edit Log from 127.0.0.1
2021-03-06 15:01:18,213 INFO org.apache.hadoop.hdfs.server.namenode.FSEditLog: Rolling edit logs
2021-03-06 15:01:18,213 INFO org.apache.hadoop.hdfs.server.namenode.FSEditLog: Ending log segment 3, 3
2021-03-06 15:01:18,214 INFO org.apache.hadoop.hdfs.server.namenode.FSEditLog: Number of transactions: 2 Total time for transactions(ms): 0 Number of transactions batched in Syncs: 0 Number of syncs: 2 SyncTimes(ms): 19 
2021-03-06 15:01:18,216 INFO org.apache.hadoop.hdfs.server.namenode.FSEditLog: Number of transactions: 2 Total time for transactions(ms): 0 Number of transactions batched in Syncs: 0 Number of syncs: 3 SyncTimes(ms): 20 
2021-03-06 15:01:18,217 INFO org.apache.hadoop.hdfs.server.namenode.FileJournalManager: Finalizing edits file /tmp/hadoop-xialb/dfs/name/current/edits_inprogress_0000000000000000003 -> /tmp/hadoop-xialb/dfs/name/current/edits_0000000000000000003-0000000000000000004
2021-03-06 15:01:18,218 INFO org.apache.hadoop.hdfs.server.namenode.FSEditLog: Starting log segment at 5
2021-03-06 15:01:18,265 INFO org.apache.hadoop.hdfs.server.namenode.TransferFsImage: Sending fileName: /tmp/hadoop-xialb/dfs/name/current/edits_0000000000000000003-0000000000000000004, fileSize: 42. Sent total: 42 bytes. Size of last segment intended to send: -1 bytes.
2021-03-06 15:01:18,286 INFO org.apache.hadoop.hdfs.server.common.Util: Combined time for file download and fsync to all disks took 0.00s. The file download took 0.00s at 0.00 KB/s. Synchronous (fsync) write to disk of /tmp/hadoop-xialb/dfs/name/current/fsimage.ckpt_0000000000000000004 took 0.00s.
2021-03-06 15:01:18,286 INFO org.apache.hadoop.hdfs.server.namenode.TransferFsImage: Downloaded file fsimage.ckpt_0000000000000000004 size 400 bytes.
2021-03-06 15:01:18,287 INFO org.apache.hadoop.hdfs.server.namenode.NNStorageRetentionManager: Going to retain 2 images with txid >= 2
2021-03-06 15:01:18,287 INFO org.apache.hadoop.hdfs.server.namenode.NNStorageRetentionManager: Purging old image FSImageFile(file=/tmp/hadoop-xialb/dfs/name/current/fsimage_0000000000000000000, cpktTxId=0000000000000000000)
2021-03-06 16:01:18,684 INFO org.apache.hadoop.hdfs.server.namenode.FSNamesystem: Roll Edit Log from 127.0.0.1
2021-03-06 16:01:18,684 INFO org.apache.hadoop.hdfs.server.namenode.FSEditLog: Rolling edit logs
2021-03-06 16:01:18,684 INFO org.apache.hadoop.hdfs.server.namenode.FSEditLog: Ending log segment 5, 5
2021-03-06 16:01:18,685 INFO org.apache.hadoop.hdfs.server.namenode.FSEditLog: Number of transactions: 2 Total time for transactions(ms): 0 Number of transactions batched in Syncs: 0 Number of syncs: 2 SyncTimes(ms): 38 
2021-03-06 16:01:18,697 INFO org.apache.hadoop.hdfs.server.namenode.FSEditLog: Number of transactions: 2 Total time for transactions(ms): 0 Number of transactions batched in Syncs: 0 Number of syncs: 3 SyncTimes(ms): 50 
2021-03-06 16:01:18,697 INFO org.apache.hadoop.hdfs.server.namenode.FileJournalManager: Finalizing edits file /tmp/hadoop-xialb/dfs/name/current/edits_inprogress_0000000000000000005 -> /tmp/hadoop-xialb/dfs/name/current/edits_0000000000000000005-0000000000000000006
2021-03-06 16:01:18,697 INFO org.apache.hadoop.hdfs.server.namenode.FSEditLog: Starting log segment at 7
2021-03-06 16:01:18,719 INFO org.apache.hadoop.hdfs.server.namenode.TransferFsImage: Sending fileName: /tmp/hadoop-xialb/dfs/name/current/edits_0000000000000000005-0000000000000000006, fileSize: 42. Sent total: 42 bytes. Size of last segment intended to send: -1 bytes.
2021-03-06 16:01:18,738 INFO org.apache.hadoop.hdfs.server.common.Util: Combined time for file download and fsync to all disks took 0.00s. The file download took 0.00s at 0.00 KB/s. Synchronous (fsync) write to disk of /tmp/hadoop-xialb/dfs/name/current/fsimage.ckpt_0000000000000000006 took 0.00s.
2021-03-06 16:01:18,738 INFO org.apache.hadoop.hdfs.server.namenode.TransferFsImage: Downloaded file fsimage.ckpt_0000000000000000006 size 400 bytes.
2021-03-06 16:01:18,740 INFO org.apache.hadoop.hdfs.server.namenode.NNStorageRetentionManager: Going to retain 2 images with txid >= 4
2021-03-06 16:01:18,740 INFO org.apache.hadoop.hdfs.server.namenode.NNStorageRetentionManager: Purging old image FSImageFile(file=/tmp/hadoop-xialb/dfs/name/current/fsimage_0000000000000000002, cpktTxId=0000000000000000002)
2021-03-06 17:01:19,125 INFO org.apache.hadoop.hdfs.server.namenode.FSNamesystem: Roll Edit Log from 127.0.0.1
2021-03-06 17:01:19,125 INFO org.apache.hadoop.hdfs.server.namenode.FSEditLog: Rolling edit logs
2021-03-06 17:01:19,125 INFO org.apache.hadoop.hdfs.server.namenode.FSEditLog: Ending log segment 7, 7
2021-03-06 17:01:19,126 INFO org.apache.hadoop.hdfs.server.namenode.FSEditLog: Number of transactions: 2 Total time for transactions(ms): 0 Number of transactions batched in Syncs: 0 Number of syncs: 2 SyncTimes(ms): 16 
2021-03-06 17:01:19,138 INFO org.apache.hadoop.hdfs.server.namenode.FSEditLog: Number of transactions: 2 Total time for transactions(ms): 0 Number of transactions batched in Syncs: 0 Number of syncs: 3 SyncTimes(ms): 27 
2021-03-06 17:01:19,140 INFO org.apache.hadoop.hdfs.server.namenode.FileJournalManager: Finalizing edits file /tmp/hadoop-xialb/dfs/name/current/edits_inprogress_0000000000000000007 -> /tmp/hadoop-xialb/dfs/name/current/edits_0000000000000000007-0000000000000000008
2021-03-06 17:01:19,140 INFO org.apache.hadoop.hdfs.server.namenode.FSEditLog: Starting log segment at 9
2021-03-06 17:01:19,160 INFO org.apache.hadoop.hdfs.server.namenode.TransferFsImage: Sending fileName: /tmp/hadoop-xialb/dfs/name/current/edits_0000000000000000007-0000000000000000008, fileSize: 42. Sent total: 42 bytes. Size of last segment intended to send: -1 bytes.
2021-03-06 17:01:19,176 INFO org.apache.hadoop.hdfs.server.common.Util: Combined time for file download and fsync to all disks took 0.00s. The file download took 0.00s at 0.00 KB/s. Synchronous (fsync) write to disk of /tmp/hadoop-xialb/dfs/name/current/fsimage.ckpt_0000000000000000008 took 0.00s.
2021-03-06 17:01:19,177 INFO org.apache.hadoop.hdfs.server.namenode.TransferFsImage: Downloaded file fsimage.ckpt_0000000000000000008 size 400 bytes.
2021-03-06 17:01:19,178 INFO org.apache.hadoop.hdfs.server.namenode.NNStorageRetentionManager: Going to retain 2 images with txid >= 6
2021-03-06 17:01:19,178 INFO org.apache.hadoop.hdfs.server.namenode.NNStorageRetentionManager: Purging old image FSImageFile(file=/tmp/hadoop-xialb/dfs/name/current/fsimage_0000000000000000004, cpktTxId=0000000000000000004)
2021-03-06 18:01:19,522 INFO org.apache.hadoop.hdfs.server.namenode.FSNamesystem: Roll Edit Log from 127.0.0.1
2021-03-06 18:01:19,522 INFO org.apache.hadoop.hdfs.server.namenode.FSEditLog: Rolling edit logs
2021-03-06 18:01:19,522 INFO org.apache.hadoop.hdfs.server.namenode.FSEditLog: Ending log segment 9, 9
2021-03-06 18:01:19,523 INFO org.apache.hadoop.hdfs.server.namenode.FSEditLog: Number of transactions: 2 Total time for transactions(ms): 0 Number of transactions batched in Syncs: 0 Number of syncs: 2 SyncTimes(ms): 15 
2021-03-06 18:01:19,534 INFO org.apache.hadoop.hdfs.server.namenode.FSEditLog: Number of transactions: 2 Total time for transactions(ms): 0 Number of transactions batched in Syncs: 0 Number of syncs: 3 SyncTimes(ms): 27 
2021-03-06 18:01:19,536 INFO org.apache.hadoop.hdfs.server.namenode.FileJournalManager: Finalizing edits file /tmp/hadoop-xialb/dfs/name/current/edits_inprogress_0000000000000000009 -> /tmp/hadoop-xialb/dfs/name/current/edits_0000000000000000009-0000000000000000010
2021-03-06 18:01:19,536 INFO org.apache.hadoop.hdfs.server.namenode.FSEditLog: Starting log segment at 11
2021-03-06 18:01:19,566 INFO org.apache.hadoop.hdfs.server.namenode.TransferFsImage: Sending fileName: /tmp/hadoop-xialb/dfs/name/current/edits_0000000000000000009-0000000000000000010, fileSize: 42. Sent total: 42 bytes. Size of last segment intended to send: -1 bytes.
2021-03-06 18:01:19,581 INFO org.apache.hadoop.hdfs.server.common.Util: Combined time for file download and fsync to all disks took 0.00s. The file download took 0.00s at 0.00 KB/s. Synchronous (fsync) write to disk of /tmp/hadoop-xialb/dfs/name/current/fsimage.ckpt_0000000000000000010 took 0.00s.
2021-03-06 18:01:19,581 INFO org.apache.hadoop.hdfs.server.namenode.TransferFsImage: Downloaded file fsimage.ckpt_0000000000000000010 size 400 bytes.
2021-03-06 18:01:19,583 INFO org.apache.hadoop.hdfs.server.namenode.NNStorageRetentionManager: Going to retain 2 images with txid >= 8
2021-03-06 18:01:19,583 INFO org.apache.hadoop.hdfs.server.namenode.NNStorageRetentionManager: Purging old image FSImageFile(file=/tmp/hadoop-xialb/dfs/name/current/fsimage_0000000000000000006, cpktTxId=0000000000000000006)
2021-03-06 19:01:19,907 INFO org.apache.hadoop.hdfs.server.namenode.FSNamesystem: Roll Edit Log from 127.0.0.1
2021-03-06 19:01:19,907 INFO org.apache.hadoop.hdfs.server.namenode.FSEditLog: Rolling edit logs
2021-03-06 19:01:19,907 INFO org.apache.hadoop.hdfs.server.namenode.FSEditLog: Ending log segment 11, 11
2021-03-06 19:01:19,908 INFO org.apache.hadoop.hdfs.server.namenode.FSEditLog: Number of transactions: 2 Total time for transactions(ms): 0 Number of transactions batched in Syncs: 0 Number of syncs: 2 SyncTimes(ms): 24 
2021-03-06 19:01:19,909 INFO org.apache.hadoop.hdfs.server.namenode.FSEditLog: Number of transactions: 2 Total time for transactions(ms): 0 Number of transactions batched in Syncs: 0 Number of syncs: 3 SyncTimes(ms): 26 
2021-03-06 19:01:19,911 INFO org.apache.hadoop.hdfs.server.namenode.FileJournalManager: Finalizing edits file /tmp/hadoop-xialb/dfs/name/current/edits_inprogress_0000000000000000011 -> /tmp/hadoop-xialb/dfs/name/current/edits_0000000000000000011-0000000000000000012
2021-03-06 19:01:19,911 INFO org.apache.hadoop.hdfs.server.namenode.FSEditLog: Starting log segment at 13
2021-03-06 19:01:19,932 INFO org.apache.hadoop.hdfs.server.namenode.TransferFsImage: Sending fileName: /tmp/hadoop-xialb/dfs/name/current/edits_0000000000000000011-0000000000000000012, fileSize: 42. Sent total: 42 bytes. Size of last segment intended to send: -1 bytes.
2021-03-06 19:01:19,947 INFO org.apache.hadoop.hdfs.server.common.Util: Combined time for file download and fsync to all disks took 0.00s. The file download took 0.00s at 0.00 KB/s. Synchronous (fsync) write to disk of /tmp/hadoop-xialb/dfs/name/current/fsimage.ckpt_0000000000000000012 took 0.00s.
2021-03-06 19:01:19,948 INFO org.apache.hadoop.hdfs.server.namenode.TransferFsImage: Downloaded file fsimage.ckpt_0000000000000000012 size 400 bytes.
2021-03-06 19:01:19,949 INFO org.apache.hadoop.hdfs.server.namenode.NNStorageRetentionManager: Going to retain 2 images with txid >= 10
2021-03-06 19:01:19,949 INFO org.apache.hadoop.hdfs.server.namenode.NNStorageRetentionManager: Purging old image FSImageFile(file=/tmp/hadoop-xialb/dfs/name/current/fsimage_0000000000000000008, cpktTxId=0000000000000000008)
2021-03-06 19:40:40,503 INFO BlockStateChange: BLOCK* processReport 0xdbc302fa005f8ee: from storage DS-a46fdaf7-52db-4c9a-80c3-8ea8cc69fbc0 node DatanodeRegistration(127.0.0.1:9866, datanodeUuid=c52cfeeb-2a92-4eaf-88d5-f77cef032d44, infoPort=9864, infoSecurePort=0, ipcPort=9867, storageInfo=lv=-57;cid=CID-8258497d-f43f-449d-b0f3-70fa981ede1d;nsid=1041693097;c=1615038969577), blocks: 0, hasStaleStorage: false, processing time: 2 msecs, invalidatedBlocks: 0
2021-03-06 20:01:20,287 INFO org.apache.hadoop.hdfs.server.namenode.FSNamesystem: Roll Edit Log from 127.0.0.1
2021-03-06 20:01:20,287 INFO org.apache.hadoop.hdfs.server.namenode.FSEditLog: Rolling edit logs
2021-03-06 20:01:20,287 INFO org.apache.hadoop.hdfs.server.namenode.FSEditLog: Ending log segment 13, 13
2021-03-06 20:01:20,288 INFO org.apache.hadoop.hdfs.server.namenode.FSEditLog: Number of transactions: 2 Total time for transactions(ms): 0 Number of transactions batched in Syncs: 0 Number of syncs: 2 SyncTimes(ms): 15 
2021-03-06 20:01:20,289 INFO org.apache.hadoop.hdfs.server.namenode.FSEditLog: Number of transactions: 2 Total time for transactions(ms): 0 Number of transactions batched in Syncs: 0 Number of syncs: 3 SyncTimes(ms): 16 
2021-03-06 20:01:20,289 INFO org.apache.hadoop.hdfs.server.namenode.FileJournalManager: Finalizing edits file /tmp/hadoop-xialb/dfs/name/current/edits_inprogress_0000000000000000013 -> /tmp/hadoop-xialb/dfs/name/current/edits_0000000000000000013-0000000000000000014
2021-03-06 20:01:20,289 INFO org.apache.hadoop.hdfs.server.namenode.FSEditLog: Starting log segment at 15
2021-03-06 20:01:20,303 INFO org.apache.hadoop.hdfs.server.namenode.TransferFsImage: Sending fileName: /tmp/hadoop-xialb/dfs/name/current/edits_0000000000000000013-0000000000000000014, fileSize: 42. Sent total: 42 bytes. Size of last segment intended to send: -1 bytes.
2021-03-06 20:01:20,318 INFO org.apache.hadoop.hdfs.server.common.Util: Combined time for file download and fsync to all disks took 0.00s. The file download took 0.00s at 0.00 KB/s. Synchronous (fsync) write to disk of /tmp/hadoop-xialb/dfs/name/current/fsimage.ckpt_0000000000000000014 took 0.00s.
2021-03-06 20:01:20,318 INFO org.apache.hadoop.hdfs.server.namenode.TransferFsImage: Downloaded file fsimage.ckpt_0000000000000000014 size 400 bytes.
2021-03-06 20:01:20,319 INFO org.apache.hadoop.hdfs.server.namenode.NNStorageRetentionManager: Going to retain 2 images with txid >= 12
2021-03-06 20:01:20,319 INFO org.apache.hadoop.hdfs.server.namenode.NNStorageRetentionManager: Purging old image FSImageFile(file=/tmp/hadoop-xialb/dfs/name/current/fsimage_0000000000000000010, cpktTxId=0000000000000000010)
2021-03-06 21:01:20,623 INFO org.apache.hadoop.hdfs.server.namenode.FSNamesystem: Roll Edit Log from 127.0.0.1
2021-03-06 21:01:20,623 INFO org.apache.hadoop.hdfs.server.namenode.FSEditLog: Rolling edit logs
2021-03-06 21:01:20,624 INFO org.apache.hadoop.hdfs.server.namenode.FSEditLog: Ending log segment 15, 15
2021-03-06 21:01:20,624 INFO org.apache.hadoop.hdfs.server.namenode.FSEditLog: Number of transactions: 2 Total time for transactions(ms): 1 Number of transactions batched in Syncs: 0 Number of syncs: 2 SyncTimes(ms): 9 
2021-03-06 21:01:20,636 INFO org.apache.hadoop.hdfs.server.namenode.FSEditLog: Number of transactions: 2 Total time for transactions(ms): 1 Number of transactions batched in Syncs: 0 Number of syncs: 3 SyncTimes(ms): 20 
2021-03-06 21:01:20,637 INFO org.apache.hadoop.hdfs.server.namenode.FileJournalManager: Finalizing edits file /tmp/hadoop-xialb/dfs/name/current/edits_inprogress_0000000000000000015 -> /tmp/hadoop-xialb/dfs/name/current/edits_0000000000000000015-0000000000000000016
2021-03-06 21:01:20,638 INFO org.apache.hadoop.hdfs.server.namenode.FSEditLog: Starting log segment at 17
2021-03-06 21:01:20,686 INFO org.apache.hadoop.hdfs.server.namenode.TransferFsImage: Sending fileName: /tmp/hadoop-xialb/dfs/name/current/edits_0000000000000000015-0000000000000000016, fileSize: 42. Sent total: 42 bytes. Size of last segment intended to send: -1 bytes.
2021-03-06 21:01:20,702 INFO org.apache.hadoop.hdfs.server.common.Util: Combined time for file download and fsync to all disks took 0.00s. The file download took 0.00s at 0.00 KB/s. Synchronous (fsync) write to disk of /tmp/hadoop-xialb/dfs/name/current/fsimage.ckpt_0000000000000000016 took 0.00s.
2021-03-06 21:01:20,702 INFO org.apache.hadoop.hdfs.server.namenode.TransferFsImage: Downloaded file fsimage.ckpt_0000000000000000016 size 400 bytes.
2021-03-06 21:01:20,704 INFO org.apache.hadoop.hdfs.server.namenode.NNStorageRetentionManager: Going to retain 2 images with txid >= 14
2021-03-06 21:01:20,704 INFO org.apache.hadoop.hdfs.server.namenode.NNStorageRetentionManager: Purging old image FSImageFile(file=/tmp/hadoop-xialb/dfs/name/current/fsimage_0000000000000000012, cpktTxId=0000000000000000012)
2021-03-06 22:01:20,994 INFO org.apache.hadoop.hdfs.server.namenode.FSNamesystem: Roll Edit Log from 127.0.0.1
2021-03-06 22:01:20,994 INFO org.apache.hadoop.hdfs.server.namenode.FSEditLog: Rolling edit logs
2021-03-06 22:01:20,995 INFO org.apache.hadoop.hdfs.server.namenode.FSEditLog: Ending log segment 17, 17
2021-03-06 22:01:20,995 INFO org.apache.hadoop.hdfs.server.namenode.FSEditLog: Number of transactions: 2 Total time for transactions(ms): 1 Number of transactions batched in Syncs: 0 Number of syncs: 2 SyncTimes(ms): 40 
2021-03-06 22:01:21,041 INFO org.apache.hadoop.hdfs.server.namenode.FSEditLog: Number of transactions: 2 Total time for transactions(ms): 1 Number of transactions batched in Syncs: 0 Number of syncs: 3 SyncTimes(ms): 85 
2021-03-06 22:01:21,042 INFO org.apache.hadoop.hdfs.server.namenode.FileJournalManager: Finalizing edits file /tmp/hadoop-xialb/dfs/name/current/edits_inprogress_0000000000000000017 -> /tmp/hadoop-xialb/dfs/name/current/edits_0000000000000000017-0000000000000000018
2021-03-06 22:01:21,043 INFO org.apache.hadoop.hdfs.server.namenode.FSEditLog: Starting log segment at 19
2021-03-06 22:01:21,062 INFO org.apache.hadoop.hdfs.server.namenode.TransferFsImage: Sending fileName: /tmp/hadoop-xialb/dfs/name/current/edits_0000000000000000017-0000000000000000018, fileSize: 42. Sent total: 42 bytes. Size of last segment intended to send: -1 bytes.
2021-03-06 22:01:21,078 INFO org.apache.hadoop.hdfs.server.common.Util: Combined time for file download and fsync to all disks took 0.00s. The file download took 0.00s at 0.00 KB/s. Synchronous (fsync) write to disk of /tmp/hadoop-xialb/dfs/name/current/fsimage.ckpt_0000000000000000018 took 0.00s.
2021-03-06 22:01:21,078 INFO org.apache.hadoop.hdfs.server.namenode.TransferFsImage: Downloaded file fsimage.ckpt_0000000000000000018 size 400 bytes.
2021-03-06 22:01:21,079 INFO org.apache.hadoop.hdfs.server.namenode.NNStorageRetentionManager: Going to retain 2 images with txid >= 16
2021-03-06 22:01:21,079 INFO org.apache.hadoop.hdfs.server.namenode.NNStorageRetentionManager: Purging old image FSImageFile(file=/tmp/hadoop-xialb/dfs/name/current/fsimage_0000000000000000014, cpktTxId=0000000000000000014)
2021-03-06 23:01:21,406 INFO org.apache.hadoop.hdfs.server.namenode.FSNamesystem: Roll Edit Log from 127.0.0.1
2021-03-06 23:01:21,406 INFO org.apache.hadoop.hdfs.server.namenode.FSEditLog: Rolling edit logs
2021-03-06 23:01:21,406 INFO org.apache.hadoop.hdfs.server.namenode.FSEditLog: Ending log segment 19, 19
2021-03-06 23:01:21,407 INFO org.apache.hadoop.hdfs.server.namenode.FSEditLog: Number of transactions: 2 Total time for transactions(ms): 0 Number of transactions batched in Syncs: 0 Number of syncs: 2 SyncTimes(ms): 15 
2021-03-06 23:01:21,452 INFO org.apache.hadoop.hdfs.server.namenode.FSEditLog: Number of transactions: 2 Total time for transactions(ms): 0 Number of transactions batched in Syncs: 0 Number of syncs: 3 SyncTimes(ms): 61 
2021-03-06 23:01:21,453 INFO org.apache.hadoop.hdfs.server.namenode.FileJournalManager: Finalizing edits file /tmp/hadoop-xialb/dfs/name/current/edits_inprogress_0000000000000000019 -> /tmp/hadoop-xialb/dfs/name/current/edits_0000000000000000019-0000000000000000020
2021-03-06 23:01:21,454 INFO org.apache.hadoop.hdfs.server.namenode.FSEditLog: Starting log segment at 21
2021-03-06 23:01:21,488 INFO org.apache.hadoop.hdfs.server.namenode.TransferFsImage: Sending fileName: /tmp/hadoop-xialb/dfs/name/current/edits_0000000000000000019-0000000000000000020, fileSize: 42. Sent total: 42 bytes. Size of last segment intended to send: -1 bytes.
2021-03-06 23:01:21,506 INFO org.apache.hadoop.hdfs.server.common.Util: Combined time for file download and fsync to all disks took 0.00s. The file download took 0.00s at 0.00 KB/s. Synchronous (fsync) write to disk of /tmp/hadoop-xialb/dfs/name/current/fsimage.ckpt_0000000000000000020 took 0.00s.
2021-03-06 23:01:21,506 INFO org.apache.hadoop.hdfs.server.namenode.TransferFsImage: Downloaded file fsimage.ckpt_0000000000000000020 size 400 bytes.
2021-03-06 23:01:21,508 INFO org.apache.hadoop.hdfs.server.namenode.NNStorageRetentionManager: Going to retain 2 images with txid >= 18
2021-03-06 23:01:21,508 INFO org.apache.hadoop.hdfs.server.namenode.NNStorageRetentionManager: Purging old image FSImageFile(file=/tmp/hadoop-xialb/dfs/name/current/fsimage_0000000000000000016, cpktTxId=0000000000000000016)
2021-03-07 00:01:21,811 INFO org.apache.hadoop.hdfs.server.namenode.FSNamesystem: Roll Edit Log from 127.0.0.1
2021-03-07 00:01:21,812 INFO org.apache.hadoop.hdfs.server.namenode.FSEditLog: Rolling edit logs
2021-03-07 00:01:21,812 INFO org.apache.hadoop.hdfs.server.namenode.FSEditLog: Ending log segment 21, 21
2021-03-07 00:01:21,813 INFO org.apache.hadoop.hdfs.server.namenode.FSEditLog: Number of transactions: 2 Total time for transactions(ms): 1 Number of transactions batched in Syncs: 0 Number of syncs: 2 SyncTimes(ms): 24 
2021-03-07 00:01:21,858 INFO org.apache.hadoop.hdfs.server.namenode.FSEditLog: Number of transactions: 2 Total time for transactions(ms): 1 Number of transactions batched in Syncs: 0 Number of syncs: 3 SyncTimes(ms): 69 
2021-03-07 00:01:21,860 INFO org.apache.hadoop.hdfs.server.namenode.FileJournalManager: Finalizing edits file /tmp/hadoop-xialb/dfs/name/current/edits_inprogress_0000000000000000021 -> /tmp/hadoop-xialb/dfs/name/current/edits_0000000000000000021-0000000000000000022
2021-03-07 00:01:21,860 INFO org.apache.hadoop.hdfs.server.namenode.FSEditLog: Starting log segment at 23
2021-03-07 00:01:21,888 INFO org.apache.hadoop.hdfs.server.namenode.TransferFsImage: Sending fileName: /tmp/hadoop-xialb/dfs/name/current/edits_0000000000000000021-0000000000000000022, fileSize: 42. Sent total: 42 bytes. Size of last segment intended to send: -1 bytes.
2021-03-07 00:01:21,903 INFO org.apache.hadoop.hdfs.server.common.Util: Combined time for file download and fsync to all disks took 0.00s. The file download took 0.00s at 0.00 KB/s. Synchronous (fsync) write to disk of /tmp/hadoop-xialb/dfs/name/current/fsimage.ckpt_0000000000000000022 took 0.00s.
2021-03-07 00:01:21,903 INFO org.apache.hadoop.hdfs.server.namenode.TransferFsImage: Downloaded file fsimage.ckpt_0000000000000000022 size 400 bytes.
2021-03-07 00:01:21,905 INFO org.apache.hadoop.hdfs.server.namenode.NNStorageRetentionManager: Going to retain 2 images with txid >= 20
2021-03-07 00:01:21,905 INFO org.apache.hadoop.hdfs.server.namenode.NNStorageRetentionManager: Purging old image FSImageFile(file=/tmp/hadoop-xialb/dfs/name/current/fsimage_0000000000000000018, cpktTxId=0000000000000000018)
2021-03-07 01:01:22,219 INFO org.apache.hadoop.hdfs.server.namenode.FSNamesystem: Roll Edit Log from 127.0.0.1
2021-03-07 01:01:22,220 INFO org.apache.hadoop.hdfs.server.namenode.FSEditLog: Rolling edit logs
2021-03-07 01:01:22,220 INFO org.apache.hadoop.hdfs.server.namenode.FSEditLog: Ending log segment 23, 23
2021-03-07 01:01:22,220 INFO org.apache.hadoop.hdfs.server.namenode.FSEditLog: Number of transactions: 2 Total time for transactions(ms): 1 Number of transactions batched in Syncs: 0 Number of syncs: 2 SyncTimes(ms): 23 
2021-03-07 01:01:22,232 INFO org.apache.hadoop.hdfs.server.namenode.FSEditLog: Number of transactions: 2 Total time for transactions(ms): 1 Number of transactions batched in Syncs: 0 Number of syncs: 3 SyncTimes(ms): 34 
2021-03-07 01:01:22,234 INFO org.apache.hadoop.hdfs.server.namenode.FileJournalManager: Finalizing edits file /tmp/hadoop-xialb/dfs/name/current/edits_inprogress_0000000000000000023 -> /tmp/hadoop-xialb/dfs/name/current/edits_0000000000000000023-0000000000000000024
2021-03-07 01:01:22,234 INFO org.apache.hadoop.hdfs.server.namenode.FSEditLog: Starting log segment at 25
2021-03-07 01:01:22,253 INFO org.apache.hadoop.hdfs.server.namenode.TransferFsImage: Sending fileName: /tmp/hadoop-xialb/dfs/name/current/edits_0000000000000000023-0000000000000000024, fileSize: 42. Sent total: 42 bytes. Size of last segment intended to send: -1 bytes.
2021-03-07 01:01:22,269 INFO org.apache.hadoop.hdfs.server.common.Util: Combined time for file download and fsync to all disks took 0.00s. The file download took 0.00s at 0.00 KB/s. Synchronous (fsync) write to disk of /tmp/hadoop-xialb/dfs/name/current/fsimage.ckpt_0000000000000000024 took 0.00s.
2021-03-07 01:01:22,269 INFO org.apache.hadoop.hdfs.server.namenode.TransferFsImage: Downloaded file fsimage.ckpt_0000000000000000024 size 400 bytes.
2021-03-07 01:01:22,270 INFO org.apache.hadoop.hdfs.server.namenode.NNStorageRetentionManager: Going to retain 2 images with txid >= 22
2021-03-07 01:01:22,270 INFO org.apache.hadoop.hdfs.server.namenode.NNStorageRetentionManager: Purging old image FSImageFile(file=/tmp/hadoop-xialb/dfs/name/current/fsimage_0000000000000000020, cpktTxId=0000000000000000020)
2021-03-07 01:40:42,011 INFO BlockStateChange: BLOCK* processReport 0xdbc302fa005f8ef: from storage DS-a46fdaf7-52db-4c9a-80c3-8ea8cc69fbc0 node DatanodeRegistration(127.0.0.1:9866, datanodeUuid=c52cfeeb-2a92-4eaf-88d5-f77cef032d44, infoPort=9864, infoSecurePort=0, ipcPort=9867, storageInfo=lv=-57;cid=CID-8258497d-f43f-449d-b0f3-70fa981ede1d;nsid=1041693097;c=1615038969577), blocks: 0, hasStaleStorage: false, processing time: 0 msecs, invalidatedBlocks: 0
2021-03-07 02:01:22,590 INFO org.apache.hadoop.hdfs.server.namenode.FSNamesystem: Roll Edit Log from 127.0.0.1
2021-03-07 02:01:22,590 INFO org.apache.hadoop.hdfs.server.namenode.FSEditLog: Rolling edit logs
2021-03-07 02:01:22,590 INFO org.apache.hadoop.hdfs.server.namenode.FSEditLog: Ending log segment 25, 25
2021-03-07 02:01:22,591 INFO org.apache.hadoop.hdfs.server.namenode.FSEditLog: Number of transactions: 2 Total time for transactions(ms): 0 Number of transactions batched in Syncs: 0 Number of syncs: 2 SyncTimes(ms): 15 
2021-03-07 02:01:22,592 INFO org.apache.hadoop.hdfs.server.namenode.FSEditLog: Number of transactions: 2 Total time for transactions(ms): 0 Number of transactions batched in Syncs: 0 Number of syncs: 3 SyncTimes(ms): 16 
2021-03-07 02:01:22,594 INFO org.apache.hadoop.hdfs.server.namenode.FileJournalManager: Finalizing edits file /tmp/hadoop-xialb/dfs/name/current/edits_inprogress_0000000000000000025 -> /tmp/hadoop-xialb/dfs/name/current/edits_0000000000000000025-0000000000000000026
2021-03-07 02:01:22,594 INFO org.apache.hadoop.hdfs.server.namenode.FSEditLog: Starting log segment at 27
2021-03-07 02:01:22,636 INFO org.apache.hadoop.hdfs.server.namenode.TransferFsImage: Sending fileName: /tmp/hadoop-xialb/dfs/name/current/edits_0000000000000000025-0000000000000000026, fileSize: 42. Sent total: 42 bytes. Size of last segment intended to send: -1 bytes.
2021-03-07 02:01:22,655 INFO org.apache.hadoop.hdfs.server.common.Util: Combined time for file download and fsync to all disks took 0.00s. The file download took 0.00s at 0.00 KB/s. Synchronous (fsync) write to disk of /tmp/hadoop-xialb/dfs/name/current/fsimage.ckpt_0000000000000000026 took 0.00s.
2021-03-07 02:01:22,655 INFO org.apache.hadoop.hdfs.server.namenode.TransferFsImage: Downloaded file fsimage.ckpt_0000000000000000026 size 400 bytes.
2021-03-07 02:01:22,656 INFO org.apache.hadoop.hdfs.server.namenode.NNStorageRetentionManager: Going to retain 2 images with txid >= 24
2021-03-07 02:01:22,656 INFO org.apache.hadoop.hdfs.server.namenode.NNStorageRetentionManager: Purging old image FSImageFile(file=/tmp/hadoop-xialb/dfs/name/current/fsimage_0000000000000000022, cpktTxId=0000000000000000022)
2021-03-07 03:01:22,868 INFO org.apache.hadoop.hdfs.server.namenode.FSNamesystem: Roll Edit Log from 127.0.0.1
2021-03-07 03:01:22,869 INFO org.apache.hadoop.hdfs.server.namenode.FSEditLog: Rolling edit logs
2021-03-07 03:01:22,869 INFO org.apache.hadoop.hdfs.server.namenode.FSEditLog: Ending log segment 27, 27
2021-03-07 03:01:22,869 INFO org.apache.hadoop.hdfs.server.namenode.FSEditLog: Number of transactions: 2 Total time for transactions(ms): 1 Number of transactions batched in Syncs: 0 Number of syncs: 2 SyncTimes(ms): 27 
2021-03-07 03:01:22,871 INFO org.apache.hadoop.hdfs.server.namenode.FSEditLog: Number of transactions: 2 Total time for transactions(ms): 1 Number of transactions batched in Syncs: 0 Number of syncs: 3 SyncTimes(ms): 28 
2021-03-07 03:01:22,871 INFO org.apache.hadoop.hdfs.server.namenode.FileJournalManager: Finalizing edits file /tmp/hadoop-xialb/dfs/name/current/edits_inprogress_0000000000000000027 -> /tmp/hadoop-xialb/dfs/name/current/edits_0000000000000000027-0000000000000000028
2021-03-07 03:01:22,872 INFO org.apache.hadoop.hdfs.server.namenode.FSEditLog: Starting log segment at 29
2021-03-07 03:01:22,908 INFO org.apache.hadoop.hdfs.server.namenode.TransferFsImage: Sending fileName: /tmp/hadoop-xialb/dfs/name/current/edits_0000000000000000027-0000000000000000028, fileSize: 42. Sent total: 42 bytes. Size of last segment intended to send: -1 bytes.
2021-03-07 03:01:22,946 INFO org.apache.hadoop.hdfs.server.common.Util: Combined time for file download and fsync to all disks took 0.00s. The file download took 0.00s at 0.00 KB/s. Synchronous (fsync) write to disk of /tmp/hadoop-xialb/dfs/name/current/fsimage.ckpt_0000000000000000028 took 0.00s.
2021-03-07 03:01:22,946 INFO org.apache.hadoop.hdfs.server.namenode.TransferFsImage: Downloaded file fsimage.ckpt_0000000000000000028 size 400 bytes.
2021-03-07 03:01:22,948 INFO org.apache.hadoop.hdfs.server.namenode.NNStorageRetentionManager: Going to retain 2 images with txid >= 26
2021-03-07 03:01:22,948 INFO org.apache.hadoop.hdfs.server.namenode.NNStorageRetentionManager: Purging old image FSImageFile(file=/tmp/hadoop-xialb/dfs/name/current/fsimage_0000000000000000024, cpktTxId=0000000000000000024)
2021-03-07 04:01:23,095 INFO org.apache.hadoop.hdfs.server.namenode.FSNamesystem: Roll Edit Log from 127.0.0.1
2021-03-07 04:01:23,096 INFO org.apache.hadoop.hdfs.server.namenode.FSEditLog: Rolling edit logs
2021-03-07 04:01:23,096 INFO org.apache.hadoop.hdfs.server.namenode.FSEditLog: Ending log segment 29, 29
2021-03-07 04:01:23,096 INFO org.apache.hadoop.hdfs.server.namenode.FSEditLog: Number of transactions: 2 Total time for transactions(ms): 0 Number of transactions batched in Syncs: 0 Number of syncs: 2 SyncTimes(ms): 26 
2021-03-07 04:01:23,097 INFO org.apache.hadoop.hdfs.server.namenode.FSEditLog: Number of transactions: 2 Total time for transactions(ms): 0 Number of transactions batched in Syncs: 0 Number of syncs: 3 SyncTimes(ms): 27 
2021-03-07 04:01:23,097 INFO org.apache.hadoop.hdfs.server.namenode.FileJournalManager: Finalizing edits file /tmp/hadoop-xialb/dfs/name/current/edits_inprogress_0000000000000000029 -> /tmp/hadoop-xialb/dfs/name/current/edits_0000000000000000029-0000000000000000030
2021-03-07 04:01:23,097 INFO org.apache.hadoop.hdfs.server.namenode.FSEditLog: Starting log segment at 31
2021-03-07 04:01:23,130 INFO org.apache.hadoop.hdfs.server.namenode.TransferFsImage: Sending fileName: /tmp/hadoop-xialb/dfs/name/current/edits_0000000000000000029-0000000000000000030, fileSize: 42. Sent total: 42 bytes. Size of last segment intended to send: -1 bytes.
2021-03-07 04:01:23,153 INFO org.apache.hadoop.hdfs.server.common.Util: Combined time for file download and fsync to all disks took 0.00s. The file download took 0.00s at 0.00 KB/s. Synchronous (fsync) write to disk of /tmp/hadoop-xialb/dfs/name/current/fsimage.ckpt_0000000000000000030 took 0.00s.
2021-03-07 04:01:23,153 INFO org.apache.hadoop.hdfs.server.namenode.TransferFsImage: Downloaded file fsimage.ckpt_0000000000000000030 size 400 bytes.
2021-03-07 04:01:23,154 INFO org.apache.hadoop.hdfs.server.namenode.NNStorageRetentionManager: Going to retain 2 images with txid >= 28
2021-03-07 04:01:23,154 INFO org.apache.hadoop.hdfs.server.namenode.NNStorageRetentionManager: Purging old image FSImageFile(file=/tmp/hadoop-xialb/dfs/name/current/fsimage_0000000000000000026, cpktTxId=0000000000000000026)
2021-03-07 05:01:23,492 INFO org.apache.hadoop.hdfs.server.namenode.FSNamesystem: Roll Edit Log from 127.0.0.1
2021-03-07 05:01:23,492 INFO org.apache.hadoop.hdfs.server.namenode.FSEditLog: Rolling edit logs
2021-03-07 05:01:23,492 INFO org.apache.hadoop.hdfs.server.namenode.FSEditLog: Ending log segment 31, 31
2021-03-07 05:01:23,493 INFO org.apache.hadoop.hdfs.server.namenode.FSEditLog: Number of transactions: 2 Total time for transactions(ms): 0 Number of transactions batched in Syncs: 0 Number of syncs: 2 SyncTimes(ms): 19 
2021-03-07 05:01:23,493 INFO org.apache.hadoop.hdfs.server.namenode.FSEditLog: Number of transactions: 2 Total time for transactions(ms): 0 Number of transactions batched in Syncs: 0 Number of syncs: 3 SyncTimes(ms): 20 
2021-03-07 05:01:23,494 INFO org.apache.hadoop.hdfs.server.namenode.FileJournalManager: Finalizing edits file /tmp/hadoop-xialb/dfs/name/current/edits_inprogress_0000000000000000031 -> /tmp/hadoop-xialb/dfs/name/current/edits_0000000000000000031-0000000000000000032
2021-03-07 05:01:23,494 INFO org.apache.hadoop.hdfs.server.namenode.FSEditLog: Starting log segment at 33
2021-03-07 05:01:23,518 INFO org.apache.hadoop.hdfs.server.namenode.TransferFsImage: Sending fileName: /tmp/hadoop-xialb/dfs/name/current/edits_0000000000000000031-0000000000000000032, fileSize: 42. Sent total: 42 bytes. Size of last segment intended to send: -1 bytes.
2021-03-07 05:01:23,534 INFO org.apache.hadoop.hdfs.server.common.Util: Combined time for file download and fsync to all disks took 0.00s. The file download took 0.00s at 0.00 KB/s. Synchronous (fsync) write to disk of /tmp/hadoop-xialb/dfs/name/current/fsimage.ckpt_0000000000000000032 took 0.00s.
2021-03-07 05:01:23,534 INFO org.apache.hadoop.hdfs.server.namenode.TransferFsImage: Downloaded file fsimage.ckpt_0000000000000000032 size 400 bytes.
2021-03-07 05:01:23,535 INFO org.apache.hadoop.hdfs.server.namenode.NNStorageRetentionManager: Going to retain 2 images with txid >= 30
2021-03-07 05:01:23,535 INFO org.apache.hadoop.hdfs.server.namenode.NNStorageRetentionManager: Purging old image FSImageFile(file=/tmp/hadoop-xialb/dfs/name/current/fsimage_0000000000000000028, cpktTxId=0000000000000000028)
2021-03-07 06:01:23,855 INFO org.apache.hadoop.hdfs.server.namenode.FSNamesystem: Roll Edit Log from 127.0.0.1
2021-03-07 06:01:23,855 INFO org.apache.hadoop.hdfs.server.namenode.FSEditLog: Rolling edit logs
2021-03-07 06:01:23,855 INFO org.apache.hadoop.hdfs.server.namenode.FSEditLog: Ending log segment 33, 33
2021-03-07 06:01:23,856 INFO org.apache.hadoop.hdfs.server.namenode.FSEditLog: Number of transactions: 2 Total time for transactions(ms): 1 Number of transactions batched in Syncs: 0 Number of syncs: 2 SyncTimes(ms): 19 
2021-03-07 06:01:23,868 INFO org.apache.hadoop.hdfs.server.namenode.FSEditLog: Number of transactions: 2 Total time for transactions(ms): 1 Number of transactions batched in Syncs: 0 Number of syncs: 3 SyncTimes(ms): 30 
2021-03-07 06:01:23,870 INFO org.apache.hadoop.hdfs.server.namenode.FileJournalManager: Finalizing edits file /tmp/hadoop-xialb/dfs/name/current/edits_inprogress_0000000000000000033 -> /tmp/hadoop-xialb/dfs/name/current/edits_0000000000000000033-0000000000000000034
2021-03-07 06:01:23,870 INFO org.apache.hadoop.hdfs.server.namenode.FSEditLog: Starting log segment at 35
2021-03-07 06:01:23,906 INFO org.apache.hadoop.hdfs.server.namenode.TransferFsImage: Sending fileName: /tmp/hadoop-xialb/dfs/name/current/edits_0000000000000000033-0000000000000000034, fileSize: 42. Sent total: 42 bytes. Size of last segment intended to send: -1 bytes.
2021-03-07 06:01:23,923 INFO org.apache.hadoop.hdfs.server.common.Util: Combined time for file download and fsync to all disks took 0.00s. The file download took 0.00s at 0.00 KB/s. Synchronous (fsync) write to disk of /tmp/hadoop-xialb/dfs/name/current/fsimage.ckpt_0000000000000000034 took 0.00s.
2021-03-07 06:01:23,923 INFO org.apache.hadoop.hdfs.server.namenode.TransferFsImage: Downloaded file fsimage.ckpt_0000000000000000034 size 400 bytes.
2021-03-07 06:01:23,924 INFO org.apache.hadoop.hdfs.server.namenode.NNStorageRetentionManager: Going to retain 2 images with txid >= 32
2021-03-07 06:01:23,924 INFO org.apache.hadoop.hdfs.server.namenode.NNStorageRetentionManager: Purging old image FSImageFile(file=/tmp/hadoop-xialb/dfs/name/current/fsimage_0000000000000000030, cpktTxId=0000000000000000030)
2021-03-07 07:01:24,221 INFO org.apache.hadoop.hdfs.server.namenode.FSNamesystem: Roll Edit Log from 127.0.0.1
2021-03-07 07:01:24,221 INFO org.apache.hadoop.hdfs.server.namenode.FSEditLog: Rolling edit logs
2021-03-07 07:01:24,221 INFO org.apache.hadoop.hdfs.server.namenode.FSEditLog: Ending log segment 35, 35
2021-03-07 07:01:24,222 INFO org.apache.hadoop.hdfs.server.namenode.FSEditLog: Number of transactions: 2 Total time for transactions(ms): 0 Number of transactions batched in Syncs: 0 Number of syncs: 2 SyncTimes(ms): 25 
2021-03-07 07:01:24,268 INFO org.apache.hadoop.hdfs.server.namenode.FSEditLog: Number of transactions: 2 Total time for transactions(ms): 0 Number of transactions batched in Syncs: 0 Number of syncs: 3 SyncTimes(ms): 70 
2021-03-07 07:01:24,269 INFO org.apache.hadoop.hdfs.server.namenode.FileJournalManager: Finalizing edits file /tmp/hadoop-xialb/dfs/name/current/edits_inprogress_0000000000000000035 -> /tmp/hadoop-xialb/dfs/name/current/edits_0000000000000000035-0000000000000000036
2021-03-07 07:01:24,270 INFO org.apache.hadoop.hdfs.server.namenode.FSEditLog: Starting log segment at 37
2021-03-07 07:01:24,293 INFO org.apache.hadoop.hdfs.server.namenode.TransferFsImage: Sending fileName: /tmp/hadoop-xialb/dfs/name/current/edits_0000000000000000035-0000000000000000036, fileSize: 42. Sent total: 42 bytes. Size of last segment intended to send: -1 bytes.
2021-03-07 07:01:24,310 INFO org.apache.hadoop.hdfs.server.common.Util: Combined time for file download and fsync to all disks took 0.00s. The file download took 0.00s at 0.00 KB/s. Synchronous (fsync) write to disk of /tmp/hadoop-xialb/dfs/name/current/fsimage.ckpt_0000000000000000036 took 0.00s.
2021-03-07 07:01:24,310 INFO org.apache.hadoop.hdfs.server.namenode.TransferFsImage: Downloaded file fsimage.ckpt_0000000000000000036 size 400 bytes.
2021-03-07 07:01:24,311 INFO org.apache.hadoop.hdfs.server.namenode.NNStorageRetentionManager: Going to retain 2 images with txid >= 34
2021-03-07 07:01:24,311 INFO org.apache.hadoop.hdfs.server.namenode.NNStorageRetentionManager: Purging old image FSImageFile(file=/tmp/hadoop-xialb/dfs/name/current/fsimage_0000000000000000032, cpktTxId=0000000000000000032)
2021-03-07 07:40:43,242 INFO BlockStateChange: BLOCK* processReport 0xdbc302fa005f8f0: from storage DS-a46fdaf7-52db-4c9a-80c3-8ea8cc69fbc0 node DatanodeRegistration(127.0.0.1:9866, datanodeUuid=c52cfeeb-2a92-4eaf-88d5-f77cef032d44, infoPort=9864, infoSecurePort=0, ipcPort=9867, storageInfo=lv=-57;cid=CID-8258497d-f43f-449d-b0f3-70fa981ede1d;nsid=1041693097;c=1615038969577), blocks: 0, hasStaleStorage: false, processing time: 0 msecs, invalidatedBlocks: 0
2021-03-07 08:01:24,575 INFO org.apache.hadoop.hdfs.server.namenode.FSNamesystem: Roll Edit Log from 127.0.0.1
2021-03-07 08:01:24,575 INFO org.apache.hadoop.hdfs.server.namenode.FSEditLog: Rolling edit logs
2021-03-07 08:01:24,575 INFO org.apache.hadoop.hdfs.server.namenode.FSEditLog: Ending log segment 37, 37
2021-03-07 08:01:24,576 INFO org.apache.hadoop.hdfs.server.namenode.FSEditLog: Number of transactions: 2 Total time for transactions(ms): 1 Number of transactions batched in Syncs: 0 Number of syncs: 2 SyncTimes(ms): 14 
2021-03-07 08:01:24,621 INFO org.apache.hadoop.hdfs.server.namenode.FSEditLog: Number of transactions: 2 Total time for transactions(ms): 1 Number of transactions batched in Syncs: 0 Number of syncs: 3 SyncTimes(ms): 58 
2021-03-07 08:01:24,623 INFO org.apache.hadoop.hdfs.server.namenode.FileJournalManager: Finalizing edits file /tmp/hadoop-xialb/dfs/name/current/edits_inprogress_0000000000000000037 -> /tmp/hadoop-xialb/dfs/name/current/edits_0000000000000000037-0000000000000000038
2021-03-07 08:01:24,623 INFO org.apache.hadoop.hdfs.server.namenode.FSEditLog: Starting log segment at 39
2021-03-07 08:01:24,649 INFO org.apache.hadoop.hdfs.server.namenode.TransferFsImage: Sending fileName: /tmp/hadoop-xialb/dfs/name/current/edits_0000000000000000037-0000000000000000038, fileSize: 42. Sent total: 42 bytes. Size of last segment intended to send: -1 bytes.
2021-03-07 08:01:24,665 INFO org.apache.hadoop.hdfs.server.common.Util: Combined time for file download and fsync to all disks took 0.00s. The file download took 0.00s at 0.00 KB/s. Synchronous (fsync) write to disk of /tmp/hadoop-xialb/dfs/name/current/fsimage.ckpt_0000000000000000038 took 0.00s.
2021-03-07 08:01:24,666 INFO org.apache.hadoop.hdfs.server.namenode.TransferFsImage: Downloaded file fsimage.ckpt_0000000000000000038 size 400 bytes.
2021-03-07 08:01:24,667 INFO org.apache.hadoop.hdfs.server.namenode.NNStorageRetentionManager: Going to retain 2 images with txid >= 36
2021-03-07 08:01:24,667 INFO org.apache.hadoop.hdfs.server.namenode.NNStorageRetentionManager: Purging old image FSImageFile(file=/tmp/hadoop-xialb/dfs/name/current/fsimage_0000000000000000034, cpktTxId=0000000000000000034)
2021-03-07 09:01:25,027 INFO org.apache.hadoop.hdfs.server.namenode.FSNamesystem: Roll Edit Log from 127.0.0.1
2021-03-07 09:01:25,027 INFO org.apache.hadoop.hdfs.server.namenode.FSEditLog: Rolling edit logs
2021-03-07 09:01:25,028 INFO org.apache.hadoop.hdfs.server.namenode.FSEditLog: Ending log segment 39, 39
2021-03-07 09:01:25,028 INFO org.apache.hadoop.hdfs.server.namenode.FSEditLog: Number of transactions: 2 Total time for transactions(ms): 1 Number of transactions batched in Syncs: 0 Number of syncs: 2 SyncTimes(ms): 17 
2021-03-07 09:01:25,073 INFO org.apache.hadoop.hdfs.server.namenode.FSEditLog: Number of transactions: 2 Total time for transactions(ms): 1 Number of transactions batched in Syncs: 0 Number of syncs: 3 SyncTimes(ms): 62 
2021-03-07 09:01:25,075 INFO org.apache.hadoop.hdfs.server.namenode.FileJournalManager: Finalizing edits file /tmp/hadoop-xialb/dfs/name/current/edits_inprogress_0000000000000000039 -> /tmp/hadoop-xialb/dfs/name/current/edits_0000000000000000039-0000000000000000040
2021-03-07 09:01:25,075 INFO org.apache.hadoop.hdfs.server.namenode.FSEditLog: Starting log segment at 41
2021-03-07 09:01:25,098 INFO org.apache.hadoop.hdfs.server.namenode.TransferFsImage: Sending fileName: /tmp/hadoop-xialb/dfs/name/current/edits_0000000000000000039-0000000000000000040, fileSize: 42. Sent total: 42 bytes. Size of last segment intended to send: -1 bytes.
2021-03-07 09:01:25,123 INFO org.apache.hadoop.hdfs.server.common.Util: Combined time for file download and fsync to all disks took 0.00s. The file download took 0.00s at 0.00 KB/s. Synchronous (fsync) write to disk of /tmp/hadoop-xialb/dfs/name/current/fsimage.ckpt_0000000000000000040 took 0.00s.
2021-03-07 09:01:25,123 INFO org.apache.hadoop.hdfs.server.namenode.TransferFsImage: Downloaded file fsimage.ckpt_0000000000000000040 size 400 bytes.
2021-03-07 09:01:25,125 INFO org.apache.hadoop.hdfs.server.namenode.NNStorageRetentionManager: Going to retain 2 images with txid >= 38
2021-03-07 09:01:25,125 INFO org.apache.hadoop.hdfs.server.namenode.NNStorageRetentionManager: Purging old image FSImageFile(file=/tmp/hadoop-xialb/dfs/name/current/fsimage_0000000000000000036, cpktTxId=0000000000000000036)
2021-03-07 10:01:25,427 INFO org.apache.hadoop.hdfs.server.namenode.FSNamesystem: Roll Edit Log from 127.0.0.1
2021-03-07 10:01:25,427 INFO org.apache.hadoop.hdfs.server.namenode.FSEditLog: Rolling edit logs
2021-03-07 10:01:25,427 INFO org.apache.hadoop.hdfs.server.namenode.FSEditLog: Ending log segment 41, 41
2021-03-07 10:01:25,428 INFO org.apache.hadoop.hdfs.server.namenode.FSEditLog: Number of transactions: 2 Total time for transactions(ms): 0 Number of transactions batched in Syncs: 0 Number of syncs: 2 SyncTimes(ms): 18 
2021-03-07 10:01:25,473 INFO org.apache.hadoop.hdfs.server.namenode.FSEditLog: Number of transactions: 2 Total time for transactions(ms): 0 Number of transactions batched in Syncs: 0 Number of syncs: 3 SyncTimes(ms): 63 
2021-03-07 10:01:25,475 INFO org.apache.hadoop.hdfs.server.namenode.FileJournalManager: Finalizing edits file /tmp/hadoop-xialb/dfs/name/current/edits_inprogress_0000000000000000041 -> /tmp/hadoop-xialb/dfs/name/current/edits_0000000000000000041-0000000000000000042
2021-03-07 10:01:25,476 INFO org.apache.hadoop.hdfs.server.namenode.FSEditLog: Starting log segment at 43
2021-03-07 10:01:25,495 INFO org.apache.hadoop.hdfs.server.namenode.TransferFsImage: Sending fileName: /tmp/hadoop-xialb/dfs/name/current/edits_0000000000000000041-0000000000000000042, fileSize: 42. Sent total: 42 bytes. Size of last segment intended to send: -1 bytes.
2021-03-07 10:01:25,511 INFO org.apache.hadoop.hdfs.server.common.Util: Combined time for file download and fsync to all disks took 0.00s. The file download took 0.00s at 0.00 KB/s. Synchronous (fsync) write to disk of /tmp/hadoop-xialb/dfs/name/current/fsimage.ckpt_0000000000000000042 took 0.00s.
2021-03-07 10:01:25,511 INFO org.apache.hadoop.hdfs.server.namenode.TransferFsImage: Downloaded file fsimage.ckpt_0000000000000000042 size 400 bytes.
2021-03-07 10:01:25,513 INFO org.apache.hadoop.hdfs.server.namenode.NNStorageRetentionManager: Going to retain 2 images with txid >= 40
2021-03-07 10:01:25,513 INFO org.apache.hadoop.hdfs.server.namenode.NNStorageRetentionManager: Purging old image FSImageFile(file=/tmp/hadoop-xialb/dfs/name/current/fsimage_0000000000000000038, cpktTxId=0000000000000000038)
2021-03-07 11:01:25,776 INFO org.apache.hadoop.hdfs.server.namenode.FSNamesystem: Roll Edit Log from 127.0.0.1
2021-03-07 11:01:25,777 INFO org.apache.hadoop.hdfs.server.namenode.FSEditLog: Rolling edit logs
2021-03-07 11:01:25,777 INFO org.apache.hadoop.hdfs.server.namenode.FSEditLog: Ending log segment 43, 43
2021-03-07 11:01:25,777 INFO org.apache.hadoop.hdfs.server.namenode.FSEditLog: Number of transactions: 2 Total time for transactions(ms): 1 Number of transactions batched in Syncs: 0 Number of syncs: 2 SyncTimes(ms): 9 
2021-03-07 11:01:25,789 INFO org.apache.hadoop.hdfs.server.namenode.FSEditLog: Number of transactions: 2 Total time for transactions(ms): 1 Number of transactions batched in Syncs: 0 Number of syncs: 3 SyncTimes(ms): 21 
2021-03-07 11:01:25,789 INFO org.apache.hadoop.hdfs.server.namenode.FileJournalManager: Finalizing edits file /tmp/hadoop-xialb/dfs/name/current/edits_inprogress_0000000000000000043 -> /tmp/hadoop-xialb/dfs/name/current/edits_0000000000000000043-0000000000000000044
2021-03-07 11:01:25,790 INFO org.apache.hadoop.hdfs.server.namenode.FSEditLog: Starting log segment at 45
2021-03-07 11:01:25,826 INFO org.apache.hadoop.hdfs.server.namenode.TransferFsImage: Sending fileName: /tmp/hadoop-xialb/dfs/name/current/edits_0000000000000000043-0000000000000000044, fileSize: 42. Sent total: 42 bytes. Size of last segment intended to send: -1 bytes.
2021-03-07 11:01:25,843 INFO org.apache.hadoop.hdfs.server.common.Util: Combined time for file download and fsync to all disks took 0.00s. The file download took 0.00s at 0.00 KB/s. Synchronous (fsync) write to disk of /tmp/hadoop-xialb/dfs/name/current/fsimage.ckpt_0000000000000000044 took 0.00s.
2021-03-07 11:01:25,843 INFO org.apache.hadoop.hdfs.server.namenode.TransferFsImage: Downloaded file fsimage.ckpt_0000000000000000044 size 400 bytes.
2021-03-07 11:01:25,844 INFO org.apache.hadoop.hdfs.server.namenode.NNStorageRetentionManager: Going to retain 2 images with txid >= 42
2021-03-07 11:01:25,844 INFO org.apache.hadoop.hdfs.server.namenode.NNStorageRetentionManager: Purging old image FSImageFile(file=/tmp/hadoop-xialb/dfs/name/current/fsimage_0000000000000000040, cpktTxId=0000000000000000040)
